[2025-02-20T23:45:48.755532+00:00] Views.INFO: Log de informações iniciado. [] []
[2025-02-20T23:45:48.769893+00:00] Views.INFO: Caminho das Views: C:\public_html\lottery\core/../resources/Views [] []
[2025-02-20T23:45:48.770015+00:00] Views.INFO: Caminho do Cache: C:\public_html\lottery\core/../storage/cache/views [] []
[2025-02-20T23:47:13.905438+00:00] Views.INFO: Log de informações iniciado. [] []
[2025-02-20T23:47:13.908727+00:00] Views.INFO: Caminho das Views: C:\public_html\lottery\core/../resources/views [] []
[2025-02-20T23:47:13.908815+00:00] Views.INFO: Caminho do Cache: C:\public_html\lottery\core/../storage/cache/views [] []
[2025-02-20T23:47:34.304468+00:00] Views.INFO: Log de informações iniciado. [] []
[2025-02-20T23:47:34.309098+00:00] Views.INFO: Caminho das Views: C:\public_html\lottery\core/../resources/views [] []
[2025-02-20T23:47:34.309184+00:00] Views.INFO: Caminho do Cache: C:\public_html\lottery\core/../storage/cache/views [] []
[2025-02-20T23:47:45.424798+00:00] Views.INFO: Log de informações iniciado. [] []
[2025-02-20T23:47:45.453266+00:00] Views.INFO: Caminho das Views: C:\public_html\lottery\core/../resources/views [] []
[2025-02-20T23:47:45.453460+00:00] Views.INFO: Caminho do Cache: C:\public_html\lottery\core/../storage/cache/views [] []
[2025-02-20T23:48:51.224272+00:00] Views.INFO: Log de informações iniciado. [] []
[2025-02-20T23:48:51.227294+00:00] Views.INFO: Caminho das Views: C:\public_html\lottery\core/../resources/views [] []
[2025-02-20T23:48:51.227366+00:00] Views.INFO: Caminho do Cache: C:\public_html\lottery\core/../storage/cache/views [] []
[2025-02-20T23:52:49.177990+00:00] Views.INFO: Log de informações iniciado. [] []
[2025-02-20T23:52:49.181989+00:00] Views.INFO: Caminho das Views: C:\public_html\lottery\core\View/../resources/views [] []
[2025-02-20T23:52:49.182062+00:00] Views.INFO: Caminho do Cache: C:\public_html\lottery\core\View/../storage/cache/views [] []
[2025-02-20T23:52:49.182166+00:00] Views.WARNING: ERRO: O diretório de views não existe! [] []
[2025-02-20T23:52:49.182264+00:00] Views.WARNING: ERRO: O diretório de cache não existe! [] []
