[2025-02-21T00:17:34.209778+00:00] Views.INFO: Log de informações iniciado. [] []
[2025-02-21T00:18:57.087376+00:00] Views.INFO: Log de informações iniciado. [] []
[2025-02-21T00:19:09.534484+00:00] Views.INFO: Log de informações iniciado. [] []
[2025-02-21T00:19:35.839988+00:00] Views.INFO: Log de informações iniciado. [] []
[2025-02-21T00:20:19.848889+00:00] Views.INFO: Log de informações iniciado. [] []
[2025-02-21T00:22:40.363245+00:00] Views.INFO: Log de informações iniciado. [] []
[2025-02-21T00:26:35.479565+00:00] Views.INFO: Log de informações iniciado. [] []
[2025-02-21T00:26:51.585959+00:00] Views.INFO: Log de informações iniciado. [] []
[2025-02-21T00:27:16.904364+00:00] Views.INFO: Log de informações iniciado. [] []
[2025-02-21T00:27:25.434731+00:00] Views.INFO: Log de informações iniciado. [] []
[2025-02-21T01:54:05.554795+00:00] Views.INFO: Log de informações iniciado. [] []
[2025-02-21T02:00:07.391619+00:00] Views.INFO: Log de informações iniciado. [] []
[2025-02-21T02:00:54.632338+00:00] Views.INFO: Log de informações iniciado. [] []
[2025-02-21T03:19:53.367605+00:00] Views.INFO: Log de informações iniciado. [] []
[2025-02-21T03:24:14.806531+00:00] Views.INFO: Log de informações iniciado. [] []
[2025-02-21T14:48:15.776888+00:00] Views.INFO: Log de informações iniciado. [] []
[2025-02-21T14:50:09.218413+00:00] Views.INFO: Log de informações iniciado. [] []
[2025-02-21T14:53:54.152429+00:00] Views.INFO: Log de informações iniciado. [] []
[2025-02-21T15:45:01.657924+00:00] app.INFO: Log de informações iniciado. [] []
[2025-02-21T15:45:01.668190+00:00] app.INFO: Error: Cannot call constructor in C:\public_html\lottery\core\Application.php:13 Stack trace: #0 C:\public_html\lottery\app\Bootstrap\app.php(17): Core\Application->__construct() #1 C:\public_html\lottery\public\index.php(15): require_once('C:\\public_html\\...') #2 {main} [] []
[2025-02-21T15:56:20.366604+00:00] app.INFO: Log de informações iniciado. [] []
[2025-02-21T15:56:20.379037+00:00] app.INFO: Error: Cannot call constructor in C:\public_html\lottery\core\Application.php:13 Stack trace: #0 C:\public_html\lottery\app\Bootstrap\app.php(17): Core\Application->__construct() #1 C:\public_html\lottery\public\index.php(15): require_once('C:\\public_html\\...') #2 {main} [] []
[2025-02-21T15:56:21.250833+00:00] app.INFO: Log de informações iniciado. [] []
[2025-02-21T15:56:21.264439+00:00] app.INFO: Error: Cannot call constructor in C:\public_html\lottery\core\Application.php:13 Stack trace: #0 C:\public_html\lottery\app\Bootstrap\app.php(17): Core\Application->__construct() #1 C:\public_html\lottery\public\index.php(15): require_once('C:\\public_html\\...') #2 {main} [] []
[2025-02-21T16:34:38.685270+00:00] app.INFO: Log de informações iniciado. [] []
[2025-02-21T16:34:39.024451+00:00] app.INFO: Error: Cannot call constructor in C:\public_html\lottery\core\Application.php:14 Stack trace: #0 C:\public_html\lottery\core\Application.php(23): Core\Application->__construct() #1 C:\public_html\lottery\app\Bootstrap\app.php(18): Core\Application::getInstance() #2 C:\public_html\lottery\public\index.php(15): require_once('C:\\public_html\\...') #3 {main} [] []
[2025-02-21T16:36:33.847262+00:00] app.INFO: Log de informações iniciado. [] []
[2025-02-21T16:36:40.020768+00:00] Views.INFO: Log de informações iniciado. [] []
[2025-02-21T16:36:40.024040+00:00] app.INFO: Error: Call to a member function getEngineResolver() on null in C:\public_html\lottery\core\View\View.php:43 Stack trace: #0 C:\public_html\lottery\core\View\View.php(28): Core\View\View->getCompiler() #1 C:\public_html\lottery\core\View\View.php(20): Core\View\View->defineCustomDirectives() #2 C:\public_html\lottery\core\Kernel.php(56): Core\View\View->__construct('C:\\public_html\\...', 'C:\\public_html\\...') #3 C:\public_html\lottery\app\Bootstrap\app.php(20): Core\Kernel->bootstrap() #4 C:\public_html\lottery\public\index.php(15): require_once('C:\\public_html\\...') #5 {main} [] []
[2025-02-21T20:02:07.449910+00:00] app.INFO: Log de informações iniciado. [] []
[2025-02-21T20:02:07.813610+00:00] Views.INFO: Log de informações iniciado. [] []
[2025-02-21T20:02:07.817040+00:00] app.INFO: Error: Call to a member function getEngineResolver() on null in C:\public_html\lottery\core\View\View.php:44 Stack trace: #0 C:\public_html\lottery\core\View\View.php(29): Core\View\View->getCompiler() #1 C:\public_html\lottery\core\View\View.php(21): Core\View\View->defineCustomDirectives() #2 C:\public_html\lottery\core\Kernel.php(56): Core\View\View->__construct('C:\\public_html\\...', 'C:\\public_html\\...') #3 C:\public_html\lottery\app\Bootstrap\app.php(20): Core\Kernel->bootstrap() #4 C:\public_html\lottery\public\index.php(15): require_once('C:\\public_html\\...') #5 {main} [] []
[2025-02-21T20:56:19.821656+00:00] app.INFO: Log de informações iniciado. [] []
[2025-02-21T20:56:19.978271+00:00] Views.INFO: Log de informações iniciado. [] []
[2025-02-21T20:57:20.293418+00:00] app.INFO: Log de informações iniciado. [] []
[2025-02-21T20:57:20.359598+00:00] Views.INFO: Log de informações iniciado. [] []
[2025-02-21T20:57:41.716214+00:00] app.INFO: Log de informações iniciado. [] []
[2025-02-21T20:57:41.774345+00:00] Views.INFO: Log de informações iniciado. [] []
