[2025-02-22T13:58:56.125797+00:00] app.INFO: Log de informações iniciado. [] []
[2025-02-22T13:58:56.135352+00:00] Toolbar.INFO: Log de informações iniciado. [] []
[2025-02-22T13:58:56.145337+00:00] Views.INFO: Log de informações iniciado. [] []
[2025-02-22T13:58:56.540723+00:00] app.INFO: Log de informações iniciado. [] []
[2025-02-22T13:58:56.559335+00:00] Toolbar.INFO: Log de informações iniciado. [] []
[2025-02-22T13:58:56.575731+00:00] Views.INFO: Log de informações iniciado. [] []
[2025-02-22T14:00:56.513152+00:00] app.INFO: Log de informações iniciado. [] []
[2025-02-22T14:00:56.519749+00:00] Toolbar.INFO: Log de informações iniciado. [] []
[2025-02-22T14:00:56.536247+00:00] Views.INFO: Log de informações iniciado. [] []
[2025-02-22T14:00:56.698580+00:00] app.INFO: Log de informações iniciado. [] []
[2025-02-22T14:00:56.709613+00:00] Toolbar.INFO: Log de informações iniciado. [] []
[2025-02-22T14:00:56.723954+00:00] Views.INFO: Log de informações iniciado. [] []
[2025-02-22T14:02:17.497900+00:00] app.INFO: Log de informações iniciado. [] []
[2025-02-22T14:02:17.603064+00:00] Toolbar.INFO: Log de informações iniciado. [] []
[2025-02-22T14:02:17.643303+00:00] Views.INFO: Log de informações iniciado. [] []
[2025-02-22T14:02:17.751664+00:00] app.INFO: Log de informações iniciado. [] []
[2025-02-22T14:02:17.760049+00:00] Toolbar.INFO: Log de informações iniciado. [] []
[2025-02-22T14:02:17.968641+00:00] Views.INFO: Log de informações iniciado. [] []
[2025-02-22T14:02:31.660251+00:00] app.INFO: Log de informações iniciado. [] []
[2025-02-22T14:02:31.664956+00:00] Toolbar.INFO: Log de informações iniciado. [] []
[2025-02-22T14:02:31.697993+00:00] Views.INFO: Log de informações iniciado. [] []
[2025-02-22T14:02:31.934362+00:00] app.INFO: Log de informações iniciado. [] []
[2025-02-22T14:02:31.948409+00:00] Toolbar.INFO: Log de informações iniciado. [] []
[2025-02-22T14:02:32.052521+00:00] Views.INFO: Log de informações iniciado. [] []
[2025-02-22T14:02:32.809114+00:00] app.INFO: Log de informações iniciado. [] []
[2025-02-22T14:02:32.814094+00:00] Toolbar.INFO: Log de informações iniciado. [] []
[2025-02-22T14:02:32.862284+00:00] Views.INFO: Log de informações iniciado. [] []
[2025-02-22T14:02:32.986033+00:00] app.INFO: Log de informações iniciado. [] []
[2025-02-22T14:02:33.014398+00:00] Toolbar.INFO: Log de informações iniciado. [] []
[2025-02-22T14:02:33.062664+00:00] Views.INFO: Log de informações iniciado. [] []
[2025-02-22T14:09:30.608295+00:00] app.INFO: Log de informações iniciado. [] []
[2025-02-22T14:09:30.627678+00:00] Toolbar.INFO: Log de informações iniciado. [] []
[2025-02-22T14:09:30.706650+00:00] Views.INFO: Log de informações iniciado. [] []
[2025-02-22T14:09:30.865020+00:00] app.INFO: Log de informações iniciado. [] []
[2025-02-22T14:09:30.871120+00:00] Toolbar.INFO: Log de informações iniciado. [] []
[2025-02-22T14:09:31.175387+00:00] Views.INFO: Log de informações iniciado. [] []
[2025-02-22T14:12:27.396065+00:00] app.INFO: Log de informações iniciado. [] []
[2025-02-22T14:12:27.437320+00:00] Toolbar.INFO: Log de informações iniciado. [] []
[2025-02-22T14:12:27.654406+00:00] Views.INFO: Log de informações iniciado. [] []
[2025-02-22T14:12:31.670974+00:00] app.INFO: Log de informações iniciado. [] []
[2025-02-22T14:12:31.707082+00:00] Toolbar.INFO: Log de informações iniciado. [] []
[2025-02-22T14:12:31.971543+00:00] Views.INFO: Log de informações iniciado. [] []
[2025-02-22T14:12:52.775958+00:00] app.INFO: Log de informações iniciado. [] []
[2025-02-22T14:12:52.783174+00:00] Toolbar.INFO: Log de informações iniciado. [] []
[2025-02-22T14:12:52.865595+00:00] Views.INFO: Log de informações iniciado. [] []
[2025-02-22T14:12:53.156876+00:00] app.INFO: Log de informações iniciado. [] []
[2025-02-22T14:12:53.204641+00:00] Toolbar.INFO: Log de informações iniciado. [] []
[2025-02-22T14:12:53.350164+00:00] Views.INFO: Log de informações iniciado. [] []
[2025-02-22T14:13:35.412918+00:00] app.INFO: Log de informações iniciado. [] []
[2025-02-22T14:13:35.419580+00:00] Toolbar.INFO: Log de informações iniciado. [] []
[2025-02-22T14:13:35.463660+00:00] Views.INFO: Log de informações iniciado. [] []
[2025-02-22T14:14:49.567926+00:00] app.INFO: Log de informações iniciado. [] []
[2025-02-22T14:14:49.677024+00:00] Toolbar.INFO: Log de informações iniciado. [] []
[2025-02-22T14:14:49.784132+00:00] Views.INFO: Log de informações iniciado. [] []
[2025-02-22T14:15:10.495032+00:00] app.INFO: Log de informações iniciado. [] []
[2025-02-22T14:15:10.515576+00:00] Toolbar.INFO: Log de informações iniciado. [] []
[2025-02-22T14:15:10.550396+00:00] Views.INFO: Log de informações iniciado. [] []
[2025-02-22T14:15:12.159033+00:00] app.INFO: Log de informações iniciado. [] []
[2025-02-22T14:15:12.243910+00:00] Toolbar.INFO: Log de informações iniciado. [] []
[2025-02-22T14:15:12.271495+00:00] Views.INFO: Log de informações iniciado. [] []
[2025-02-22T14:15:20.287300+00:00] app.INFO: Log de informações iniciado. [] []
[2025-02-22T14:15:20.305888+00:00] Toolbar.INFO: Log de informações iniciado. [] []
[2025-02-22T14:15:20.330975+00:00] Views.INFO: Log de informações iniciado. [] []
[2025-02-22T14:15:20.921541+00:00] app.INFO: Log de informações iniciado. [] []
[2025-02-22T14:15:21.060306+00:00] Toolbar.INFO: Log de informações iniciado. [] []
[2025-02-22T14:15:21.131919+00:00] Views.INFO: Log de informações iniciado. [] []
[2025-02-22T14:15:44.628895+00:00] app.INFO: Log de informações iniciado. [] []
[2025-02-22T14:15:44.803926+00:00] Toolbar.INFO: Log de informações iniciado. [] []
[2025-02-22T14:15:44.839609+00:00] Views.INFO: Log de informações iniciado. [] []
[2025-02-22T14:15:45.236492+00:00] app.INFO: Log de informações iniciado. [] []
[2025-02-22T14:15:45.262337+00:00] Toolbar.INFO: Log de informações iniciado. [] []
[2025-02-22T14:15:45.364943+00:00] Views.INFO: Log de informações iniciado. [] []
[2025-02-22T14:27:16.148996+00:00] app.INFO: Log de informações iniciado. [] []
[2025-02-22T14:27:16.387089+00:00] Toolbar.INFO: Log de informações iniciado. [] []
[2025-02-22T14:27:16.432810+00:00] Views.INFO: Log de informações iniciado. [] []
[2025-02-22T14:27:16.665173+00:00] app.INFO: Log de informações iniciado. [] []
[2025-02-22T14:27:16.688748+00:00] Toolbar.INFO: Log de informações iniciado. [] []
[2025-02-22T14:27:16.875462+00:00] Views.INFO: Log de informações iniciado. [] []
[2025-02-22T14:27:38.595033+00:00] app.INFO: Log de informações iniciado. [] []
[2025-02-22T14:27:38.712368+00:00] Toolbar.INFO: Log de informações iniciado. [] []
[2025-02-22T14:27:38.745515+00:00] Views.INFO: Log de informações iniciado. [] []
[2025-02-22T14:27:39.068892+00:00] app.INFO: Log de informações iniciado. [] []
[2025-02-22T14:27:39.096261+00:00] Toolbar.INFO: Log de informações iniciado. [] []
[2025-02-22T14:27:39.208398+00:00] Views.INFO: Log de informações iniciado. [] []
[2025-02-22T14:28:06.095369+00:00] app.INFO: Log de informações iniciado. [] []
[2025-02-22T14:28:06.327743+00:00] Toolbar.INFO: Log de informações iniciado. [] []
[2025-02-22T14:28:06.329291+00:00] app.INFO: ReflectionException: Class "name" does not exist in C:\public_html\lottery\vendor\illuminate\container\Container.php:959 Stack trace: #0 C:\public_html\lottery\vendor\illuminate\container\Container.php(959): ReflectionClass->__construct('name') #1 C:\public_html\lottery\vendor\illuminate\container\Container.php(832): Illuminate\Container\Container->build('name') #2 C:\public_html\lottery\core\Application.php(42): Illuminate\Container\Container->resolve('name', Array, true) #3 C:\public_html\lottery\vendor\illuminate\container\Container.php(763): Core\Application->resolve('name', Array) #4 C:\public_html\lottery\vendor\illuminate\container\Container.php(1580): Illuminate\Container\Container->make('name') #5 C:\public_html\lottery\vendor\illuminate\container\Container.php(1614): Illuminate\Container\Container->offsetGet('name') #6 C:\public_html\lottery\core\Debug\Toolbar.php(79): Illuminate\Container\Container->__get('name') #7 C:\public_html\lottery\core\Kernel.php(39): Core\Debug\Toolbar->render() #8 C:\public_html\lottery\app\Bootstrap\app.php(19): Core\Kernel->__construct(Object(Core\Application)) #9 C:\public_html\lottery\public\index.php(15): require_once('C:\\public_html\\...') #10 {main}  Next Illuminate\Contracts\Container\BindingResolutionException: Target class [name] does not exist. in C:\public_html\lottery\vendor\illuminate\container\Container.php:961 Stack trace: #0 C:\public_html\lottery\vendor\illuminate\container\Container.php(832): Illuminate\Container\Container->build('name') #1 C:\public_html\lottery\core\Application.php(42): Illuminate\Container\Container->resolve('name', Array, true) #2 C:\public_html\lottery\vendor\illuminate\container\Container.php(763): Core\Application->resolve('name', Array) #3 C:\public_html\lottery\vendor\illuminate\container\Container.php(1580): Illuminate\Container\Container->make('name') #4 C:\public_html\lottery\vendor\illuminate\container\Container.php(1614): Illuminate\Container\Container->offsetGet('name') #5 C:\public_html\lottery\core\Debug\Toolbar.php(79): Illuminate\Container\Container->__get('name') #6 C:\public_html\lottery\core\Kernel.php(39): Core\Debug\Toolbar->render() #7 C:\public_html\lottery\app\Bootstrap\app.php(19): Core\Kernel->__construct(Object(Core\Application)) #8 C:\public_html\lottery\public\index.php(15): require_once('C:\\public_html\\...') #9 {main} [] []
[2025-02-22T14:28:21.039216+00:00] app.INFO: Log de informações iniciado. [] []
[2025-02-22T14:28:21.127512+00:00] Toolbar.INFO: Log de informações iniciado. [] []
[2025-02-22T14:28:21.128226+00:00] app.INFO: ReflectionException: Class "name" does not exist in C:\public_html\lottery\vendor\illuminate\container\Container.php:959 Stack trace: #0 C:\public_html\lottery\vendor\illuminate\container\Container.php(959): ReflectionClass->__construct('name') #1 C:\public_html\lottery\vendor\illuminate\container\Container.php(832): Illuminate\Container\Container->build('name') #2 C:\public_html\lottery\core\Application.php(42): Illuminate\Container\Container->resolve('name', Array, true) #3 C:\public_html\lottery\vendor\illuminate\container\Container.php(763): Core\Application->resolve('name', Array) #4 C:\public_html\lottery\vendor\illuminate\container\Container.php(1580): Illuminate\Container\Container->make('name') #5 C:\public_html\lottery\vendor\illuminate\container\Container.php(1614): Illuminate\Container\Container->offsetGet('name') #6 C:\public_html\lottery\core\Debug\Toolbar.php(79): Illuminate\Container\Container->__get('name') #7 C:\public_html\lottery\core\Kernel.php(39): Core\Debug\Toolbar->render() #8 C:\public_html\lottery\app\Bootstrap\app.php(19): Core\Kernel->__construct(Object(Core\Application)) #9 C:\public_html\lottery\public\index.php(15): require_once('C:\\public_html\\...') #10 {main}  Next Illuminate\Contracts\Container\BindingResolutionException: Target class [name] does not exist. in C:\public_html\lottery\vendor\illuminate\container\Container.php:961 Stack trace: #0 C:\public_html\lottery\vendor\illuminate\container\Container.php(832): Illuminate\Container\Container->build('name') #1 C:\public_html\lottery\core\Application.php(42): Illuminate\Container\Container->resolve('name', Array, true) #2 C:\public_html\lottery\vendor\illuminate\container\Container.php(763): Core\Application->resolve('name', Array) #3 C:\public_html\lottery\vendor\illuminate\container\Container.php(1580): Illuminate\Container\Container->make('name') #4 C:\public_html\lottery\vendor\illuminate\container\Container.php(1614): Illuminate\Container\Container->offsetGet('name') #5 C:\public_html\lottery\core\Debug\Toolbar.php(79): Illuminate\Container\Container->__get('name') #6 C:\public_html\lottery\core\Kernel.php(39): Core\Debug\Toolbar->render() #7 C:\public_html\lottery\app\Bootstrap\app.php(19): Core\Kernel->__construct(Object(Core\Application)) #8 C:\public_html\lottery\public\index.php(15): require_once('C:\\public_html\\...') #9 {main} [] []
[2025-02-22T14:28:45.188784+00:00] app.INFO: Log de informações iniciado. [] []
[2025-02-22T14:28:45.212162+00:00] Toolbar.INFO: Log de informações iniciado. [] []
[2025-02-22T14:28:45.217474+00:00] app.INFO: Error: Cannot access protected property Core\Application::$name in C:\public_html\lottery\core\Debug\Toolbar.php:79 Stack trace: #0 C:\public_html\lottery\core\Kernel.php(39): Core\Debug\Toolbar->render() #1 C:\public_html\lottery\app\Bootstrap\app.php(19): Core\Kernel->__construct(Object(Core\Application)) #2 C:\public_html\lottery\public\index.php(15): require_once('C:\\public_html\\...') #3 {main} [] []
[2025-02-22T14:28:57.228487+00:00] app.INFO: Log de informações iniciado. [] []
[2025-02-22T14:28:57.252725+00:00] Toolbar.INFO: Log de informações iniciado. [] []
[2025-02-22T14:28:57.288537+00:00] Views.INFO: Log de informações iniciado. [] []
[2025-02-22T14:28:57.890318+00:00] app.INFO: Log de informações iniciado. [] []
[2025-02-22T14:28:57.910667+00:00] Toolbar.INFO: Log de informações iniciado. [] []
[2025-02-22T14:28:57.956543+00:00] Views.INFO: Log de informações iniciado. [] []
[2025-02-22T14:29:19.055413+00:00] app.INFO: Log de informações iniciado. [] []
[2025-02-22T14:29:19.166340+00:00] Toolbar.INFO: Log de informações iniciado. [] []
[2025-02-22T14:29:19.166861+00:00] app.INFO: Error: Access to undeclared static property Core\Application::$name in C:\public_html\lottery\core\Debug\Toolbar.php:79 Stack trace: #0 C:\public_html\lottery\core\Kernel.php(39): Core\Debug\Toolbar->render() #1 C:\public_html\lottery\app\Bootstrap\app.php(19): Core\Kernel->__construct(Object(Core\Application)) #2 C:\public_html\lottery\public\index.php(15): require_once('C:\\public_html\\...') #3 {main} [] []
[2025-02-22T14:29:33.475102+00:00] app.INFO: Log de informações iniciado. [] []
[2025-02-22T14:29:33.685937+00:00] Toolbar.INFO: Log de informações iniciado. [] []
[2025-02-22T14:29:33.686424+00:00] app.INFO: Error: Access to undeclared static property Core\Application::$name in C:\public_html\lottery\core\Debug\Toolbar.php:79 Stack trace: #0 C:\public_html\lottery\core\Kernel.php(39): Core\Debug\Toolbar->render() #1 C:\public_html\lottery\app\Bootstrap\app.php(19): Core\Kernel->__construct(Object(Core\Application)) #2 C:\public_html\lottery\public\index.php(15): require_once('C:\\public_html\\...') #3 {main} [] []
[2025-02-22T14:29:35.295264+00:00] app.INFO: Log de informações iniciado. [] []
[2025-02-22T14:29:35.317045+00:00] Toolbar.INFO: Log de informações iniciado. [] []
[2025-02-22T14:29:35.348689+00:00] Views.INFO: Log de informações iniciado. [] []
[2025-02-22T14:29:35.547927+00:00] app.INFO: Log de informações iniciado. [] []
[2025-02-22T14:29:35.587855+00:00] Toolbar.INFO: Log de informações iniciado. [] []
[2025-02-22T14:29:35.817324+00:00] Views.INFO: Log de informações iniciado. [] []
[2025-02-22T14:37:42.263299+00:00] app.INFO: Log de informações iniciado. [] []
[2025-02-22T14:37:42.403258+00:00] Toolbar.INFO: Log de informações iniciado. [] []
[2025-02-22T14:37:42.443218+00:00] Views.INFO: Log de informações iniciado. [] []
[2025-02-22T14:41:56.913472+00:00] app.INFO: Log de informações iniciado. [] []
[2025-02-22T14:41:56.975851+00:00] Toolbar.INFO: Log de informações iniciado. [] []
[2025-02-22T14:41:57.045208+00:00] Views.INFO: Log de informações iniciado. [] []
[2025-02-22T14:42:26.208740+00:00] app.INFO: Log de informações iniciado. [] []
[2025-02-22T14:42:26.233335+00:00] Toolbar.INFO: Log de informações iniciado. [] []
[2025-02-22T14:42:26.264509+00:00] Views.INFO: Log de informações iniciado. [] []
[2025-02-22T14:42:47.278753+00:00] app.INFO: Log de informações iniciado. [] []
[2025-02-22T14:42:47.298816+00:00] Toolbar.INFO: Log de informações iniciado. [] []
[2025-02-22T14:42:47.329639+00:00] Views.INFO: Log de informações iniciado. [] []
[2025-02-22T14:45:24.338465+00:00] app.INFO: Log de informações iniciado. [] []
[2025-02-22T14:45:24.579382+00:00] Toolbar.INFO: Log de informações iniciado. [] []
[2025-02-22T14:45:24.788303+00:00] Views.INFO: Log de informações iniciado. [] []
[2025-02-22T20:27:51.144648+00:00] app.INFO: Log de informações iniciado. [] []
[2025-02-22T20:27:52.242703+00:00] Toolbar.INFO: Log de informações iniciado. [] []
[2025-02-22T20:27:53.145419+00:00] Views.INFO: Log de informações iniciado. [] []
