[2025-02-26T03:18:07.354510+00:00] app.INFO: Log de informações iniciado. [] []
[2025-02-26T03:18:07.440848+00:00] Toolbar.INFO: Log de informações iniciado. [] []
[2025-02-26T03:18:07.540399+00:00] Views.INFO: Log de informações iniciado. [] []
[2025-02-26T03:42:33.858613+00:00] app.INFO: Log de informações iniciado. [] []
[2025-02-26T03:42:34.030116+00:00] Toolbar.INFO: Log de informações iniciado. [] []
[2025-02-26T03:42:34.415675+00:00] Views.INFO: Log de informações iniciado. [] []
[2025-02-26T03:44:02.294834+00:00] app.INFO: Log de informações iniciado. [] []
[2025-02-26T03:44:02.400933+00:00] Toolbar.INFO: Log de informações iniciado. [] []
[2025-02-26T03:44:02.444691+00:00] Views.INFO: Log de informações iniciado. [] []
[2025-02-26T03:44:18.715676+00:00] app.INFO: Log de informações iniciado. [] []
[2025-02-26T03:44:18.753298+00:00] Toolbar.INFO: Log de informações iniciado. [] []
[2025-02-26T03:44:18.947441+00:00] Views.INFO: Log de informações iniciado. [] []
[2025-02-26T03:44:36.966074+00:00] app.INFO: Log de informações iniciado. [] []
[2025-02-26T03:44:37.472712+00:00] Toolbar.INFO: Log de informações iniciado. [] []
[2025-02-26T03:44:37.761389+00:00] Views.INFO: Log de informações iniciado. [] []
[2025-02-26T03:44:45.932774+00:00] app.INFO: Log de informações iniciado. [] []
[2025-02-26T03:44:45.951737+00:00] Toolbar.INFO: Log de informações iniciado. [] []
[2025-02-26T03:44:46.300316+00:00] Views.INFO: Log de informações iniciado. [] []
[2025-02-26T03:45:08.232887+00:00] app.INFO: Log de informações iniciado. [] []
[2025-02-26T03:45:08.282063+00:00] Toolbar.INFO: Log de informações iniciado. [] []
[2025-02-26T03:45:08.916588+00:00] Views.INFO: Log de informações iniciado. [] []
[2025-02-26T03:48:26.964820+00:00] app.INFO: Log de informações iniciado. [] []
[2025-02-26T03:48:27.180200+00:00] Toolbar.INFO: Log de informações iniciado. [] []
[2025-02-26T03:48:27.569894+00:00] Views.INFO: Log de informações iniciado. [] []
[2025-02-26T03:48:48.717585+00:00] app.INFO: Log de informações iniciado. [] []
[2025-02-26T03:48:48.735106+00:00] Toolbar.INFO: Log de informações iniciado. [] []
[2025-02-26T03:48:48.959602+00:00] Views.INFO: Log de informações iniciado. [] []
[2025-02-26T03:49:37.897671+00:00] app.INFO: Log de informações iniciado. [] []
[2025-02-26T03:49:37.927304+00:00] Toolbar.INFO: Log de informações iniciado. [] []
[2025-02-26T03:49:38.015879+00:00] Views.INFO: Log de informações iniciado. [] []
[2025-02-26T03:50:53.044741+00:00] app.INFO: Log de informações iniciado. [] []
[2025-02-26T03:50:53.356324+00:00] Toolbar.INFO: Log de informações iniciado. [] []
[2025-02-26T03:50:53.607083+00:00] Views.INFO: Log de informações iniciado. [] []
[2025-02-26T03:51:29.075902+00:00] app.INFO: Log de informações iniciado. [] []
[2025-02-26T03:51:29.097670+00:00] Toolbar.INFO: Log de informações iniciado. [] []
[2025-02-26T03:51:29.199403+00:00] Views.INFO: Log de informações iniciado. [] []
[2025-02-26T03:53:24.276710+00:00] app.INFO: Log de informações iniciado. [] []
[2025-02-26T03:53:24.304267+00:00] Toolbar.INFO: Log de informações iniciado. [] []
[2025-02-26T03:53:24.340969+00:00] Views.INFO: Log de informações iniciado. [] []
[2025-02-26T03:53:42.117003+00:00] app.INFO: Log de informações iniciado. [] []
[2025-02-26T03:53:42.132581+00:00] Toolbar.INFO: Log de informações iniciado. [] []
[2025-02-26T03:53:42.161446+00:00] Views.INFO: Log de informações iniciado. [] []
[2025-02-26T03:54:15.682528+00:00] app.INFO: Log de informações iniciado. [] []
[2025-02-26T03:54:15.869628+00:00] Toolbar.INFO: Log de informações iniciado. [] []
[2025-02-26T03:54:16.313586+00:00] Views.INFO: Log de informações iniciado. [] []
[2025-02-26T03:54:32.398895+00:00] app.INFO: Log de informações iniciado. [] []
[2025-02-26T03:54:32.418459+00:00] Toolbar.INFO: Log de informações iniciado. [] []
[2025-02-26T03:54:32.599165+00:00] Views.INFO: Log de informações iniciado. [] []
[2025-02-26T03:54:51.868661+00:00] app.INFO: Log de informações iniciado. [] []
[2025-02-26T03:54:51.886994+00:00] Toolbar.INFO: Log de informações iniciado. [] []
[2025-02-26T03:54:51.939315+00:00] Views.INFO: Log de informações iniciado. [] []
[2025-02-26T10:37:35.567619+00:00] app.INFO: Log de informações iniciado. [] []
[2025-02-26T10:37:37.665986+00:00] Toolbar.INFO: Log de informações iniciado. [] []
[2025-02-26T10:37:39.775991+00:00] Views.INFO: Log de informações iniciado. [] []
[2025-02-26T10:39:00.390820+00:00] app.INFO: Log de informações iniciado. [] []
[2025-02-26T10:39:00.410081+00:00] Toolbar.INFO: Log de informações iniciado. [] []
[2025-02-26T10:39:00.443803+00:00] Views.INFO: Log de informações iniciado. [] []
[2025-02-26T10:40:25.677410+00:00] app.INFO: Log de informações iniciado. [] []
[2025-02-26T10:40:25.703255+00:00] Toolbar.INFO: Log de informações iniciado. [] []
[2025-02-26T10:40:25.734533+00:00] Views.INFO: Log de informações iniciado. [] []
[2025-02-26T10:40:52.920709+00:00] app.INFO: Log de informações iniciado. [] []
[2025-02-26T10:40:52.941016+00:00] Toolbar.INFO: Log de informações iniciado. [] []
[2025-02-26T10:40:52.973566+00:00] Views.INFO: Log de informações iniciado. [] []
[2025-02-26T10:43:30.671807+00:00] app.INFO: Log de informações iniciado. [] []
[2025-02-26T10:43:30.695912+00:00] Toolbar.INFO: Log de informações iniciado. [] []
[2025-02-26T10:43:30.729969+00:00] Views.INFO: Log de informações iniciado. [] []
[2025-02-26T10:43:30.878735+00:00] Views.INFO: View not found: default.default [] []
[2025-02-26T10:44:08.675132+00:00] app.INFO: Log de informações iniciado. [] []
[2025-02-26T10:44:08.745146+00:00] Toolbar.INFO: Log de informações iniciado. [] []
[2025-02-26T10:44:08.777476+00:00] Views.INFO: Log de informações iniciado. [] []
[2025-02-26T10:47:54.682322+00:00] app.INFO: Log de informações iniciado. [] []
[2025-02-26T10:47:54.722095+00:00] Toolbar.INFO: Log de informações iniciado. [] []
[2025-02-26T10:47:54.828193+00:00] Views.INFO: Log de informações iniciado. [] []
[2025-02-26T10:48:03.723081+00:00] app.INFO: Log de informações iniciado. [] []
[2025-02-26T10:48:03.749354+00:00] Toolbar.INFO: Log de informações iniciado. [] []
[2025-02-26T10:48:03.781334+00:00] Views.INFO: Log de informações iniciado. [] []
[2025-02-26T10:48:03.879832+00:00] Views.INFO: View not found: default.default [] []
[2025-02-26T10:48:52.270858+00:00] app.INFO: Log de informações iniciado. [] []
[2025-02-26T10:48:52.360692+00:00] Toolbar.INFO: Log de informações iniciado. [] []
[2025-02-26T10:48:52.377210+00:00] Views.INFO: Log de informações iniciado. [] []
[2025-02-26T10:48:52.444777+00:00] Views.INFO: View not found: default.default [] []
[2025-02-26T10:49:19.483786+00:00] app.INFO: Log de informações iniciado. [] []
[2025-02-26T10:49:19.514281+00:00] Toolbar.INFO: Log de informações iniciado. [] []
[2025-02-26T10:49:19.536405+00:00] Views.INFO: Log de informações iniciado. [] []
[2025-02-26T10:50:05.199685+00:00] app.INFO: Log de informações iniciado. [] []
[2025-02-26T10:50:05.331295+00:00] Toolbar.INFO: Log de informações iniciado. [] []
[2025-02-26T10:50:05.362038+00:00] Views.INFO: Log de informações iniciado. [] []
[2025-02-26T10:51:37.955047+00:00] app.INFO: Log de informações iniciado. [] []
[2025-02-26T10:51:38.061754+00:00] Toolbar.INFO: Log de informações iniciado. [] []
[2025-02-26T10:51:38.084107+00:00] Views.INFO: Log de informações iniciado. [] []
[2025-02-26T10:59:24.794549+00:00] app.INFO: Log de informações iniciado. [] []
[2025-02-26T10:59:24.849773+00:00] Toolbar.INFO: Log de informações iniciado. [] []
[2025-02-26T10:59:24.950326+00:00] Views.INFO: Log de informações iniciado. [] []
[2025-02-26T11:00:19.239336+00:00] app.INFO: Log de informações iniciado. [] []
[2025-02-26T11:00:19.277131+00:00] Toolbar.INFO: Log de informações iniciado. [] []
[2025-02-26T11:00:19.358971+00:00] Views.INFO: Log de informações iniciado. [] []
[2025-02-26T11:00:19.365951+00:00] Views.INFO: View not found: 404 [] []
[2025-02-26T11:00:48.035461+00:00] app.INFO: Log de informações iniciado. [] []
[2025-02-26T11:00:48.070791+00:00] Toolbar.INFO: Log de informações iniciado. [] []
[2025-02-26T11:00:48.184293+00:00] Views.INFO: Log de informações iniciado. [] []
[2025-02-26T11:03:03.471193+00:00] app.INFO: Log de informações iniciado. [] []
[2025-02-26T11:03:03.509811+00:00] Toolbar.INFO: Log de informações iniciado. [] []
[2025-02-26T11:03:03.625630+00:00] Views.INFO: Log de informações iniciado. [] []
[2025-02-26T11:03:06.195062+00:00] app.INFO: Log de informações iniciado. [] []
[2025-02-26T11:03:06.228729+00:00] Toolbar.INFO: Log de informações iniciado. [] []
[2025-02-26T11:03:06.254345+00:00] Views.INFO: Log de informações iniciado. [] []
[2025-02-26T11:03:09.558210+00:00] app.INFO: Log de informações iniciado. [] []
[2025-02-26T11:03:09.586155+00:00] Toolbar.INFO: Log de informações iniciado. [] []
[2025-02-26T11:03:09.606825+00:00] Views.INFO: Log de informações iniciado. [] []
[2025-02-26T11:14:58.778907+00:00] app.INFO: Log de informações iniciado. [] []
[2025-02-26T11:14:58.840941+00:00] Toolbar.INFO: Log de informações iniciado. [] []
[2025-02-26T11:14:58.868873+00:00] Views.INFO: Log de informações iniciado. [] []
[2025-02-26T11:16:07.179641+00:00] app.INFO: Log de informações iniciado. [] []
[2025-02-26T11:16:07.220404+00:00] Toolbar.INFO: Log de informações iniciado. [] []
[2025-02-26T11:16:07.243288+00:00] Views.INFO: Log de informações iniciado. [] []
[2025-02-26T11:16:26.604065+00:00] app.INFO: Log de informações iniciado. [] []
[2025-02-26T11:16:26.627399+00:00] Toolbar.INFO: Log de informações iniciado. [] []
[2025-02-26T11:16:26.649577+00:00] Views.INFO: Log de informações iniciado. [] []
[2025-02-26T11:16:48.423132+00:00] app.INFO: Log de informações iniciado. [] []
[2025-02-26T11:16:48.456689+00:00] Toolbar.INFO: Log de informações iniciado. [] []
[2025-02-26T11:16:48.483294+00:00] Views.INFO: Log de informações iniciado. [] []
[2025-02-26T11:20:52.988247+00:00] app.INFO: Log de informações iniciado. [] []
[2025-02-26T11:20:53.037121+00:00] Toolbar.INFO: Log de informações iniciado. [] []
[2025-02-26T11:20:53.063818+00:00] Views.INFO: Log de informações iniciado. [] []
[2025-02-26T11:24:53.747635+00:00] app.INFO: Log de informações iniciado. [] []
[2025-02-26T11:24:53.784758+00:00] Toolbar.INFO: Log de informações iniciado. [] []
[2025-02-26T11:24:53.810983+00:00] Views.INFO: Log de informações iniciado. [] []
[2025-02-26T11:26:31.541785+00:00] app.INFO: Log de informações iniciado. [] []
[2025-02-26T11:26:31.572944+00:00] Toolbar.INFO: Log de informações iniciado. [] []
[2025-02-26T11:26:31.594041+00:00] Views.INFO: Log de informações iniciado. [] []
[2025-02-26T11:26:51.144580+00:00] app.INFO: Log de informações iniciado. [] []
[2025-02-26T11:26:51.174544+00:00] Toolbar.INFO: Log de informações iniciado. [] []
[2025-02-26T11:26:51.195586+00:00] Views.INFO: Log de informações iniciado. [] []
[2025-02-26T11:27:13.205912+00:00] app.INFO: Log de informações iniciado. [] []
[2025-02-26T11:27:13.240987+00:00] Toolbar.INFO: Log de informações iniciado. [] []
[2025-02-26T11:27:13.264965+00:00] Views.INFO: Log de informações iniciado. [] []
[2025-02-26T11:31:09.031952+00:00] app.INFO: Log de informações iniciado. [] []
[2025-02-26T11:31:09.080333+00:00] Toolbar.INFO: Log de informações iniciado. [] []
[2025-02-26T11:31:09.112159+00:00] Views.INFO: Log de informações iniciado. [] []
[2025-02-26T11:33:45.572010+00:00] app.INFO: Log de informações iniciado. [] []
[2025-02-26T11:33:45.610724+00:00] Toolbar.INFO: Log de informações iniciado. [] []
[2025-02-26T11:33:45.637334+00:00] Views.INFO: Log de informações iniciado. [] []
[2025-02-26T11:36:08.414294+00:00] app.INFO: Log de informações iniciado. [] []
[2025-02-26T11:36:08.465863+00:00] Toolbar.INFO: Log de informações iniciado. [] []
[2025-02-26T11:36:08.496092+00:00] Views.INFO: Log de informações iniciado. [] []
[2025-02-26T11:36:16.621952+00:00] app.INFO: Log de informações iniciado. [] []
[2025-02-26T11:36:16.651767+00:00] Toolbar.INFO: Log de informações iniciado. [] []
[2025-02-26T11:36:16.673031+00:00] Views.INFO: Log de informações iniciado. [] []
[2025-02-26T11:36:17.850667+00:00] app.INFO: Log de informações iniciado. [] []
[2025-02-26T11:36:17.879156+00:00] Toolbar.INFO: Log de informações iniciado. [] []
[2025-02-26T11:36:17.898187+00:00] Views.INFO: Log de informações iniciado. [] []
[2025-02-26T11:36:49.031002+00:00] app.INFO: Log de informações iniciado. [] []
[2025-02-26T11:36:49.082447+00:00] Toolbar.INFO: Log de informações iniciado. [] []
[2025-02-26T11:36:49.111435+00:00] Views.INFO: Log de informações iniciado. [] []
[2025-02-26T11:37:53.947447+00:00] app.INFO: Log de informações iniciado. [] []
[2025-02-26T11:37:53.982256+00:00] Toolbar.INFO: Log de informações iniciado. [] []
[2025-02-26T11:37:54.008153+00:00] Views.INFO: Log de informações iniciado. [] []
[2025-02-26T11:38:10.095180+00:00] app.INFO: Log de informações iniciado. [] []
[2025-02-26T11:38:10.142844+00:00] Toolbar.INFO: Log de informações iniciado. [] []
[2025-02-26T11:38:10.166357+00:00] Views.INFO: Log de informações iniciado. [] []
[2025-02-26T11:39:08.206881+00:00] app.INFO: Log de informações iniciado. [] []
[2025-02-26T11:39:08.234535+00:00] Toolbar.INFO: Log de informações iniciado. [] []
[2025-02-26T11:39:08.255792+00:00] Views.INFO: Log de informações iniciado. [] []
[2025-02-26T11:39:14.796654+00:00] app.INFO: Log de informações iniciado. [] []
[2025-02-26T11:39:14.827836+00:00] Toolbar.INFO: Log de informações iniciado. [] []
[2025-02-26T11:39:14.848346+00:00] Views.INFO: Log de informações iniciado. [] []
[2025-02-26T11:39:30.793417+00:00] app.INFO: Log de informações iniciado. [] []
[2025-02-26T11:39:30.829008+00:00] Toolbar.INFO: Log de informações iniciado. [] []
[2025-02-26T11:39:30.861815+00:00] Views.INFO: Log de informações iniciado. [] []
[2025-02-26T11:39:44.203798+00:00] app.INFO: Log de informações iniciado. [] []
[2025-02-26T11:39:44.230814+00:00] Toolbar.INFO: Log de informações iniciado. [] []
[2025-02-26T11:39:44.255888+00:00] Views.INFO: Log de informações iniciado. [] []
[2025-02-26T11:41:31.609866+00:00] app.INFO: Log de informações iniciado. [] []
[2025-02-26T11:41:31.647686+00:00] Toolbar.INFO: Log de informações iniciado. [] []
[2025-02-26T11:41:31.669509+00:00] Views.INFO: Log de informações iniciado. [] []
[2025-02-26T11:42:00.453978+00:00] app.INFO: Log de informações iniciado. [] []
[2025-02-26T11:42:00.487405+00:00] Toolbar.INFO: Log de informações iniciado. [] []
[2025-02-26T11:42:00.516253+00:00] Views.INFO: Log de informações iniciado. [] []
[2025-02-26T11:42:17.703253+00:00] app.INFO: Log de informações iniciado. [] []
[2025-02-26T11:42:17.730483+00:00] Toolbar.INFO: Log de informações iniciado. [] []
[2025-02-26T11:42:17.752651+00:00] Views.INFO: Log de informações iniciado. [] []
[2025-02-26T11:42:28.066241+00:00] app.INFO: Log de informações iniciado. [] []
[2025-02-26T11:42:28.097440+00:00] Toolbar.INFO: Log de informações iniciado. [] []
[2025-02-26T11:42:28.119087+00:00] Views.INFO: Log de informações iniciado. [] []
[2025-02-26T11:47:30.407612+00:00] app.INFO: Log de informações iniciado. [] []
[2025-02-26T11:47:30.465802+00:00] Toolbar.INFO: Log de informações iniciado. [] []
[2025-02-26T11:47:30.497129+00:00] Views.INFO: Log de informações iniciado. [] []
[2025-02-26T11:47:38.902813+00:00] app.INFO: Log de informações iniciado. [] []
[2025-02-26T11:47:38.931609+00:00] Toolbar.INFO: Log de informações iniciado. [] []
[2025-02-26T11:47:38.951082+00:00] Views.INFO: Log de informações iniciado. [] []
[2025-02-26T11:47:42.431893+00:00] app.INFO: Log de informações iniciado. [] []
[2025-02-26T11:47:42.457979+00:00] Toolbar.INFO: Log de informações iniciado. [] []
[2025-02-26T11:47:42.481835+00:00] Views.INFO: Log de informações iniciado. [] []
[2025-02-26T11:48:26.125790+00:00] app.INFO: Log de informações iniciado. [] []
[2025-02-26T11:48:26.150033+00:00] Toolbar.INFO: Log de informações iniciado. [] []
[2025-02-26T11:48:26.170369+00:00] Views.INFO: Log de informações iniciado. [] []
[2025-02-26T11:51:32.870032+00:00] app.INFO: Log de informações iniciado. [] []
[2025-02-26T11:51:32.902303+00:00] Toolbar.INFO: Log de informações iniciado. [] []
[2025-02-26T11:51:32.923463+00:00] Views.INFO: Log de informações iniciado. [] []
[2025-02-26T12:08:45.804942+00:00] app.INFO: Log de informações iniciado. [] []
[2025-02-26T12:08:45.859219+00:00] Toolbar.INFO: Log de informações iniciado. [] []
[2025-02-26T12:08:45.889677+00:00] Views.INFO: Log de informações iniciado. [] []
[2025-02-26T12:08:56.113402+00:00] app.INFO: Log de informações iniciado. [] []
[2025-02-26T12:08:56.139413+00:00] Toolbar.INFO: Log de informações iniciado. [] []
[2025-02-26T12:08:56.163910+00:00] Views.INFO: Log de informações iniciado. [] []
[2025-02-26T12:10:02.730636+00:00] app.INFO: Log de informações iniciado. [] []
[2025-02-26T12:10:02.759400+00:00] Toolbar.INFO: Log de informações iniciado. [] []
[2025-02-26T12:10:02.779509+00:00] Views.INFO: Log de informações iniciado. [] []
[2025-02-26T12:13:34.040227+00:00] app.INFO: Log de informações iniciado. [] []
[2025-02-26T12:13:34.092594+00:00] Toolbar.INFO: Log de informações iniciado. [] []
[2025-02-26T12:13:34.119632+00:00] Views.INFO: Log de informações iniciado. [] []
[2025-02-26T13:39:24.571329+00:00] app.INFO: Log de informações iniciado. [] []
[2025-02-26T13:39:24.627368+00:00] Toolbar.INFO: Log de informações iniciado. [] []
[2025-02-26T13:39:24.670409+00:00] Views.INFO: Log de informações iniciado. [] []
[2025-02-26T13:41:32.424624+00:00] app.INFO: Log de informações iniciado. [] []
[2025-02-26T13:41:32.459404+00:00] Toolbar.INFO: Log de informações iniciado. [] []
[2025-02-26T13:41:32.482336+00:00] Views.INFO: Log de informações iniciado. [] []
[2025-02-26T13:42:06.749247+00:00] app.INFO: Log de informações iniciado. [] []
[2025-02-26T13:42:06.774404+00:00] Toolbar.INFO: Log de informações iniciado. [] []
[2025-02-26T13:42:06.795654+00:00] Views.INFO: Log de informações iniciado. [] []
[2025-02-26T15:04:55.775800+00:00] app.INFO: Log de informações iniciado. [] []
[2025-02-26T15:04:56.883119+00:00] Toolbar.INFO: Log de informações iniciado. [] []
[2025-02-26T15:04:57.401185+00:00] Views.INFO: Log de informações iniciado. [] []
[2025-02-26T15:10:15.303943+00:00] app.INFO: Log de informações iniciado. [] []
[2025-02-26T15:10:15.366443+00:00] Toolbar.INFO: Log de informações iniciado. [] []
[2025-02-26T15:10:15.402650+00:00] Views.INFO: Log de informações iniciado. [] []
[2025-02-26T15:13:34.677117+00:00] app.INFO: Log de informações iniciado. [] []
[2025-02-26T15:13:34.730090+00:00] Toolbar.INFO: Log de informações iniciado. [] []
[2025-02-26T15:13:34.761128+00:00] Views.INFO: Log de informações iniciado. [] []
[2025-02-26T15:14:48.709900+00:00] app.INFO: Log de informações iniciado. [] []
[2025-02-26T15:14:48.749377+00:00] Toolbar.INFO: Log de informações iniciado. [] []
[2025-02-26T15:14:48.791249+00:00] Views.INFO: Log de informações iniciado. [] []
[2025-02-26T15:16:22.054546+00:00] app.INFO: Log de informações iniciado. [] []
[2025-02-26T15:16:22.100895+00:00] Toolbar.INFO: Log de informações iniciado. [] []
[2025-02-26T15:16:22.126743+00:00] Views.INFO: Log de informações iniciado. [] []
[2025-02-26T15:16:25.383438+00:00] app.INFO: Log de informações iniciado. [] []
[2025-02-26T15:16:25.405726+00:00] Toolbar.INFO: Log de informações iniciado. [] []
[2025-02-26T15:16:25.426060+00:00] Views.INFO: Log de informações iniciado. [] []
[2025-02-26T15:18:06.078192+00:00] app.INFO: Log de informações iniciado. [] []
[2025-02-26T15:18:06.145441+00:00] Toolbar.INFO: Log de informações iniciado. [] []
[2025-02-26T15:18:06.216885+00:00] Views.INFO: Log de informações iniciado. [] []
[2025-02-26T15:19:32.829163+00:00] app.INFO: Log de informações iniciado. [] []
[2025-02-26T15:19:32.899112+00:00] Toolbar.INFO: Log de informações iniciado. [] []
[2025-02-26T15:19:32.933299+00:00] Views.INFO: Log de informações iniciado. [] []
[2025-02-26T15:19:48.641669+00:00] app.INFO: Log de informações iniciado. [] []
[2025-02-26T15:19:48.667737+00:00] Toolbar.INFO: Log de informações iniciado. [] []
[2025-02-26T15:19:48.693600+00:00] Views.INFO: Log de informações iniciado. [] []
[2025-02-26T15:58:06.661646+00:00] app.INFO: Log de informações iniciado. [] []
[2025-02-26T15:58:06.721012+00:00] Toolbar.INFO: Log de informações iniciado. [] []
[2025-02-26T15:58:06.756961+00:00] Views.INFO: Log de informações iniciado. [] []
[2025-02-26T15:58:19.986144+00:00] app.INFO: Log de informações iniciado. [] []
[2025-02-26T15:58:20.019747+00:00] Toolbar.INFO: Log de informações iniciado. [] []
[2025-02-26T15:58:20.043384+00:00] Views.INFO: Log de informações iniciado. [] []
[2025-02-26T16:01:07.180998+00:00] app.INFO: Log de informações iniciado. [] []
[2025-02-26T16:01:07.219849+00:00] Toolbar.INFO: Log de informações iniciado. [] []
[2025-02-26T16:01:07.244769+00:00] Views.INFO: Log de informações iniciado. [] []
[2025-02-26T16:02:10.426890+00:00] app.INFO: Log de informações iniciado. [] []
[2025-02-26T16:02:10.463373+00:00] Toolbar.INFO: Log de informações iniciado. [] []
[2025-02-26T16:02:10.496948+00:00] Views.INFO: Log de informações iniciado. [] []
[2025-02-26T16:02:21.843006+00:00] app.INFO: Log de informações iniciado. [] []
[2025-02-26T16:02:21.876240+00:00] Toolbar.INFO: Log de informações iniciado. [] []
[2025-02-26T16:02:21.898012+00:00] Views.INFO: Log de informações iniciado. [] []
[2025-02-26T16:02:32.942661+00:00] app.INFO: Log de informações iniciado. [] []
[2025-02-26T16:02:32.978219+00:00] Toolbar.INFO: Log de informações iniciado. [] []
[2025-02-26T16:02:32.999462+00:00] Views.INFO: Log de informações iniciado. [] []
[2025-02-26T16:03:41.511757+00:00] app.INFO: Log de informações iniciado. [] []
[2025-02-26T16:03:41.547054+00:00] Toolbar.INFO: Log de informações iniciado. [] []
[2025-02-26T16:03:41.570108+00:00] Views.INFO: Log de informações iniciado. [] []
[2025-02-26T16:13:04.168322+00:00] app.INFO: Log de informações iniciado. [] []
[2025-02-26T16:13:04.287589+00:00] Toolbar.INFO: Log de informações iniciado. [] []
[2025-02-26T16:13:04.316791+00:00] Views.INFO: Log de informações iniciado. [] []
[2025-02-26T16:13:44.996789+00:00] app.INFO: Log de informações iniciado. [] []
[2025-02-26T16:13:45.036346+00:00] Toolbar.INFO: Log de informações iniciado. [] []
[2025-02-26T16:13:45.063460+00:00] Views.INFO: Log de informações iniciado. [] []
[2025-02-26T16:14:08.785150+00:00] app.INFO: Log de informações iniciado. [] []
[2025-02-26T16:14:08.900584+00:00] Toolbar.INFO: Log de informações iniciado. [] []
[2025-02-26T16:14:08.928817+00:00] Views.INFO: Log de informações iniciado. [] []
[2025-02-26T16:14:29.076047+00:00] app.INFO: Log de informações iniciado. [] []
[2025-02-26T16:14:29.192639+00:00] Toolbar.INFO: Log de informações iniciado. [] []
[2025-02-26T16:14:29.214221+00:00] Views.INFO: Log de informações iniciado. [] []
[2025-02-26T16:14:31.622033+00:00] app.INFO: Log de informações iniciado. [] []
[2025-02-26T16:14:31.649911+00:00] Toolbar.INFO: Log de informações iniciado. [] []
[2025-02-26T16:14:31.671317+00:00] Views.INFO: Log de informações iniciado. [] []
[2025-02-26T16:15:05.782458+00:00] app.INFO: Log de informações iniciado. [] []
[2025-02-26T16:15:05.896631+00:00] Toolbar.INFO: Log de informações iniciado. [] []
[2025-02-26T16:15:05.923044+00:00] Views.INFO: Log de informações iniciado. [] []
[2025-02-26T16:15:17.559253+00:00] app.INFO: Log de informações iniciado. [] []
[2025-02-26T16:15:17.679810+00:00] Toolbar.INFO: Log de informações iniciado. [] []
[2025-02-26T16:15:17.707933+00:00] Views.INFO: Log de informações iniciado. [] []
[2025-02-26T16:15:18.529329+00:00] app.INFO: Log de informações iniciado. [] []
[2025-02-26T16:15:18.555571+00:00] Toolbar.INFO: Log de informações iniciado. [] []
[2025-02-26T16:15:18.575959+00:00] Views.INFO: Log de informações iniciado. [] []
[2025-02-26T16:16:08.394353+00:00] app.INFO: Log de informações iniciado. [] []
[2025-02-26T16:16:08.495553+00:00] app.INFO: ParseError: Unclosed '{' on line 8 in C:\public_html\lottery\core\Application.php:115 Stack trace: #0 C:\public_html\lottery\vendor\composer\ClassLoader.php(427): Composer\Autoload\{closure}('C:\\public_html\\...') #1 C:\public_html\lottery\app\Bootstrap\app.php(19): Composer\Autoload\ClassLoader->loadClass('Core\\Applicatio...') #2 C:\public_html\lottery\public\index.php(14): require_once('C:\\public_html\\...') #3 {main} [] []
[2025-02-26T16:16:18.672266+00:00] app.INFO: Log de informações iniciado. [] []
[2025-02-26T16:16:18.772215+00:00] Toolbar.INFO: Log de informações iniciado. [] []
[2025-02-26T16:16:18.772603+00:00] app.INFO: TypeError: Core\Application::environment(): Return value must be of type bool, array returned in C:\public_html\lottery\core\Application.php:102 Stack trace: #0 C:\public_html\lottery\core\Debug\Toolbar.php(81): Core\Application->environment('local') #1 C:\public_html\lottery\core\Kernel.php(39): Core\Debug\Toolbar->render() #2 C:\public_html\lottery\app\Bootstrap\app.php(20): Core\Kernel->__construct(Object(Core\Application)) #3 C:\public_html\lottery\public\index.php(14): require_once('C:\\public_html\\...') #4 {main} [] []
[2025-02-26T16:16:30.875826+00:00] app.INFO: Log de informações iniciado. [] []
[2025-02-26T16:16:30.991683+00:00] Toolbar.INFO: Log de informações iniciado. [] []
[2025-02-26T16:16:30.992084+00:00] app.INFO: TypeError: Core\Application::environment(): Return value must be of type string|bool, array returned in C:\public_html\lottery\core\Application.php:102 Stack trace: #0 C:\public_html\lottery\core\Debug\Toolbar.php(81): Core\Application->environment('local') #1 C:\public_html\lottery\core\Kernel.php(39): Core\Debug\Toolbar->render() #2 C:\public_html\lottery\app\Bootstrap\app.php(20): Core\Kernel->__construct(Object(Core\Application)) #3 C:\public_html\lottery\public\index.php(14): require_once('C:\\public_html\\...') #4 {main} [] []
[2025-02-26T16:16:51.773976+00:00] app.INFO: Log de informações iniciado. [] []
[2025-02-26T16:16:51.808933+00:00] Toolbar.INFO: Log de informações iniciado. [] []
[2025-02-26T16:16:51.834454+00:00] Views.INFO: Log de informações iniciado. [] []
[2025-02-26T16:17:25.537565+00:00] app.INFO: Log de informações iniciado. [] []
[2025-02-26T16:17:25.659490+00:00] Toolbar.INFO: Log de informações iniciado. [] []
[2025-02-26T16:17:25.703792+00:00] Views.INFO: Log de informações iniciado. [] []
[2025-02-26T16:17:31.802600+00:00] app.INFO: Log de informações iniciado. [] []
[2025-02-26T16:17:31.830689+00:00] Toolbar.INFO: Log de informações iniciado. [] []
[2025-02-26T16:17:31.851326+00:00] Views.INFO: Log de informações iniciado. [] []
[2025-02-26T16:17:40.622984+00:00] app.INFO: Log de informações iniciado. [] []
[2025-02-26T16:17:40.652493+00:00] Toolbar.INFO: Log de informações iniciado. [] []
[2025-02-26T16:17:40.681928+00:00] Views.INFO: Log de informações iniciado. [] []
[2025-02-26T16:17:51.171244+00:00] app.INFO: Log de informações iniciado. [] []
[2025-02-26T16:17:51.203378+00:00] Toolbar.INFO: Log de informações iniciado. [] []
[2025-02-26T16:17:51.225249+00:00] Views.INFO: Log de informações iniciado. [] []
[2025-02-26T16:49:59.842557+00:00] app.INFO: Log de informações iniciado. [] []
[2025-02-26T16:49:59.976747+00:00] Toolbar.INFO: Log de informações iniciado. [] []
[2025-02-26T16:50:00.034987+00:00] Views.INFO: Log de informações iniciado. [] []
[2025-02-26T17:17:12.396328+00:00] app.INFO: Log de informações iniciado. [] []
[2025-02-26T17:17:12.492605+00:00] Toolbar.INFO: Log de informações iniciado. [] []
[2025-02-26T17:17:12.551153+00:00] Views.INFO: Log de informações iniciado. [] []
[2025-02-26T17:17:28.355626+00:00] app.INFO: Log de informações iniciado. [] []
[2025-02-26T17:17:28.391241+00:00] Toolbar.INFO: Log de informações iniciado. [] []
[2025-02-26T17:17:28.420440+00:00] Views.INFO: Log de informações iniciado. [] []
[2025-02-26T17:20:00.931924+00:00] app.INFO: Log de informações iniciado. [] []
[2025-02-26T17:20:00.978391+00:00] Toolbar.INFO: Log de informações iniciado. [] []
[2025-02-26T17:20:01.008779+00:00] Views.INFO: Log de informações iniciado. [] []
[2025-02-26T17:20:05.926143+00:00] app.INFO: Log de informações iniciado. [] []
[2025-02-26T17:20:05.951569+00:00] Toolbar.INFO: Log de informações iniciado. [] []
[2025-02-26T17:20:05.976598+00:00] Views.INFO: Log de informações iniciado. [] []
[2025-02-26T17:20:09.951587+00:00] app.INFO: Log de informações iniciado. [] []
[2025-02-26T17:20:09.979834+00:00] Toolbar.INFO: Log de informações iniciado. [] []
[2025-02-26T17:20:09.998853+00:00] Views.INFO: Log de informações iniciado. [] []
[2025-02-26T17:20:14.166213+00:00] app.INFO: Log de informações iniciado. [] []
[2025-02-26T17:20:14.197061+00:00] Toolbar.INFO: Log de informações iniciado. [] []
[2025-02-26T17:20:14.217140+00:00] Views.INFO: Log de informações iniciado. [] []
[2025-02-26T17:20:44.932563+00:00] app.INFO: Log de informações iniciado. [] []
[2025-02-26T17:20:44.960760+00:00] Toolbar.INFO: Log de informações iniciado. [] []
[2025-02-26T17:20:44.978846+00:00] Views.INFO: Log de informações iniciado. [] []
[2025-02-26T17:20:49.241728+00:00] app.INFO: Log de informações iniciado. [] []
[2025-02-26T17:20:49.274049+00:00] Toolbar.INFO: Log de informações iniciado. [] []
[2025-02-26T17:20:49.294033+00:00] Views.INFO: Log de informações iniciado. [] []
[2025-02-26T17:23:46.164259+00:00] app.INFO: Log de informações iniciado. [] []
[2025-02-26T17:23:49.809706+00:00] Toolbar.INFO: Log de informações iniciado. [] []
[2025-02-26T17:23:51.224390+00:00] Views.INFO: Log de informações iniciado. [] []
[2025-02-26T17:23:56.267206+00:00] app.INFO: Log de informações iniciado. [] []
[2025-02-26T17:23:56.290229+00:00] Toolbar.INFO: Log de informações iniciado. [] []
[2025-02-26T17:23:56.310943+00:00] Views.INFO: Log de informações iniciado. [] []
[2025-02-26T17:23:58.012190+00:00] app.INFO: Log de informações iniciado. [] []
[2025-02-26T17:23:58.035760+00:00] Toolbar.INFO: Log de informações iniciado. [] []
[2025-02-26T17:23:58.054830+00:00] Views.INFO: Log de informações iniciado. [] []
[2025-02-26T17:26:49.338329+00:00] app.INFO: Log de informações iniciado. [] []
[2025-02-26T17:26:49.377180+00:00] Toolbar.INFO: Log de informações iniciado. [] []
[2025-02-26T17:26:49.398210+00:00] Views.INFO: Log de informações iniciado. [] []
[2025-02-26T17:26:58.032416+00:00] app.INFO: Log de informações iniciado. [] []
[2025-02-26T17:26:58.063157+00:00] Toolbar.INFO: Log de informações iniciado. [] []
[2025-02-26T17:26:58.090149+00:00] Views.INFO: Log de informações iniciado. [] []
[2025-02-26T17:27:21.544681+00:00] app.INFO: Log de informações iniciado. [] []
[2025-02-26T17:27:21.577237+00:00] Toolbar.INFO: Log de informações iniciado. [] []
[2025-02-26T17:27:21.607647+00:00] Views.INFO: Log de informações iniciado. [] []
[2025-02-26T17:28:00.875308+00:00] app.INFO: Log de informações iniciado. [] []
[2025-02-26T17:28:00.907149+00:00] Toolbar.INFO: Log de informações iniciado. [] []
[2025-02-26T17:28:00.927211+00:00] Views.INFO: Log de informações iniciado. [] []
[2025-02-26T17:28:10.027850+00:00] app.INFO: Log de informações iniciado. [] []
[2025-02-26T17:28:10.061292+00:00] Toolbar.INFO: Log de informações iniciado. [] []
[2025-02-26T17:28:10.093177+00:00] Views.INFO: Log de informações iniciado. [] []
[2025-02-26T17:28:14.142924+00:00] app.INFO: Log de informações iniciado. [] []
[2025-02-26T17:28:14.168489+00:00] Toolbar.INFO: Log de informações iniciado. [] []
[2025-02-26T17:28:14.188883+00:00] Views.INFO: Log de informações iniciado. [] []
[2025-02-26T17:28:20.623189+00:00] app.INFO: Log de informações iniciado. [] []
[2025-02-26T17:28:20.650270+00:00] Toolbar.INFO: Log de informações iniciado. [] []
[2025-02-26T17:28:20.672455+00:00] Views.INFO: Log de informações iniciado. [] []
[2025-02-26T17:28:28.711048+00:00] app.INFO: Log de informações iniciado. [] []
[2025-02-26T17:28:28.743863+00:00] Toolbar.INFO: Log de informações iniciado. [] []
[2025-02-26T17:28:28.770977+00:00] Views.INFO: Log de informações iniciado. [] []
[2025-02-26T17:28:43.107275+00:00] app.INFO: Log de informações iniciado. [] []
[2025-02-26T17:28:43.140751+00:00] Toolbar.INFO: Log de informações iniciado. [] []
[2025-02-26T17:28:43.166767+00:00] Views.INFO: Log de informações iniciado. [] []
[2025-02-26T17:28:55.112138+00:00] app.INFO: Log de informações iniciado. [] []
[2025-02-26T17:28:55.158693+00:00] Toolbar.INFO: Log de informações iniciado. [] []
[2025-02-26T17:28:55.189095+00:00] Views.INFO: Log de informações iniciado. [] []
[2025-02-26T17:31:28.751981+00:00] app.INFO: Log de informações iniciado. [] []
[2025-02-26T17:31:28.813697+00:00] Toolbar.INFO: Log de informações iniciado. [] []
[2025-02-26T17:31:28.845883+00:00] Views.INFO: Log de informações iniciado. [] []
[2025-02-26T17:31:30.397999+00:00] app.INFO: Log de informações iniciado. [] []
[2025-02-26T17:31:30.426881+00:00] Toolbar.INFO: Log de informações iniciado. [] []
[2025-02-26T17:31:30.445694+00:00] Views.INFO: Log de informações iniciado. [] []
[2025-02-26T17:31:54.077292+00:00] app.INFO: Log de informações iniciado. [] []
[2025-02-26T17:31:54.100937+00:00] Toolbar.INFO: Log de informações iniciado. [] []
[2025-02-26T17:31:54.126116+00:00] Views.INFO: Log de informações iniciado. [] []
[2025-02-26T17:32:14.346336+00:00] app.INFO: Log de informações iniciado. [] []
[2025-02-26T17:32:14.377241+00:00] Toolbar.INFO: Log de informações iniciado. [] []
[2025-02-26T17:32:14.398393+00:00] Views.INFO: Log de informações iniciado. [] []
[2025-02-26T17:33:48.215333+00:00] app.INFO: Log de informações iniciado. [] []
[2025-02-26T17:33:48.264261+00:00] Toolbar.INFO: Log de informações iniciado. [] []
[2025-02-26T17:33:48.288737+00:00] Views.INFO: Log de informações iniciado. [] []
[2025-02-26T17:34:04.647196+00:00] app.INFO: Log de informações iniciado. [] []
[2025-02-26T17:34:04.678359+00:00] Toolbar.INFO: Log de informações iniciado. [] []
[2025-02-26T17:34:04.697835+00:00] Views.INFO: Log de informações iniciado. [] []
[2025-02-26T17:34:15.216383+00:00] app.INFO: Log de informações iniciado. [] []
[2025-02-26T17:34:15.238061+00:00] Toolbar.INFO: Log de informações iniciado. [] []
[2025-02-26T17:34:15.256696+00:00] Views.INFO: Log de informações iniciado. [] []
[2025-02-26T17:35:04.387145+00:00] app.INFO: Log de informações iniciado. [] []
[2025-02-26T17:35:04.420140+00:00] Toolbar.INFO: Log de informações iniciado. [] []
[2025-02-26T17:35:04.441530+00:00] Views.INFO: Log de informações iniciado. [] []
[2025-02-26T17:35:19.445218+00:00] app.INFO: Log de informações iniciado. [] []
[2025-02-26T17:35:19.472011+00:00] Toolbar.INFO: Log de informações iniciado. [] []
[2025-02-26T17:35:19.494445+00:00] Views.INFO: Log de informações iniciado. [] []
[2025-02-26T17:35:51.972185+00:00] app.INFO: Log de informações iniciado. [] []
[2025-02-26T17:35:52.031051+00:00] Toolbar.INFO: Log de informações iniciado. [] []
[2025-02-26T17:35:52.063707+00:00] Views.INFO: Log de informações iniciado. [] []
[2025-02-26T17:37:22.012723+00:00] app.INFO: Log de informações iniciado. [] []
[2025-02-26T17:37:22.044262+00:00] Toolbar.INFO: Log de informações iniciado. [] []
[2025-02-26T17:37:22.063906+00:00] Views.INFO: Log de informações iniciado. [] []
[2025-02-26T17:38:45.099462+00:00] app.INFO: Log de informações iniciado. [] []
[2025-02-26T17:38:45.142718+00:00] Toolbar.INFO: Log de informações iniciado. [] []
[2025-02-26T17:38:45.162131+00:00] Views.INFO: Log de informações iniciado. [] []
[2025-02-26T17:41:29.092861+00:00] app.INFO: Log de informações iniciado. [] []
[2025-02-26T17:41:29.138844+00:00] Toolbar.INFO: Log de informações iniciado. [] []
[2025-02-26T17:41:29.166649+00:00] Views.INFO: Log de informações iniciado. [] []
[2025-02-26T17:41:42.566404+00:00] app.INFO: Log de informações iniciado. [] []
[2025-02-26T17:41:42.592803+00:00] Toolbar.INFO: Log de informações iniciado. [] []
[2025-02-26T17:41:42.620503+00:00] Views.INFO: Log de informações iniciado. [] []
[2025-02-26T17:42:17.002983+00:00] app.INFO: Log de informações iniciado. [] []
[2025-02-26T17:42:17.035874+00:00] Toolbar.INFO: Log de informações iniciado. [] []
[2025-02-26T17:42:17.056374+00:00] Views.INFO: Log de informações iniciado. [] []
[2025-02-26T17:43:12.570428+00:00] app.INFO: Log de informações iniciado. [] []
[2025-02-26T17:43:12.604637+00:00] Toolbar.INFO: Log de informações iniciado. [] []
[2025-02-26T17:43:12.631825+00:00] Views.INFO: Log de informações iniciado. [] []
[2025-02-26T17:43:24.434648+00:00] app.INFO: Log de informações iniciado. [] []
[2025-02-26T17:43:24.468902+00:00] Toolbar.INFO: Log de informações iniciado. [] []
[2025-02-26T17:43:24.493741+00:00] Views.INFO: Log de informações iniciado. [] []
[2025-02-26T17:43:30.219114+00:00] app.INFO: Log de informações iniciado. [] []
[2025-02-26T17:43:30.402367+00:00] Toolbar.INFO: Log de informações iniciado. [] []
[2025-02-26T17:43:30.435728+00:00] Views.INFO: Log de informações iniciado. [] []
[2025-02-26T17:44:11.381492+00:00] app.INFO: Log de informações iniciado. [] []
[2025-02-26T17:44:11.414077+00:00] Toolbar.INFO: Log de informações iniciado. [] []
[2025-02-26T17:44:11.436186+00:00] Views.INFO: Log de informações iniciado. [] []
