ERROR - 2025-02-03 11:24:27 --> Error connecting to the database: mysqli_sql_exception: Nenhuma conexão pôde ser feita porque a máquina de destino as recusou ativamente in C:\public_html\kchurch\vendor\codeigniter4\framework\system\Database\MySQLi\Connection.php:201
Stack trace:
#0 C:\public_html\kchurch\vendor\codeigniter4\framework\system\Database\MySQLi\Connection.php(201): mysqli->real_connect('localhost', 'root', Object(SensitiveParameterValue), 'dev_kchurch', 3306, '', 0)
#1 C:\public_html\kchurch\vendor\codeigniter4\framework\system\Database\BaseConnection.php(421): CodeIgniter\Database\MySQLi\Connection->connect(false)
#2 C:\public_html\kchurch\vendor\codeigniter4\framework\system\Database\BaseConnection.php(620): CodeIgniter\Database\BaseConnection->initialize()
#3 C:\public_html\kchurch\vendor\codeigniter4\framework\system\Database\BaseBuilder.php(1649): CodeIgniter\Database\BaseConnection->query('SELECT *\nFROM `...', Array, false)
#4 C:\public_html\kchurch\vendor\codeigniter4\framework\system\Model.php(213): CodeIgniter\Database\BaseBuilder->get()
#5 C:\public_html\kchurch\vendor\codeigniter4\framework\system\BaseModel.php(609): CodeIgniter\Model->doFind(false, NULL)
#6 C:\public_html\kchurch\app\Models\PluginsModel.php(70): CodeIgniter\BaseModel->find()
#7 C:\public_html\kchurch\app\Core\Plugins.php(196): App\Models\PluginsModel->getAllPluginsWithStatus('1')
#8 C:\public_html\kchurch\app\PluginsManager.php(26): App\Core\Plugins->getActive()
#9 C:\public_html\kchurch\app\Services\PluginServiceProvider.php(32): App\PluginsManager->registerPlugins()
#10 C:\public_html\kchurch\app\Services\PluginServiceProvider.php(15): App\Services\PluginServiceProvider::loadPluginsActive()
#11 C:\public_html\kchurch\app\Config\Events.php(39): App\Services\PluginServiceProvider::registerPlugins()
#12 C:\public_html\kchurch\vendor\codeigniter4\framework\system\Events\Events.php(155): CodeIgniter\Events\Events::Config\{closure}()
#13 C:\public_html\kchurch\vendor\codeigniter4\framework\system\CodeIgniter.php(339): CodeIgniter\Events\Events::trigger('pre_system')
#14 C:\public_html\kchurch\vendor\codeigniter4\framework\system\Boot.php(334): CodeIgniter\CodeIgniter->run()
#15 C:\public_html\kchurch\vendor\codeigniter4\framework\system\Boot.php(67): CodeIgniter\Boot::runCodeIgniter(Object(CodeIgniter\CodeIgniter))
#16 C:\public_html\kchurch\public\index.php(63): CodeIgniter\Boot::bootWeb(Object(Config\Paths))
#17 {main}

Next CodeIgniter\Database\Exceptions\DatabaseException: Nenhuma conexão pôde ser feita porque a máquina de destino as recusou ativamente in C:\public_html\kchurch\vendor\codeigniter4\framework\system\Database\MySQLi\Connection.php:246
Stack trace:
#0 C:\public_html\kchurch\vendor\codeigniter4\framework\system\Database\BaseConnection.php(421): CodeIgniter\Database\MySQLi\Connection->connect(false)
#1 C:\public_html\kchurch\vendor\codeigniter4\framework\system\Database\BaseConnection.php(620): CodeIgniter\Database\BaseConnection->initialize()
#2 C:\public_html\kchurch\vendor\codeigniter4\framework\system\Database\BaseBuilder.php(1649): CodeIgniter\Database\BaseConnection->query('SELECT *\nFROM `...', Array, false)
#3 C:\public_html\kchurch\vendor\codeigniter4\framework\system\Model.php(213): CodeIgniter\Database\BaseBuilder->get()
#4 C:\public_html\kchurch\vendor\codeigniter4\framework\system\BaseModel.php(609): CodeIgniter\Model->doFind(false, NULL)
#5 C:\public_html\kchurch\app\Models\PluginsModel.php(70): CodeIgniter\BaseModel->find()
#6 C:\public_html\kchurch\app\Core\Plugins.php(196): App\Models\PluginsModel->getAllPluginsWithStatus('1')
#7 C:\public_html\kchurch\app\PluginsManager.php(26): App\Core\Plugins->getActive()
#8 C:\public_html\kchurch\app\Services\PluginServiceProvider.php(32): App\PluginsManager->registerPlugins()
#9 C:\public_html\kchurch\app\Services\PluginServiceProvider.php(15): App\Services\PluginServiceProvider::loadPluginsActive()
#10 C:\public_html\kchurch\app\Config\Events.php(39): App\Services\PluginServiceProvider::registerPlugins()
#11 C:\public_html\kchurch\vendor\codeigniter4\framework\system\Events\Events.php(155): CodeIgniter\Events\Events::Config\{closure}()
#12 C:\public_html\kchurch\vendor\codeigniter4\framework\system\CodeIgniter.php(339): CodeIgniter\Events\Events::trigger('pre_system')
#13 C:\public_html\kchurch\vendor\codeigniter4\framework\system\Boot.php(334): CodeIgniter\CodeIgniter->run()
#14 C:\public_html\kchurch\vendor\codeigniter4\framework\system\Boot.php(67): CodeIgniter\Boot::runCodeIgniter(Object(CodeIgniter\CodeIgniter))
#15 C:\public_html\kchurch\public\index.php(63): CodeIgniter\Boot::bootWeb(Object(Config\Paths))
#16 {main}
ERROR - 2025-02-03 11:24:27 --> Erro ao registrar plugins: Unable to connect to the database.
Main connection [MySQLi]: Nenhuma conexão pôde ser feita porque a máquina de destino as recusou ativamente
ERROR - 2025-02-03 11:24:32 --> Error connecting to the database: mysqli_sql_exception: Nenhuma conexão pôde ser feita porque a máquina de destino as recusou ativamente in C:\public_html\kchurch\vendor\codeigniter4\framework\system\Database\MySQLi\Connection.php:201
Stack trace:
#0 C:\public_html\kchurch\vendor\codeigniter4\framework\system\Database\MySQLi\Connection.php(201): mysqli->real_connect('localhost', 'root', Object(SensitiveParameterValue), 'dev_kchurch', 3306, '', 0)
#1 C:\public_html\kchurch\vendor\codeigniter4\framework\system\Database\BaseConnection.php(421): CodeIgniter\Database\MySQLi\Connection->connect(false)
#2 C:\public_html\kchurch\vendor\codeigniter4\framework\system\Database\BaseConnection.php(620): CodeIgniter\Database\BaseConnection->initialize()
#3 C:\public_html\kchurch\vendor\codeigniter4\framework\system\Database\BaseBuilder.php(1649): CodeIgniter\Database\BaseConnection->query('SELECT *, *\nFRO...', Array, false)
#4 C:\public_html\kchurch\vendor\codeigniter4\framework\system\Model.php(330): CodeIgniter\Database\BaseBuilder->get()
#5 C:\public_html\kchurch\vendor\codeigniter4\framework\system\BaseModel.php(713): CodeIgniter\Model->doFirst()
#6 C:\public_html\kchurch\app\Models\PluginsModel.php(84): CodeIgniter\BaseModel->first()
#7 C:\public_html\kchurch\app\Core\Plugins.php(238): App\Models\PluginsModel->getPlugin('Site')
#8 C:\public_html\kchurch\app\PluginsManager.php(115): App\Core\Plugins->find('Site')
#9 C:\public_html\kchurch\app\PluginsManager.php(120): App\PluginsManager->hasPlugin('Site')
#10 C:\public_html\kchurch\app\Helpers\plugin_helper.php(23): App\PluginsManager->isActive('Site')
#11 C:\public_html\kchurch\app\Config\Routes.php(27): isActive('Site')
#12 C:\public_html\kchurch\vendor\codeigniter4\framework\system\Router\RouteCollection.php(799): CodeIgniter\Router\RouteCollection::{closure}(Object(CodeIgniter\Router\RouteCollection))
#13 C:\public_html\kchurch\app\Config\Routes.php(25): CodeIgniter\Router\RouteCollection->group('', Object(Closure))
#14 C:\public_html\kchurch\vendor\codeigniter4\framework\system\Router\RouteCollection.php(339): require('C:\\public_html\\...')
#15 C:\public_html\kchurch\vendor\codeigniter4\framework\system\CodeIgniter.php(821): CodeIgniter\Router\RouteCollection->loadRoutes()
#16 C:\public_html\kchurch\vendor\codeigniter4\framework\system\CodeIgniter.php(455): CodeIgniter\CodeIgniter->tryToRouteIt(NULL)
#17 C:\public_html\kchurch\vendor\codeigniter4\framework\system\CodeIgniter.php(354): CodeIgniter\CodeIgniter->handleRequest(NULL, Object(Config\Cache), false)
#18 C:\public_html\kchurch\vendor\codeigniter4\framework\system\Boot.php(334): CodeIgniter\CodeIgniter->run()
#19 C:\public_html\kchurch\vendor\codeigniter4\framework\system\Boot.php(67): CodeIgniter\Boot::runCodeIgniter(Object(CodeIgniter\CodeIgniter))
#20 C:\public_html\kchurch\public\index.php(63): CodeIgniter\Boot::bootWeb(Object(Config\Paths))
#21 {main}

Next CodeIgniter\Database\Exceptions\DatabaseException: Nenhuma conexão pôde ser feita porque a máquina de destino as recusou ativamente in C:\public_html\kchurch\vendor\codeigniter4\framework\system\Database\MySQLi\Connection.php:246
Stack trace:
#0 C:\public_html\kchurch\vendor\codeigniter4\framework\system\Database\BaseConnection.php(421): CodeIgniter\Database\MySQLi\Connection->connect(false)
#1 C:\public_html\kchurch\vendor\codeigniter4\framework\system\Database\BaseConnection.php(620): CodeIgniter\Database\BaseConnection->initialize()
#2 C:\public_html\kchurch\vendor\codeigniter4\framework\system\Database\BaseBuilder.php(1649): CodeIgniter\Database\BaseConnection->query('SELECT *, *\nFRO...', Array, false)
#3 C:\public_html\kchurch\vendor\codeigniter4\framework\system\Model.php(330): CodeIgniter\Database\BaseBuilder->get()
#4 C:\public_html\kchurch\vendor\codeigniter4\framework\system\BaseModel.php(713): CodeIgniter\Model->doFirst()
#5 C:\public_html\kchurch\app\Models\PluginsModel.php(84): CodeIgniter\BaseModel->first()
#6 C:\public_html\kchurch\app\Core\Plugins.php(238): App\Models\PluginsModel->getPlugin('Site')
#7 C:\public_html\kchurch\app\PluginsManager.php(115): App\Core\Plugins->find('Site')
#8 C:\public_html\kchurch\app\PluginsManager.php(120): App\PluginsManager->hasPlugin('Site')
#9 C:\public_html\kchurch\app\Helpers\plugin_helper.php(23): App\PluginsManager->isActive('Site')
#10 C:\public_html\kchurch\app\Config\Routes.php(27): isActive('Site')
#11 C:\public_html\kchurch\vendor\codeigniter4\framework\system\Router\RouteCollection.php(799): CodeIgniter\Router\RouteCollection::{closure}(Object(CodeIgniter\Router\RouteCollection))
#12 C:\public_html\kchurch\app\Config\Routes.php(25): CodeIgniter\Router\RouteCollection->group('', Object(Closure))
#13 C:\public_html\kchurch\vendor\codeigniter4\framework\system\Router\RouteCollection.php(339): require('C:\\public_html\\...')
#14 C:\public_html\kchurch\vendor\codeigniter4\framework\system\CodeIgniter.php(821): CodeIgniter\Router\RouteCollection->loadRoutes()
#15 C:\public_html\kchurch\vendor\codeigniter4\framework\system\CodeIgniter.php(455): CodeIgniter\CodeIgniter->tryToRouteIt(NULL)
#16 C:\public_html\kchurch\vendor\codeigniter4\framework\system\CodeIgniter.php(354): CodeIgniter\CodeIgniter->handleRequest(NULL, Object(Config\Cache), false)
#17 C:\public_html\kchurch\vendor\codeigniter4\framework\system\Boot.php(334): CodeIgniter\CodeIgniter->run()
#18 C:\public_html\kchurch\vendor\codeigniter4\framework\system\Boot.php(67): CodeIgniter\Boot::runCodeIgniter(Object(CodeIgniter\CodeIgniter))
#19 C:\public_html\kchurch\public\index.php(63): CodeIgniter\Boot::bootWeb(Object(Config\Paths))
#20 {main}
CRITICAL - 2025-02-03 11:24:32 --> CodeIgniter\Database\Exceptions\DatabaseException: Unable to connect to the database.
Main connection [MySQLi]: Nenhuma conexão pôde ser feita porque a máquina de destino as recusou ativamente
[Method: GET, Route: admin/site/layout/1]
in SYSTEMPATH\Database\BaseConnection.php on line 467.
 1 SYSTEMPATH\Database\BaseConnection.php(620): CodeIgniter\Database\BaseConnection->initialize()
 2 SYSTEMPATH\Database\BaseBuilder.php(1649): CodeIgniter\Database\BaseConnection->query('SELECT *, *
FROM `plugins`
WHERE `plugins`.`status` = :plugins.status:
AND `plugins`.`deleted_at` IS NULL
AND `plugins`.`deleted_at` IS NULL
AND `plugins`.`name` = :plugins.name:
OR `plugins`.`code` = :plugins.code:
AND `plugins`.`deleted_at` IS NULL
AND `plugins`.`deleted_at` IS NULL
 LIMIT 1', [...], false)
 3 SYSTEMPATH\Model.php(330): CodeIgniter\Database\BaseBuilder->get()
 4 SYSTEMPATH\BaseModel.php(713): CodeIgniter\Model->doFirst()
 5 APPPATH\Models\PluginsModel.php(84): CodeIgniter\BaseModel->first()
 6 APPPATH\Core\Plugins.php(238): App\Models\PluginsModel->getPlugin('Site')
 7 APPPATH\PluginsManager.php(115): App\Core\Plugins->find('Site')
 8 APPPATH\PluginsManager.php(120): App\PluginsManager->hasPlugin('Site')
 9 APPPATH\Helpers\plugin_helper.php(23): App\PluginsManager->isActive('Site')
10 APPPATH\Config\Routes.php(27): isActive('Site')
11 SYSTEMPATH\Router\RouteCollection.php(799): CodeIgniter\Router\RouteCollection::{closure}(Object(CodeIgniter\Router\RouteCollection))
12 APPPATH\Config\Routes.php(25): CodeIgniter\Router\RouteCollection->group('', Object(Closure))
13 SYSTEMPATH\Router\RouteCollection.php(339): require('C:\\public_html\\kchurch\\app\\Config\\Routes.php')
14 SYSTEMPATH\CodeIgniter.php(821): CodeIgniter\Router\RouteCollection->loadRoutes()
15 SYSTEMPATH\CodeIgniter.php(455): CodeIgniter\CodeIgniter->tryToRouteIt(null)
16 SYSTEMPATH\CodeIgniter.php(354): CodeIgniter\CodeIgniter->handleRequest(null, Object(Config\Cache), false)
17 SYSTEMPATH\Boot.php(334): CodeIgniter\CodeIgniter->run()
18 SYSTEMPATH\Boot.php(67): CodeIgniter\Boot::runCodeIgniter(Object(CodeIgniter\CodeIgniter))
19 FCPATH\index.php(63): CodeIgniter\Boot::bootWeb(Object(Config\Paths))
DEBUG - 2025-02-03 12:37:34 --> Session: Class initialized using 'CodeIgniter\Session\Handlers\FileHandler' driver.
DEBUG - 2025-02-03 12:37:35 --> Session: Class initialized using 'CodeIgniter\Session\Handlers\FileHandler' driver.
INFO - 2025-02-03 12:37:35 --> CLASS: \Site\Config\Info
DEBUG - 2025-02-03 12:37:45 --> Session: Class initialized using 'CodeIgniter\Session\Handlers\FileHandler' driver.
DEBUG - 2025-02-03 12:38:44 --> Session: Class initialized using 'CodeIgniter\Session\Handlers\FileHandler' driver.
INFO - 2025-02-03 12:38:44 --> CSRF token verified.
INFO - 2025-02-03 12:38:44 --> CLASS: \Site\Config\Info
DEBUG - 2025-02-03 12:38:46 --> Session: Class initialized using 'CodeIgniter\Session\Handlers\FileHandler' driver.
INFO - 2025-02-03 12:38:47 --> CLASS: \Site\Config\Info
DEBUG - 2025-02-03 12:38:49 --> Session: Class initialized using 'CodeIgniter\Session\Handlers\FileHandler' driver.
INFO - 2025-02-03 12:38:50 --> CLASS: \Site\Config\Info
DEBUG - 2025-02-03 12:38:50 --> Session: Class initialized using 'CodeIgniter\Session\Handlers\FileHandler' driver.
DEBUG - 2025-02-03 12:45:15 --> Session: Class initialized using 'CodeIgniter\Session\Handlers\FileHandler' driver.
INFO - 2025-02-03 12:45:16 --> CLASS: \Site\Config\Info
DEBUG - 2025-02-03 12:45:18 --> Session: Class initialized using 'CodeIgniter\Session\Handlers\FileHandler' driver.
DEBUG - 2025-02-03 12:46:07 --> Session: Class initialized using 'CodeIgniter\Session\Handlers\FileHandler' driver.
INFO - 2025-02-03 12:46:07 --> CLASS: \Site\Config\Info
DEBUG - 2025-02-03 12:46:08 --> Session: Class initialized using 'CodeIgniter\Session\Handlers\FileHandler' driver.
INFO - 2025-02-03 12:46:08 --> CLASS: \Site\Config\Info
DEBUG - 2025-02-03 12:46:09 --> Session: Class initialized using 'CodeIgniter\Session\Handlers\FileHandler' driver.
DEBUG - 2025-02-03 14:48:01 --> Session: Class initialized using 'CodeIgniter\Session\Handlers\FileHandler' driver.
DEBUG - 2025-02-03 14:48:01 --> Session: Class initialized using 'CodeIgniter\Session\Handlers\FileHandler' driver.
INFO - 2025-02-03 14:48:01 --> CLASS: \Site\Config\Info
DEBUG - 2025-02-03 14:48:05 --> Session: Class initialized using 'CodeIgniter\Session\Handlers\FileHandler' driver.
DEBUG - 2025-02-03 14:58:42 --> Session: Class initialized using 'CodeIgniter\Session\Handlers\FileHandler' driver.
INFO - 2025-02-03 14:58:42 --> CLASS: \Site\Config\Info
DEBUG - 2025-02-03 14:58:44 --> Session: Class initialized using 'CodeIgniter\Session\Handlers\FileHandler' driver.
DEBUG - 2025-02-03 14:59:02 --> Session: Class initialized using 'CodeIgniter\Session\Handlers\FileHandler' driver.
INFO - 2025-02-03 14:59:03 --> CSRF token verified.
INFO - 2025-02-03 14:59:03 --> CLASS: \Site\Config\Info
DEBUG - 2025-02-03 14:59:04 --> Session: Class initialized using 'CodeIgniter\Session\Handlers\FileHandler' driver.
INFO - 2025-02-03 14:59:04 --> CLASS: \Site\Config\Info
CRITICAL - 2025-02-03 14:59:04 --> ErrorException: Undefined array key "id"
[Method: GET, Route: admin/site/layout/1]
in ROOTPATH\plugins\Site\Views\panel\layouts\layout.php on line 32.
 1 ROOTPATH\plugins\Site\Views\panel\layouts\layout.php(32): CodeIgniter\Debug\Exceptions->errorHandler(2, 'Undefined array key "id"', 'C:\\public_html\\kchurch\\plugins\\Site\\Views\\panel\\layouts\\layout.php', 32)
 2 SYSTEMPATH\View\View.php(224): include('C:\\public_html\\kchurch\\plugins\\Site\\Views\\panel\\layouts\\layout.php')
 3 SYSTEMPATH\View\View.php(227): CodeIgniter\View\View->CodeIgniter\View\{closure}()
 4 SYSTEMPATH\Common.php(1173): CodeIgniter\View\View->render('Site\\Views\\panel\\layouts\\layout', [], true)
 5 ROOTPATH\plugins\Site\Controllers\BaseController.php(62): view('Site\\Views\\panel\\layouts\\layout', [...])
 6 ROOTPATH\plugins\Site\Controllers\Panel\Layouts.php(99): Site\Controllers\BaseController->view('layouts\\layout', [...])
 7 SYSTEMPATH\CodeIgniter.php(933): Site\Controllers\Panel\Layouts->layoutShow('1')
 8 SYSTEMPATH\CodeIgniter.php(507): CodeIgniter\CodeIgniter->runController(Object(Site\Controllers\Panel\Layouts))
 9 SYSTEMPATH\CodeIgniter.php(354): CodeIgniter\CodeIgniter->handleRequest(null, Object(Config\Cache), false)
10 SYSTEMPATH\Boot.php(334): CodeIgniter\CodeIgniter->run()
11 SYSTEMPATH\Boot.php(67): CodeIgniter\Boot::runCodeIgniter(Object(CodeIgniter\CodeIgniter))
12 FCPATH\index.php(63): CodeIgniter\Boot::bootWeb(Object(Config\Paths))
DEBUG - 2025-02-03 15:02:53 --> Session: Class initialized using 'CodeIgniter\Session\Handlers\FileHandler' driver.
INFO - 2025-02-03 15:02:53 --> CLASS: \Site\Config\Info
DEBUG - 2025-02-03 15:03:20 --> Session: Class initialized using 'CodeIgniter\Session\Handlers\FileHandler' driver.
INFO - 2025-02-03 15:03:20 --> CLASS: \Site\Config\Info
CRITICAL - 2025-02-03 15:03:20 --> ErrorException: Attempt to read property "id" on array
[Method: GET, Route: admin/site/layout/1]
in ROOTPATH\plugins\Site\Controllers\Panel\Layouts.php on line 93.
 1 ROOTPATH\plugins\Site\Controllers\Panel\Layouts.php(93): CodeIgniter\Debug\Exceptions->errorHandler(2, 'Attempt to read property "id" on array', 'C:\\public_html\\kchurch\\plugins\\Site\\Controllers\\Panel\\Layouts.php', 93)
 2 ROOTPATH\plugins\Site\Controllers\Panel\Layouts.php(75): Site\Controllers\Panel\Layouts->getLayout('1')
 3 SYSTEMPATH\CodeIgniter.php(933): Site\Controllers\Panel\Layouts->layoutShow('1')
 4 SYSTEMPATH\CodeIgniter.php(507): CodeIgniter\CodeIgniter->runController(Object(Site\Controllers\Panel\Layouts))
 5 SYSTEMPATH\CodeIgniter.php(354): CodeIgniter\CodeIgniter->handleRequest(null, Object(Config\Cache), false)
 6 SYSTEMPATH\Boot.php(334): CodeIgniter\CodeIgniter->run()
 7 SYSTEMPATH\Boot.php(67): CodeIgniter\Boot::runCodeIgniter(Object(CodeIgniter\CodeIgniter))
 8 FCPATH\index.php(63): CodeIgniter\Boot::bootWeb(Object(Config\Paths))
DEBUG - 2025-02-03 15:05:53 --> Session: Class initialized using 'CodeIgniter\Session\Handlers\FileHandler' driver.
INFO - 2025-02-03 15:05:53 --> CLASS: \Site\Config\Info
DEBUG - 2025-02-03 15:22:54 --> Session: Class initialized using 'CodeIgniter\Session\Handlers\FileHandler' driver.
INFO - 2025-02-03 15:22:54 --> CLASS: \Site\Config\Info
CRITICAL - 2025-02-03 15:22:54 --> ErrorException: Attempt to read property "id" on array
[Method: GET, Route: admin/site/layout/1]
in ROOTPATH\plugins\Site\Controllers\Panel\Layouts.php on line 93.
 1 ROOTPATH\plugins\Site\Controllers\Panel\Layouts.php(93): CodeIgniter\Debug\Exceptions->errorHandler(2, 'Attempt to read property "id" on array', 'C:\\public_html\\kchurch\\plugins\\Site\\Controllers\\Panel\\Layouts.php', 93)
 2 ROOTPATH\plugins\Site\Controllers\Panel\Layouts.php(75): Site\Controllers\Panel\Layouts->getLayout('1')
 3 SYSTEMPATH\CodeIgniter.php(933): Site\Controllers\Panel\Layouts->layoutShow('1')
 4 SYSTEMPATH\CodeIgniter.php(507): CodeIgniter\CodeIgniter->runController(Object(Site\Controllers\Panel\Layouts))
 5 SYSTEMPATH\CodeIgniter.php(354): CodeIgniter\CodeIgniter->handleRequest(null, Object(Config\Cache), false)
 6 SYSTEMPATH\Boot.php(334): CodeIgniter\CodeIgniter->run()
 7 SYSTEMPATH\Boot.php(67): CodeIgniter\Boot::runCodeIgniter(Object(CodeIgniter\CodeIgniter))
 8 FCPATH\index.php(63): CodeIgniter\Boot::bootWeb(Object(Config\Paths))
DEBUG - 2025-02-03 15:23:21 --> Session: Class initialized using 'CodeIgniter\Session\Handlers\FileHandler' driver.
INFO - 2025-02-03 15:23:21 --> CLASS: \Site\Config\Info
DEBUG - 2025-02-03 15:25:58 --> Session: Class initialized using 'CodeIgniter\Session\Handlers\FileHandler' driver.
INFO - 2025-02-03 15:25:58 --> CLASS: \Site\Config\Info
DEBUG - 2025-02-03 15:26:17 --> Session: Class initialized using 'CodeIgniter\Session\Handlers\FileHandler' driver.
INFO - 2025-02-03 15:26:17 --> CLASS: \Site\Config\Info
CRITICAL - 2025-02-03 15:26:17 --> ErrorException: Undefined array key "id"
[Method: GET, Route: admin/site/layout/1]
in ROOTPATH\plugins\Site\Views\panel\layouts\layout.php on line 32.
 1 ROOTPATH\plugins\Site\Views\panel\layouts\layout.php(32): CodeIgniter\Debug\Exceptions->errorHandler(2, 'Undefined array key "id"', 'C:\\public_html\\kchurch\\plugins\\Site\\Views\\panel\\layouts\\layout.php', 32)
 2 SYSTEMPATH\View\View.php(224): include('C:\\public_html\\kchurch\\plugins\\Site\\Views\\panel\\layouts\\layout.php')
 3 SYSTEMPATH\View\View.php(227): CodeIgniter\View\View->CodeIgniter\View\{closure}()
 4 SYSTEMPATH\Common.php(1173): CodeIgniter\View\View->render('Site\\Views\\panel\\layouts\\layout', [], true)
 5 ROOTPATH\plugins\Site\Controllers\BaseController.php(62): view('Site\\Views\\panel\\layouts\\layout', [...])
 6 ROOTPATH\plugins\Site\Controllers\Panel\Layouts.php(78): Site\Controllers\BaseController->view('layouts\\layout', [...])
 7 SYSTEMPATH\CodeIgniter.php(933): Site\Controllers\Panel\Layouts->layoutShow('1')
 8 SYSTEMPATH\CodeIgniter.php(507): CodeIgniter\CodeIgniter->runController(Object(Site\Controllers\Panel\Layouts))
 9 SYSTEMPATH\CodeIgniter.php(354): CodeIgniter\CodeIgniter->handleRequest(null, Object(Config\Cache), false)
10 SYSTEMPATH\Boot.php(334): CodeIgniter\CodeIgniter->run()
11 SYSTEMPATH\Boot.php(67): CodeIgniter\Boot::runCodeIgniter(Object(CodeIgniter\CodeIgniter))
12 FCPATH\index.php(63): CodeIgniter\Boot::bootWeb(Object(Config\Paths))
DEBUG - 2025-02-03 15:26:32 --> Session: Class initialized using 'CodeIgniter\Session\Handlers\FileHandler' driver.
INFO - 2025-02-03 15:26:33 --> CLASS: \Site\Config\Info
DEBUG - 2025-02-03 15:26:35 --> Session: Class initialized using 'CodeIgniter\Session\Handlers\FileHandler' driver.
INFO - 2025-02-03 15:26:35 --> CLASS: \Site\Config\Info
DEBUG - 2025-02-03 15:26:38 --> Session: Class initialized using 'CodeIgniter\Session\Handlers\FileHandler' driver.
DEBUG - 2025-02-03 15:28:13 --> Session: Class initialized using 'CodeIgniter\Session\Handlers\FileHandler' driver.
INFO - 2025-02-03 15:28:13 --> CLASS: \Site\Config\Info
DEBUG - 2025-02-03 15:28:15 --> Session: Class initialized using 'CodeIgniter\Session\Handlers\FileHandler' driver.
INFO - 2025-02-03 15:28:15 --> CLASS: \Site\Config\Info
DEBUG - 2025-02-03 15:28:17 --> Session: Class initialized using 'CodeIgniter\Session\Handlers\FileHandler' driver.
INFO - 2025-02-03 15:28:17 --> CLASS: \Site\Config\Info
DEBUG - 2025-02-03 15:28:20 --> Session: Class initialized using 'CodeIgniter\Session\Handlers\FileHandler' driver.
DEBUG - 2025-02-03 15:28:27 --> Session: Class initialized using 'CodeIgniter\Session\Handlers\FileHandler' driver.
INFO - 2025-02-03 15:28:27 --> CLASS: \Site\Config\Info
DEBUG - 2025-02-03 15:28:28 --> Session: Class initialized using 'CodeIgniter\Session\Handlers\FileHandler' driver.
INFO - 2025-02-03 15:28:29 --> CLASS: \Site\Config\Info
DEBUG - 2025-02-03 15:28:30 --> Session: Class initialized using 'CodeIgniter\Session\Handlers\FileHandler' driver.
INFO - 2025-02-03 15:28:30 --> CLASS: \Site\Config\Info
DEBUG - 2025-02-03 15:28:32 --> Session: Class initialized using 'CodeIgniter\Session\Handlers\FileHandler' driver.
DEBUG - 2025-02-03 15:29:06 --> Session: Class initialized using 'CodeIgniter\Session\Handlers\FileHandler' driver.
INFO - 2025-02-03 15:29:06 --> CLASS: \Site\Config\Info
DEBUG - 2025-02-03 15:29:11 --> Session: Class initialized using 'CodeIgniter\Session\Handlers\FileHandler' driver.
INFO - 2025-02-03 15:29:11 --> CLASS: \Site\Config\Info
DEBUG - 2025-02-03 15:29:15 --> Session: Class initialized using 'CodeIgniter\Session\Handlers\FileHandler' driver.
DEBUG - 2025-02-03 15:29:35 --> Session: Class initialized using 'CodeIgniter\Session\Handlers\FileHandler' driver.
INFO - 2025-02-03 15:29:35 --> CLASS: \Site\Config\Info
DEBUG - 2025-02-03 15:29:39 --> Session: Class initialized using 'CodeIgniter\Session\Handlers\FileHandler' driver.
INFO - 2025-02-03 15:29:39 --> CLASS: \Site\Config\Info
DEBUG - 2025-02-03 15:29:40 --> Session: Class initialized using 'CodeIgniter\Session\Handlers\FileHandler' driver.
DEBUG - 2025-02-03 15:30:15 --> Session: Class initialized using 'CodeIgniter\Session\Handlers\FileHandler' driver.
INFO - 2025-02-03 15:30:15 --> CLASS: \Site\Config\Info
DEBUG - 2025-02-03 15:30:17 --> Session: Class initialized using 'CodeIgniter\Session\Handlers\FileHandler' driver.
INFO - 2025-02-03 15:30:17 --> CLASS: \Site\Config\Info
DEBUG - 2025-02-03 15:30:20 --> Session: Class initialized using 'CodeIgniter\Session\Handlers\FileHandler' driver.
DEBUG - 2025-02-03 15:31:53 --> Session: Class initialized using 'CodeIgniter\Session\Handlers\FileHandler' driver.
INFO - 2025-02-03 15:31:53 --> CLASS: \Site\Config\Info
DEBUG - 2025-02-03 15:31:55 --> Session: Class initialized using 'CodeIgniter\Session\Handlers\FileHandler' driver.
INFO - 2025-02-03 15:31:55 --> CLASS: \Site\Config\Info
DEBUG - 2025-02-03 15:31:58 --> Session: Class initialized using 'CodeIgniter\Session\Handlers\FileHandler' driver.
DEBUG - 2025-02-03 15:32:30 --> Session: Class initialized using 'CodeIgniter\Session\Handlers\FileHandler' driver.
INFO - 2025-02-03 15:32:30 --> CLASS: \Site\Config\Info
DEBUG - 2025-02-03 15:32:33 --> Session: Class initialized using 'CodeIgniter\Session\Handlers\FileHandler' driver.
INFO - 2025-02-03 15:32:33 --> CLASS: \Site\Config\Info
DEBUG - 2025-02-03 15:32:35 --> Session: Class initialized using 'CodeIgniter\Session\Handlers\FileHandler' driver.
DEBUG - 2025-02-03 15:32:35 --> Session: Class initialized using 'CodeIgniter\Session\Handlers\FileHandler' driver.
INFO - 2025-02-03 15:32:35 --> CSRF token verified.
INFO - 2025-02-03 15:32:35 --> CLASS: \Site\Config\Info
DEBUG - 2025-02-03 15:34:39 --> Session: Class initialized using 'CodeIgniter\Session\Handlers\FileHandler' driver.
INFO - 2025-02-03 15:34:39 --> CLASS: \Site\Config\Info
DEBUG - 2025-02-03 15:34:42 --> Session: Class initialized using 'CodeIgniter\Session\Handlers\FileHandler' driver.
INFO - 2025-02-03 15:34:43 --> CLASS: \Site\Config\Info
DEBUG - 2025-02-03 15:34:45 --> Session: Class initialized using 'CodeIgniter\Session\Handlers\FileHandler' driver.
INFO - 2025-02-03 15:34:45 --> CSRF token verified.
INFO - 2025-02-03 15:34:45 --> CLASS: \Site\Config\Info
DEBUG - 2025-02-03 15:34:45 --> Session: Class initialized using 'CodeIgniter\Session\Handlers\FileHandler' driver.
DEBUG - 2025-02-03 15:38:00 --> Session: Class initialized using 'CodeIgniter\Session\Handlers\FileHandler' driver.
INFO - 2025-02-03 15:38:00 --> CLASS: \Site\Config\Info
DEBUG - 2025-02-03 15:38:03 --> Session: Class initialized using 'CodeIgniter\Session\Handlers\FileHandler' driver.
INFO - 2025-02-03 15:38:03 --> CLASS: \Site\Config\Info
DEBUG - 2025-02-03 15:38:04 --> Session: Class initialized using 'CodeIgniter\Session\Handlers\FileHandler' driver.
DEBUG - 2025-02-03 15:38:05 --> Session: Class initialized using 'CodeIgniter\Session\Handlers\FileHandler' driver.
INFO - 2025-02-03 15:38:05 --> CSRF token verified.
INFO - 2025-02-03 15:38:05 --> CLASS: \Site\Config\Info
DEBUG - 2025-02-03 15:38:45 --> Session: Class initialized using 'CodeIgniter\Session\Handlers\FileHandler' driver.
INFO - 2025-02-03 15:38:45 --> CLASS: \Site\Config\Info
DEBUG - 2025-02-03 15:38:47 --> Session: Class initialized using 'CodeIgniter\Session\Handlers\FileHandler' driver.
INFO - 2025-02-03 15:38:47 --> CLASS: \Site\Config\Info
DEBUG - 2025-02-03 15:38:50 --> Session: Class initialized using 'CodeIgniter\Session\Handlers\FileHandler' driver.
DEBUG - 2025-02-03 15:38:50 --> Session: Class initialized using 'CodeIgniter\Session\Handlers\FileHandler' driver.
INFO - 2025-02-03 15:38:50 --> CSRF token verified.
INFO - 2025-02-03 15:38:50 --> CLASS: \Site\Config\Info
DEBUG - 2025-02-03 16:56:17 --> Session: Class initialized using 'CodeIgniter\Session\Handlers\FileHandler' driver.
INFO - 2025-02-03 16:56:18 --> CLASS: \Site\Config\Info
DEBUG - 2025-02-03 16:56:21 --> Session: Class initialized using 'CodeIgniter\Session\Handlers\FileHandler' driver.
INFO - 2025-02-03 16:56:22 --> CLASS: \Site\Config\Info
DEBUG - 2025-02-03 16:56:25 --> Session: Class initialized using 'CodeIgniter\Session\Handlers\FileHandler' driver.
DEBUG - 2025-02-03 16:56:26 --> Session: Class initialized using 'CodeIgniter\Session\Handlers\FileHandler' driver.
INFO - 2025-02-03 16:56:26 --> CSRF token verified.
INFO - 2025-02-03 16:56:26 --> CLASS: \Site\Config\Info
DEBUG - 2025-02-03 16:58:42 --> Session: Class initialized using 'CodeIgniter\Session\Handlers\FileHandler' driver.
INFO - 2025-02-03 16:58:42 --> CLASS: \Site\Config\Info
DEBUG - 2025-02-03 16:58:45 --> Session: Class initialized using 'CodeIgniter\Session\Handlers\FileHandler' driver.
INFO - 2025-02-03 16:58:45 --> CLASS: \Site\Config\Info
DEBUG - 2025-02-03 16:58:47 --> Session: Class initialized using 'CodeIgniter\Session\Handlers\FileHandler' driver.
INFO - 2025-02-03 16:58:47 --> CSRF token verified.
INFO - 2025-02-03 16:58:47 --> CLASS: \Site\Config\Info
DEBUG - 2025-02-03 16:58:48 --> Session: Class initialized using 'CodeIgniter\Session\Handlers\FileHandler' driver.
DEBUG - 2025-02-03 16:59:30 --> Session: Class initialized using 'CodeIgniter\Session\Handlers\FileHandler' driver.
INFO - 2025-02-03 16:59:31 --> CLASS: \Site\Config\Info
DEBUG - 2025-02-03 16:59:34 --> Session: Class initialized using 'CodeIgniter\Session\Handlers\FileHandler' driver.
INFO - 2025-02-03 16:59:34 --> CLASS: \Site\Config\Info
DEBUG - 2025-02-03 16:59:36 --> Session: Class initialized using 'CodeIgniter\Session\Handlers\FileHandler' driver.
INFO - 2025-02-03 16:59:36 --> CSRF token verified.
INFO - 2025-02-03 16:59:36 --> CLASS: \Site\Config\Info
DEBUG - 2025-02-03 16:59:36 --> Session: Class initialized using 'CodeIgniter\Session\Handlers\FileHandler' driver.
DEBUG - 2025-02-03 17:03:34 --> Session: Class initialized using 'CodeIgniter\Session\Handlers\FileHandler' driver.
INFO - 2025-02-03 17:03:34 --> CLASS: \Site\Config\Info
DEBUG - 2025-02-03 17:03:36 --> Session: Class initialized using 'CodeIgniter\Session\Handlers\FileHandler' driver.
INFO - 2025-02-03 17:03:36 --> CLASS: \Site\Config\Info
DEBUG - 2025-02-03 17:03:40 --> Session: Class initialized using 'CodeIgniter\Session\Handlers\FileHandler' driver.
INFO - 2025-02-03 17:03:40 --> CSRF token verified.
INFO - 2025-02-03 17:03:40 --> CLASS: \Site\Config\Info
DEBUG - 2025-02-03 17:03:40 --> Session: Class initialized using 'CodeIgniter\Session\Handlers\FileHandler' driver.
DEBUG - 2025-02-03 17:05:01 --> Session: Class initialized using 'CodeIgniter\Session\Handlers\FileHandler' driver.
INFO - 2025-02-03 17:05:01 --> CLASS: \Site\Config\Info
DEBUG - 2025-02-03 17:05:03 --> Session: Class initialized using 'CodeIgniter\Session\Handlers\FileHandler' driver.
INFO - 2025-02-03 17:05:03 --> CLASS: \Site\Config\Info
DEBUG - 2025-02-03 17:05:06 --> Session: Class initialized using 'CodeIgniter\Session\Handlers\FileHandler' driver.
DEBUG - 2025-02-03 17:05:07 --> Session: Class initialized using 'CodeIgniter\Session\Handlers\FileHandler' driver.
INFO - 2025-02-03 17:05:07 --> CSRF token verified.
INFO - 2025-02-03 17:05:07 --> CLASS: \Site\Config\Info
DEBUG - 2025-02-03 22:08:51 --> Session: Class initialized using 'CodeIgniter\Session\Handlers\FileHandler' driver.
INFO - 2025-02-03 22:08:51 --> CLASS: \Site\Config\Info
DEBUG - 2025-02-03 22:25:34 --> Session: Class initialized using 'CodeIgniter\Session\Handlers\FileHandler' driver.
DEBUG - 2025-02-03 22:25:35 --> Session: Class initialized using 'CodeIgniter\Session\Handlers\FileHandler' driver.
INFO - 2025-02-03 22:25:35 --> CLASS: \Site\Config\Info
DEBUG - 2025-02-03 22:25:46 --> Session: Class initialized using 'CodeIgniter\Session\Handlers\FileHandler' driver.
