DEBUG - 2025-01-29 18:48:14 --> Session: Class initialized using 'CodeIgniter\Session\Handlers\FileHandler' driver.
INFO - 2025-01-29 18:48:14 --> CLASS: \Site\Config\Info
INFO - 2025-01-29 18:48:14 --> CLASS: \Live\Config\Info
DEBUG - 2025-01-29 18:48:14 --> Session: Class initialized using 'CodeIgniter\Session\Handlers\FileHandler' driver.
INFO - 2025-01-29 18:48:15 --> CLASS: \Site\Config\Info
INFO - 2025-01-29 18:48:15 --> CLASS: \Live\Config\Info
DEBUG - 2025-01-29 18:48:15 --> Session: Class initialized using 'CodeIgniter\Session\Handlers\FileHandler' driver.
DEBUG - 2025-01-29 19:17:23 --> Session: Class initialized using 'CodeIgniter\Session\Handlers\FileHandler' driver.
INFO - 2025-01-29 19:17:23 --> CLASS: \Site\Config\Info
INFO - 2025-01-29 19:17:23 --> CLASS: \Live\Config\Info
DEBUG - 2025-01-29 19:17:27 --> Session: Class initialized using 'CodeIgniter\Session\Handlers\FileHandler' driver.
INFO - 2025-01-29 19:17:27 --> CLASS: \Site\Config\Info
INFO - 2025-01-29 19:17:27 --> CLASS: \Live\Config\Info
DEBUG - 2025-01-29 19:17:30 --> Session: Class initialized using 'CodeIgniter\Session\Handlers\FileHandler' driver.
DEBUG - 2025-01-29 19:20:40 --> Session: Class initialized using 'CodeIgniter\Session\Handlers\FileHandler' driver.
INFO - 2025-01-29 19:20:40 --> CLASS: \Site\Config\Info
INFO - 2025-01-29 19:20:40 --> CLASS: \Live\Config\Info
DEBUG - 2025-01-29 19:20:43 --> Session: Class initialized using 'CodeIgniter\Session\Handlers\FileHandler' driver.
DEBUG - 2025-01-29 19:25:35 --> Session: Class initialized using 'CodeIgniter\Session\Handlers\FileHandler' driver.
INFO - 2025-01-29 19:25:35 --> CLASS: \Site\Config\Info
INFO - 2025-01-29 19:25:35 --> CLASS: \Live\Config\Info
DEBUG - 2025-01-29 19:25:37 --> Session: Class initialized using 'CodeIgniter\Session\Handlers\FileHandler' driver.
INFO - 2025-01-29 19:25:37 --> CLASS: \Site\Config\Info
INFO - 2025-01-29 19:25:37 --> CLASS: \Live\Config\Info
DEBUG - 2025-01-29 19:25:38 --> Session: Class initialized using 'CodeIgniter\Session\Handlers\FileHandler' driver.
INFO - 2025-01-29 19:25:38 --> CLASS: \Site\Config\Info
INFO - 2025-01-29 19:25:38 --> CLASS: \Live\Config\Info
DEBUG - 2025-01-29 19:25:39 --> Session: Class initialized using 'CodeIgniter\Session\Handlers\FileHandler' driver.
DEBUG - 2025-01-29 19:25:42 --> Session: Class initialized using 'CodeIgniter\Session\Handlers\FileHandler' driver.
DEBUG - 2025-01-29 19:27:11 --> Session: Class initialized using 'CodeIgniter\Session\Handlers\FileHandler' driver.
INFO - 2025-01-29 19:27:11 --> CLASS: \Site\Config\Info
INFO - 2025-01-29 19:27:11 --> CLASS: \Live\Config\Info
DEBUG - 2025-01-29 19:27:14 --> Session: Class initialized using 'CodeIgniter\Session\Handlers\FileHandler' driver.
DEBUG - 2025-01-29 19:29:18 --> Session: Class initialized using 'CodeIgniter\Session\Handlers\FileHandler' driver.
INFO - 2025-01-29 19:29:18 --> CLASS: \Site\Config\Info
INFO - 2025-01-29 19:29:18 --> CLASS: \Live\Config\Info
DEBUG - 2025-01-29 19:29:25 --> Session: Class initialized using 'CodeIgniter\Session\Handlers\FileHandler' driver.
DEBUG - 2025-01-29 19:31:00 --> Session: Class initialized using 'CodeIgniter\Session\Handlers\FileHandler' driver.
INFO - 2025-01-29 19:31:00 --> CLASS: \Site\Config\Info
INFO - 2025-01-29 19:31:00 --> CLASS: \Live\Config\Info
DEBUG - 2025-01-29 19:31:05 --> Session: Class initialized using 'CodeIgniter\Session\Handlers\FileHandler' driver.
DEBUG - 2025-01-29 19:33:46 --> Session: Class initialized using 'CodeIgniter\Session\Handlers\FileHandler' driver.
INFO - 2025-01-29 19:33:46 --> CLASS: \Site\Config\Info
INFO - 2025-01-29 19:33:46 --> CLASS: \Live\Config\Info
DEBUG - 2025-01-29 19:33:47 --> Session: Class initialized using 'CodeIgniter\Session\Handlers\FileHandler' driver.
INFO - 2025-01-29 19:33:47 --> CLASS: \Site\Config\Info
INFO - 2025-01-29 19:33:47 --> CLASS: \Live\Config\Info
DEBUG - 2025-01-29 19:33:48 --> Session: Class initialized using 'CodeIgniter\Session\Handlers\FileHandler' driver.
DEBUG - 2025-01-29 22:29:00 --> Session: Class initialized using 'CodeIgniter\Session\Handlers\FileHandler' driver.
CRITICAL - 2025-01-29 22:29:01 --> CodeIgniter\Security\Exceptions\SecurityException: A ação que você requisitou não é permitida.
[Method: POST, Route: admin/plugin/2/inactivate]
in SYSTEMPATH\Security\Security.php on line 262.
 1 SYSTEMPATH\Security\Security.php(262): CodeIgniter\Security\Exceptions\SecurityException::forDisallowedAction()
 2 SYSTEMPATH\Filters\CSRF.php(52): CodeIgniter\Security\Security->verify(Object(CodeIgniter\HTTP\IncomingRequest))
 3 SYSTEMPATH\Filters\Filters.php(241): CodeIgniter\Filters\CSRF->before(Object(CodeIgniter\HTTP\IncomingRequest), null)
 4 SYSTEMPATH\Filters\Filters.php(221): CodeIgniter\Filters\Filters->runBefore([...])
 5 SYSTEMPATH\CodeIgniter.php(479): CodeIgniter\Filters\Filters->run('admin/plugin/2/inactivate', 'before')
 6 SYSTEMPATH\CodeIgniter.php(354): CodeIgniter\CodeIgniter->handleRequest(null, Object(Config\Cache), false)
 7 SYSTEMPATH\Boot.php(334): CodeIgniter\CodeIgniter->run()
 8 SYSTEMPATH\Boot.php(67): CodeIgniter\Boot::runCodeIgniter(Object(CodeIgniter\CodeIgniter))
 9 FCPATH\index.php(56): CodeIgniter\Boot::bootWeb(Object(Config\Paths))
DEBUG - 2025-01-29 22:29:08 --> Session: Class initialized using 'CodeIgniter\Session\Handlers\FileHandler' driver.
DEBUG - 2025-01-29 22:29:09 --> Session: Class initialized using 'CodeIgniter\Session\Handlers\FileHandler' driver.
INFO - 2025-01-29 22:29:09 --> CLASS: \Site\Config\Info
INFO - 2025-01-29 22:29:09 --> CLASS: \Live\Config\Info
DEBUG - 2025-01-29 22:29:11 --> Session: Class initialized using 'CodeIgniter\Session\Handlers\FileHandler' driver.
DEBUG - 2025-01-29 22:29:13 --> Session: Class initialized using 'CodeIgniter\Session\Handlers\FileHandler' driver.
INFO - 2025-01-29 22:29:13 --> CSRF token verified.
INFO - 2025-01-29 22:29:13 --> CLASS: \Site\Config\Info
INFO - 2025-01-29 22:29:13 --> CLASS: \Live\Config\Info
DEBUG - 2025-01-29 22:29:14 --> Session: Class initialized using 'CodeIgniter\Session\Handlers\FileHandler' driver.
INFO - 2025-01-29 22:29:14 --> CLASS: \Site\Config\Info
INFO - 2025-01-29 22:29:14 --> CLASS: \Live\Config\Info
DEBUG - 2025-01-29 22:29:16 --> Session: Class initialized using 'CodeIgniter\Session\Handlers\FileHandler' driver.
INFO - 2025-01-29 22:29:16 --> CLASS: \Site\Config\Info
INFO - 2025-01-29 22:29:16 --> CLASS: \Live\Config\Info
DEBUG - 2025-01-29 22:29:17 --> Session: Class initialized using 'CodeIgniter\Session\Handlers\FileHandler' driver.
INFO - 2025-01-29 22:29:17 --> CLASS: \Site\Config\Info
INFO - 2025-01-29 22:29:17 --> CLASS: \Live\Config\Info
DEBUG - 2025-01-29 22:29:18 --> Session: Class initialized using 'CodeIgniter\Session\Handlers\FileHandler' driver.
DEBUG - 2025-01-29 22:29:22 --> Session: Class initialized using 'CodeIgniter\Session\Handlers\FileHandler' driver.
INFO - 2025-01-29 22:29:22 --> CSRF token verified.
INFO - 2025-01-29 22:29:22 --> CLASS: \Site\Config\Info
INFO - 2025-01-29 22:29:22 --> CLASS: \Live\Config\Info
DEBUG - 2025-01-29 22:29:23 --> Session: Class initialized using 'CodeIgniter\Session\Handlers\FileHandler' driver.
INFO - 2025-01-29 22:29:23 --> CLASS: \Site\Config\Info
DEBUG - 2025-01-29 22:29:24 --> Session: Class initialized using 'CodeIgniter\Session\Handlers\FileHandler' driver.
INFO - 2025-01-29 22:29:24 --> CLASS: \Site\Config\Info
DEBUG - 2025-01-29 22:29:25 --> Session: Class initialized using 'CodeIgniter\Session\Handlers\FileHandler' driver.
DEBUG - 2025-01-29 22:30:48 --> Session: Class initialized using 'CodeIgniter\Session\Handlers\FileHandler' driver.
INFO - 2025-01-29 22:30:48 --> CLASS: \Site\Config\Info
DEBUG - 2025-01-29 22:30:49 --> Session: Class initialized using 'CodeIgniter\Session\Handlers\FileHandler' driver.
INFO - 2025-01-29 22:30:49 --> CLASS: \Site\Config\Info
DEBUG - 2025-01-29 22:30:50 --> Session: Class initialized using 'CodeIgniter\Session\Handlers\FileHandler' driver.
DEBUG - 2025-01-29 22:31:06 --> Session: Class initialized using 'CodeIgniter\Session\Handlers\FileHandler' driver.
INFO - 2025-01-29 22:31:06 --> CLASS: \Site\Config\Info
DEBUG - 2025-01-29 22:31:08 --> Session: Class initialized using 'CodeIgniter\Session\Handlers\FileHandler' driver.
INFO - 2025-01-29 22:31:08 --> CLASS: \Site\Config\Info
DEBUG - 2025-01-29 22:31:09 --> Session: Class initialized using 'CodeIgniter\Session\Handlers\FileHandler' driver.
DEBUG - 2025-01-29 22:32:11 --> Session: Class initialized using 'CodeIgniter\Session\Handlers\FileHandler' driver.
INFO - 2025-01-29 22:32:11 --> CLASS: \Site\Config\Info
DEBUG - 2025-01-29 22:32:18 --> Session: Class initialized using 'CodeIgniter\Session\Handlers\FileHandler' driver.
