DEBUG - 2025-02-02 11:19:24 --> Session: Class initialized using 'CodeIgniter\Session\Handlers\FileHandler' driver.
DEBUG - 2025-02-02 11:19:25 --> Session: Class initialized using 'CodeIgniter\Session\Handlers\FileHandler' driver.
INFO - 2025-02-02 11:19:25 --> CLASS: \Site\Config\Info
DEBUG - 2025-02-02 11:19:27 --> Session: Class initialized using 'CodeIgniter\Session\Handlers\FileHandler' driver.
DEBUG - 2025-02-02 11:19:30 --> Session: Class initialized using 'CodeIgniter\Session\Handlers\FileHandler' driver.
INFO - 2025-02-02 11:19:30 --> CSRF token verified.
INFO - 2025-02-02 11:19:30 --> CLASS: \Site\Config\Info
DEBUG - 2025-02-02 11:19:31 --> Session: Class initialized using 'CodeIgniter\Session\Handlers\FileHandler' driver.
INFO - 2025-02-02 11:19:31 --> CLASS: \Site\Config\Info
CRITICAL - 2025-02-02 11:19:31 --> ErrorException: Attempt to read property "id" on array
[Method: GET, Route: admin/site/layouts]
in ROOTPATH\plugins\Site\Controllers\Panel\Layouts.php on line 50.
 1 ROOTPATH\plugins\Site\Controllers\Panel\Layouts.php(50): CodeIgniter\Debug\Exceptions->errorHandler(2, 'Attempt to read property "id" on array', 'C:\\public_html\\kchurch\\plugins\\Site\\Controllers\\Panel\\Layouts.php', 50)
 2 ROOTPATH\plugins\Site\Controllers\Panel\Layouts.php(33): Site\Controllers\Panel\Layouts->getLayouts()
 3 SYSTEMPATH\CodeIgniter.php(933): Site\Controllers\Panel\Layouts->index()
 4 SYSTEMPATH\CodeIgniter.php(507): CodeIgniter\CodeIgniter->runController(Object(Site\Controllers\Panel\Layouts))
 5 SYSTEMPATH\CodeIgniter.php(354): CodeIgniter\CodeIgniter->handleRequest(null, Object(Config\Cache), false)
 6 SYSTEMPATH\Boot.php(334): CodeIgniter\CodeIgniter->run()
 7 SYSTEMPATH\Boot.php(67): CodeIgniter\Boot::runCodeIgniter(Object(CodeIgniter\CodeIgniter))
 8 FCPATH\index.php(63): CodeIgniter\Boot::bootWeb(Object(Config\Paths))
DEBUG - 2025-02-02 11:40:11 --> Session: Class initialized using 'CodeIgniter\Session\Handlers\FileHandler' driver.
INFO - 2025-02-02 11:40:15 --> CLASS: \Site\Config\Info
DEBUG - 2025-02-02 11:42:59 --> Session: Class initialized using 'CodeIgniter\Session\Handlers\FileHandler' driver.
INFO - 2025-02-02 11:42:59 --> CLASS: \Site\Config\Info
ERROR - 2025-02-02 11:42:59 --> mysqli_sql_exception: Unknown column 'layouts.deleted_at' in 'where clause' in C:\public_html\kchurch\vendor\codeigniter4\framework\system\Database\MySQLi\Connection.php:327
Stack trace:
#0 C:\public_html\kchurch\vendor\codeigniter4\framework\system\Database\MySQLi\Connection.php(327): mysqli->query('SELECT *\nFROM `...', 0)
#1 C:\public_html\kchurch\vendor\codeigniter4\framework\system\Database\BaseConnection.php(738): CodeIgniter\Database\MySQLi\Connection->execute('SELECT *\nFROM `...')
#2 C:\public_html\kchurch\vendor\codeigniter4\framework\system\Database\BaseConnection.php(652): CodeIgniter\Database\BaseConnection->simpleQuery('SELECT *\nFROM `...')
#3 C:\public_html\kchurch\vendor\codeigniter4\framework\system\Database\BaseBuilder.php(1649): CodeIgniter\Database\BaseConnection->query('SELECT *\nFROM `...', Array, false)
#4 C:\public_html\kchurch\vendor\codeigniter4\framework\system\Model.php(286): CodeIgniter\Database\BaseBuilder->get()
#5 C:\public_html\kchurch\vendor\codeigniter4\framework\system\BaseModel.php(675): CodeIgniter\Model->doFindAll(0, 0)
#6 C:\public_html\kchurch\plugins\Site\Controllers\Panel\Layouts.php(48): CodeIgniter\BaseModel->findAll()
#7 C:\public_html\kchurch\plugins\Site\Controllers\Panel\Layouts.php(33): Site\Controllers\Panel\Layouts->getLayouts()
#8 C:\public_html\kchurch\vendor\codeigniter4\framework\system\CodeIgniter.php(933): Site\Controllers\Panel\Layouts->index()
#9 C:\public_html\kchurch\vendor\codeigniter4\framework\system\CodeIgniter.php(507): CodeIgniter\CodeIgniter->runController(Object(Site\Controllers\Panel\Layouts))
#10 C:\public_html\kchurch\vendor\codeigniter4\framework\system\CodeIgniter.php(354): CodeIgniter\CodeIgniter->handleRequest(NULL, Object(Config\Cache), false)
#11 C:\public_html\kchurch\vendor\codeigniter4\framework\system\Boot.php(334): CodeIgniter\CodeIgniter->run()
#12 C:\public_html\kchurch\vendor\codeigniter4\framework\system\Boot.php(67): CodeIgniter\Boot::runCodeIgniter(Object(CodeIgniter\CodeIgniter))
#13 C:\public_html\kchurch\public\index.php(63): CodeIgniter\Boot::bootWeb(Object(Config\Paths))
#14 {main}
CRITICAL - 2025-02-02 11:42:59 --> CodeIgniter\Database\Exceptions\DatabaseException: Unknown column 'layouts.deleted_at' in 'where clause'
[Method: GET, Route: admin/site/layouts]
in SYSTEMPATH\Database\BaseConnection.php on line 692.
 1 SYSTEMPATH\Database\BaseBuilder.php(1649): CodeIgniter\Database\BaseConnection->query('SELECT *
FROM `layouts`
WHERE `layouts`.`deleted_at` IS NULL', [], false)
 2 SYSTEMPATH\Model.php(286): CodeIgniter\Database\BaseBuilder->get()
 3 SYSTEMPATH\BaseModel.php(675): CodeIgniter\Model->doFindAll(0, 0)
 4 ROOTPATH\plugins\Site\Controllers\Panel\Layouts.php(48): CodeIgniter\BaseModel->findAll()
 5 ROOTPATH\plugins\Site\Controllers\Panel\Layouts.php(33): Site\Controllers\Panel\Layouts->getLayouts()
 6 SYSTEMPATH\CodeIgniter.php(933): Site\Controllers\Panel\Layouts->index()
 7 SYSTEMPATH\CodeIgniter.php(507): CodeIgniter\CodeIgniter->runController(Object(Site\Controllers\Panel\Layouts))
 8 SYSTEMPATH\CodeIgniter.php(354): CodeIgniter\CodeIgniter->handleRequest(null, Object(Config\Cache), false)
 9 SYSTEMPATH\Boot.php(334): CodeIgniter\CodeIgniter->run()
10 SYSTEMPATH\Boot.php(67): CodeIgniter\Boot::runCodeIgniter(Object(CodeIgniter\CodeIgniter))
11 FCPATH\index.php(63): CodeIgniter\Boot::bootWeb(Object(Config\Paths))
CRITICAL - 2025-02-02 11:42:59 --> [Caused by] CodeIgniter\Database\Exceptions\DatabaseException: Unknown column 'layouts.deleted_at' in 'where clause'
in SYSTEMPATH\Database\MySQLi\Connection.php on line 332.
 1 SYSTEMPATH\Database\BaseConnection.php(738): CodeIgniter\Database\MySQLi\Connection->execute('SELECT *
FROM `layouts`
WHERE `layouts`.`deleted_at` IS NULL')
 2 SYSTEMPATH\Database\BaseConnection.php(652): CodeIgniter\Database\BaseConnection->simpleQuery('SELECT *
FROM `layouts`
WHERE `layouts`.`deleted_at` IS NULL')
 3 SYSTEMPATH\Database\BaseBuilder.php(1649): CodeIgniter\Database\BaseConnection->query('SELECT *
FROM `layouts`
WHERE `layouts`.`deleted_at` IS NULL', [], false)
 4 SYSTEMPATH\Model.php(286): CodeIgniter\Database\BaseBuilder->get()
 5 SYSTEMPATH\BaseModel.php(675): CodeIgniter\Model->doFindAll(0, 0)
 6 ROOTPATH\plugins\Site\Controllers\Panel\Layouts.php(48): CodeIgniter\BaseModel->findAll()
 7 ROOTPATH\plugins\Site\Controllers\Panel\Layouts.php(33): Site\Controllers\Panel\Layouts->getLayouts()
 8 SYSTEMPATH\CodeIgniter.php(933): Site\Controllers\Panel\Layouts->index()
 9 SYSTEMPATH\CodeIgniter.php(507): CodeIgniter\CodeIgniter->runController(Object(Site\Controllers\Panel\Layouts))
10 SYSTEMPATH\CodeIgniter.php(354): CodeIgniter\CodeIgniter->handleRequest(null, Object(Config\Cache), false)
11 SYSTEMPATH\Boot.php(334): CodeIgniter\CodeIgniter->run()
12 SYSTEMPATH\Boot.php(67): CodeIgniter\Boot::runCodeIgniter(Object(CodeIgniter\CodeIgniter))
13 FCPATH\index.php(63): CodeIgniter\Boot::bootWeb(Object(Config\Paths))
CRITICAL - 2025-02-02 11:42:59 --> [Caused by] mysqli_sql_exception: Unknown column 'layouts.deleted_at' in 'where clause'
in SYSTEMPATH\Database\MySQLi\Connection.php on line 327.
 1 SYSTEMPATH\Database\MySQLi\Connection.php(327): mysqli->query('SELECT *
FROM `layouts`
WHERE `layouts`.`deleted_at` IS NULL', 0)
 2 SYSTEMPATH\Database\BaseConnection.php(738): CodeIgniter\Database\MySQLi\Connection->execute('SELECT *
FROM `layouts`
WHERE `layouts`.`deleted_at` IS NULL')
 3 SYSTEMPATH\Database\BaseConnection.php(652): CodeIgniter\Database\BaseConnection->simpleQuery('SELECT *
FROM `layouts`
WHERE `layouts`.`deleted_at` IS NULL')
 4 SYSTEMPATH\Database\BaseBuilder.php(1649): CodeIgniter\Database\BaseConnection->query('SELECT *
FROM `layouts`
WHERE `layouts`.`deleted_at` IS NULL', [], false)
 5 SYSTEMPATH\Model.php(286): CodeIgniter\Database\BaseBuilder->get()
 6 SYSTEMPATH\BaseModel.php(675): CodeIgniter\Model->doFindAll(0, 0)
 7 ROOTPATH\plugins\Site\Controllers\Panel\Layouts.php(48): CodeIgniter\BaseModel->findAll()
 8 ROOTPATH\plugins\Site\Controllers\Panel\Layouts.php(33): Site\Controllers\Panel\Layouts->getLayouts()
 9 SYSTEMPATH\CodeIgniter.php(933): Site\Controllers\Panel\Layouts->index()
10 SYSTEMPATH\CodeIgniter.php(507): CodeIgniter\CodeIgniter->runController(Object(Site\Controllers\Panel\Layouts))
11 SYSTEMPATH\CodeIgniter.php(354): CodeIgniter\CodeIgniter->handleRequest(null, Object(Config\Cache), false)
12 SYSTEMPATH\Boot.php(334): CodeIgniter\CodeIgniter->run()
13 SYSTEMPATH\Boot.php(67): CodeIgniter\Boot::runCodeIgniter(Object(CodeIgniter\CodeIgniter))
14 FCPATH\index.php(63): CodeIgniter\Boot::bootWeb(Object(Config\Paths))
DEBUG - 2025-02-02 11:43:32 --> Session: Class initialized using 'CodeIgniter\Session\Handlers\FileHandler' driver.
INFO - 2025-02-02 11:43:32 --> CLASS: \Site\Config\Info
DEBUG - 2025-02-02 11:43:48 --> Session: Class initialized using 'CodeIgniter\Session\Handlers\FileHandler' driver.
INFO - 2025-02-02 11:43:49 --> CLASS: \Site\Config\Info
DEBUG - 2025-02-02 11:43:52 --> Session: Class initialized using 'CodeIgniter\Session\Handlers\FileHandler' driver.
INFO - 2025-02-02 11:43:53 --> CLASS: \Site\Config\Info
DEBUG - 2025-02-02 11:44:05 --> Session: Class initialized using 'CodeIgniter\Session\Handlers\FileHandler' driver.
INFO - 2025-02-02 11:44:05 --> CLASS: \Site\Config\Info
DEBUG - 2025-02-02 11:44:05 --> Session: Class initialized using 'CodeIgniter\Session\Handlers\FileHandler' driver.
DEBUG - 2025-02-02 11:44:14 --> Session: Class initialized using 'CodeIgniter\Session\Handlers\FileHandler' driver.
INFO - 2025-02-02 11:44:14 --> CLASS: \Site\Config\Info
DEBUG - 2025-02-02 11:44:17 --> Session: Class initialized using 'CodeIgniter\Session\Handlers\FileHandler' driver.
INFO - 2025-02-02 11:44:17 --> CLASS: \Site\Config\Info
DEBUG - 2025-02-02 11:44:17 --> Session: Class initialized using 'CodeIgniter\Session\Handlers\FileHandler' driver.
DEBUG - 2025-02-02 11:44:54 --> Session: Class initialized using 'CodeIgniter\Session\Handlers\FileHandler' driver.
INFO - 2025-02-02 11:44:54 --> CLASS: \Site\Config\Info
DEBUG - 2025-02-02 11:44:55 --> Session: Class initialized using 'CodeIgniter\Session\Handlers\FileHandler' driver.
INFO - 2025-02-02 11:44:55 --> CLASS: \Site\Config\Info
DEBUG - 2025-02-02 11:44:56 --> Session: Class initialized using 'CodeIgniter\Session\Handlers\FileHandler' driver.
DEBUG - 2025-02-02 13:21:19 --> Session: Class initialized using 'CodeIgniter\Session\Handlers\FileHandler' driver.
INFO - 2025-02-02 13:21:19 --> CLASS: \Site\Config\Info
CRITICAL - 2025-02-02 13:21:19 --> ErrorException: Undefined property: stdClass::$author
[Method: GET, Route: admin/site/layouts]
in ROOTPATH\plugins\Site\Controllers\Panel\Layouts.php on line 53.
 1 ROOTPATH\plugins\Site\Controllers\Panel\Layouts.php(53): CodeIgniter\Debug\Exceptions->errorHandler(2, 'Undefined property: stdClass::$author', 'C:\\public_html\\kchurch\\plugins\\Site\\Controllers\\Panel\\Layouts.php', 53)
 2 ROOTPATH\plugins\Site\Controllers\Panel\Layouts.php(33): Site\Controllers\Panel\Layouts->getLayouts()
 3 SYSTEMPATH\CodeIgniter.php(933): Site\Controllers\Panel\Layouts->index()
 4 SYSTEMPATH\CodeIgniter.php(507): CodeIgniter\CodeIgniter->runController(Object(Site\Controllers\Panel\Layouts))
 5 SYSTEMPATH\CodeIgniter.php(354): CodeIgniter\CodeIgniter->handleRequest(null, Object(Config\Cache), false)
 6 SYSTEMPATH\Boot.php(334): CodeIgniter\CodeIgniter->run()
 7 SYSTEMPATH\Boot.php(67): CodeIgniter\Boot::runCodeIgniter(Object(CodeIgniter\CodeIgniter))
 8 FCPATH\index.php(63): CodeIgniter\Boot::bootWeb(Object(Config\Paths))
DEBUG - 2025-02-02 13:21:55 --> Session: Class initialized using 'CodeIgniter\Session\Handlers\FileHandler' driver.
INFO - 2025-02-02 13:21:55 --> CLASS: \Site\Config\Info
DEBUG - 2025-02-02 13:21:57 --> Session: Class initialized using 'CodeIgniter\Session\Handlers\FileHandler' driver.
INFO - 2025-02-02 13:21:57 --> CLASS: \Site\Config\Info
DEBUG - 2025-02-02 13:22:03 --> Session: Class initialized using 'CodeIgniter\Session\Handlers\FileHandler' driver.
DEBUG - 2025-02-02 13:22:12 --> Session: Class initialized using 'CodeIgniter\Session\Handlers\FileHandler' driver.
INFO - 2025-02-02 13:22:12 --> CLASS: \Site\Config\Info
DEBUG - 2025-02-02 13:24:35 --> Session: Class initialized using 'CodeIgniter\Session\Handlers\FileHandler' driver.
INFO - 2025-02-02 13:24:35 --> CLASS: \Site\Config\Info
DEBUG - 2025-02-02 13:24:36 --> Session: Class initialized using 'CodeIgniter\Session\Handlers\FileHandler' driver.
INFO - 2025-02-02 13:24:36 --> CLASS: \Site\Config\Info
DEBUG - 2025-02-02 13:24:37 --> Session: Class initialized using 'CodeIgniter\Session\Handlers\FileHandler' driver.
DEBUG - 2025-02-02 13:26:27 --> Session: Class initialized using 'CodeIgniter\Session\Handlers\FileHandler' driver.
INFO - 2025-02-02 13:26:27 --> CLASS: \Site\Config\Info
CRITICAL - 2025-02-02 13:26:27 --> Error: Call to undefined function dateFormat()
[Method: GET, Route: admin/site/layouts]
in ROOTPATH\plugins\Site\Views\panel\layouts\index.php on line 64.
 1 SYSTEMPATH\View\View.php(224): include()
 2 SYSTEMPATH\View\View.php(227): CodeIgniter\View\View->CodeIgniter\View\{closure}()
 3 SYSTEMPATH\Common.php(1173): CodeIgniter\View\View->render('Site\\Views\\panel\\layouts\\index', [], true)
 4 ROOTPATH\plugins\Site\Controllers\BaseController.php(58): view('Site\\Views\\panel\\layouts\\index', [...])
 5 ROOTPATH\plugins\Site\Controllers\Panel\Layouts.php(35): Site\Controllers\BaseController->view('panel\\layouts\\index', [...])
 6 SYSTEMPATH\CodeIgniter.php(933): Site\Controllers\Panel\Layouts->index()
 7 SYSTEMPATH\CodeIgniter.php(507): CodeIgniter\CodeIgniter->runController(Object(Site\Controllers\Panel\Layouts))
 8 SYSTEMPATH\CodeIgniter.php(354): CodeIgniter\CodeIgniter->handleRequest(null, Object(Config\Cache), false)
 9 SYSTEMPATH\Boot.php(334): CodeIgniter\CodeIgniter->run()
10 SYSTEMPATH\Boot.php(67): CodeIgniter\Boot::runCodeIgniter(Object(CodeIgniter\CodeIgniter))
11 FCPATH\index.php(63): CodeIgniter\Boot::bootWeb(Object(Config\Paths))
DEBUG - 2025-02-02 13:26:56 --> Session: Class initialized using 'CodeIgniter\Session\Handlers\FileHandler' driver.
INFO - 2025-02-02 13:26:56 --> CLASS: \Site\Config\Info
DEBUG - 2025-02-02 13:26:58 --> Session: Class initialized using 'CodeIgniter\Session\Handlers\FileHandler' driver.
INFO - 2025-02-02 13:26:58 --> CLASS: \Site\Config\Info
DEBUG - 2025-02-02 13:26:58 --> Session: Class initialized using 'CodeIgniter\Session\Handlers\FileHandler' driver.
DEBUG - 2025-02-02 13:27:13 --> Session: Class initialized using 'CodeIgniter\Session\Handlers\FileHandler' driver.
INFO - 2025-02-02 13:27:13 --> CLASS: \Site\Config\Info
DEBUG - 2025-02-02 13:27:14 --> Session: Class initialized using 'CodeIgniter\Session\Handlers\FileHandler' driver.
INFO - 2025-02-02 13:27:14 --> CLASS: \Site\Config\Info
DEBUG - 2025-02-02 13:27:14 --> Session: Class initialized using 'CodeIgniter\Session\Handlers\FileHandler' driver.
DEBUG - 2025-02-02 13:44:27 --> Session: Class initialized using 'CodeIgniter\Session\Handlers\FileHandler' driver.
INFO - 2025-02-02 13:44:28 --> CLASS: \Site\Config\Info
DEBUG - 2025-02-02 13:44:29 --> Session: Class initialized using 'CodeIgniter\Session\Handlers\FileHandler' driver.
INFO - 2025-02-02 13:44:29 --> CLASS: \Site\Config\Info
DEBUG - 2025-02-02 13:44:30 --> Session: Class initialized using 'CodeIgniter\Session\Handlers\FileHandler' driver.
DEBUG - 2025-02-02 13:46:28 --> Session: Class initialized using 'CodeIgniter\Session\Handlers\FileHandler' driver.
INFO - 2025-02-02 13:46:28 --> CLASS: \Site\Config\Info
DEBUG - 2025-02-02 13:46:29 --> Session: Class initialized using 'CodeIgniter\Session\Handlers\FileHandler' driver.
INFO - 2025-02-02 13:46:29 --> CLASS: \Site\Config\Info
DEBUG - 2025-02-02 13:46:33 --> Session: Class initialized using 'CodeIgniter\Session\Handlers\FileHandler' driver.
INFO - 2025-02-02 13:46:33 --> CLASS: \Site\Config\Info
DEBUG - 2025-02-02 13:46:34 --> Session: Class initialized using 'CodeIgniter\Session\Handlers\FileHandler' driver.
DEBUG - 2025-02-02 13:46:36 --> Session: Class initialized using 'CodeIgniter\Session\Handlers\FileHandler' driver.
INFO - 2025-02-02 13:46:36 --> CLASS: \Site\Config\Info
DEBUG - 2025-02-02 13:46:39 --> Session: Class initialized using 'CodeIgniter\Session\Handlers\FileHandler' driver.
INFO - 2025-02-02 13:46:39 --> CLASS: \Site\Config\Info
DEBUG - 2025-02-02 13:46:40 --> Session: Class initialized using 'CodeIgniter\Session\Handlers\FileHandler' driver.
DEBUG - 2025-02-02 13:47:27 --> Session: Class initialized using 'CodeIgniter\Session\Handlers\FileHandler' driver.
INFO - 2025-02-02 13:47:27 --> CLASS: \Site\Config\Info
DEBUG - 2025-02-02 13:47:28 --> Session: Class initialized using 'CodeIgniter\Session\Handlers\FileHandler' driver.
INFO - 2025-02-02 13:47:29 --> CLASS: \Site\Config\Info
DEBUG - 2025-02-02 13:47:32 --> Session: Class initialized using 'CodeIgniter\Session\Handlers\FileHandler' driver.
DEBUG - 2025-02-02 13:47:32 --> Session: Class initialized using 'CodeIgniter\Session\Handlers\FileHandler' driver.
INFO - 2025-02-02 13:47:32 --> CLASS: \Site\Config\Info
DEBUG - 2025-02-02 13:47:32 --> Session: Class initialized using 'CodeIgniter\Session\Handlers\FileHandler' driver.
INFO - 2025-02-02 13:47:32 --> CLASS: \Site\Config\Info
DEBUG - 2025-02-02 13:47:35 --> Session: Class initialized using 'CodeIgniter\Session\Handlers\FileHandler' driver.
INFO - 2025-02-02 13:47:36 --> CLASS: \Site\Config\Info
DEBUG - 2025-02-02 13:47:42 --> Session: Class initialized using 'CodeIgniter\Session\Handlers\FileHandler' driver.
INFO - 2025-02-02 13:47:42 --> CLASS: \Site\Config\Info
DEBUG - 2025-02-02 13:47:44 --> Session: Class initialized using 'CodeIgniter\Session\Handlers\FileHandler' driver.
DEBUG - 2025-02-02 13:48:54 --> Session: Class initialized using 'CodeIgniter\Session\Handlers\FileHandler' driver.
INFO - 2025-02-02 13:48:54 --> CLASS: \Site\Config\Info
DEBUG - 2025-02-02 13:48:56 --> Session: Class initialized using 'CodeIgniter\Session\Handlers\FileHandler' driver.
INFO - 2025-02-02 13:48:56 --> CLASS: \Site\Config\Info
DEBUG - 2025-02-02 13:48:58 --> Session: Class initialized using 'CodeIgniter\Session\Handlers\FileHandler' driver.
DEBUG - 2025-02-02 13:51:48 --> Session: Class initialized using 'CodeIgniter\Session\Handlers\FileHandler' driver.
INFO - 2025-02-02 13:51:48 --> CLASS: \Site\Config\Info
DEBUG - 2025-02-02 13:51:50 --> Session: Class initialized using 'CodeIgniter\Session\Handlers\FileHandler' driver.
DEBUG - 2025-02-02 13:51:51 --> Session: Class initialized using 'CodeIgniter\Session\Handlers\FileHandler' driver.
INFO - 2025-02-02 13:51:51 --> CLASS: \Site\Config\Info
DEBUG - 2025-02-02 13:53:08 --> Session: Class initialized using 'CodeIgniter\Session\Handlers\FileHandler' driver.
INFO - 2025-02-02 13:53:08 --> CLASS: \Site\Config\Info
CRITICAL - 2025-02-02 13:53:08 --> ErrorException: Undefined array key "code"
[Method: GET, Route: admin/site/layouts]
in ROOTPATH\plugins\Site\Views\panel\layouts\index.php on line 71.
 1 ROOTPATH\plugins\Site\Views\panel\layouts\index.php(71): CodeIgniter\Debug\Exceptions->errorHandler(2, 'Undefined array key "code"', 'C:\\public_html\\kchurch\\plugins\\Site\\Views\\panel\\layouts\\index.php', 71)
 2 SYSTEMPATH\View\View.php(224): include('C:\\public_html\\kchurch\\plugins\\Site\\Views\\panel\\layouts\\index.php')
 3 SYSTEMPATH\View\View.php(227): CodeIgniter\View\View->CodeIgniter\View\{closure}()
 4 SYSTEMPATH\Common.php(1173): CodeIgniter\View\View->render('Site\\Views\\panel\\layouts\\index', [], true)
 5 ROOTPATH\plugins\Site\Controllers\BaseController.php(58): view('Site\\Views\\panel\\layouts\\index', [...])
 6 ROOTPATH\plugins\Site\Controllers\Panel\Layouts.php(35): Site\Controllers\BaseController->view('panel\\layouts\\index', [...])
 7 SYSTEMPATH\CodeIgniter.php(933): Site\Controllers\Panel\Layouts->index()
 8 SYSTEMPATH\CodeIgniter.php(507): CodeIgniter\CodeIgniter->runController(Object(Site\Controllers\Panel\Layouts))
 9 SYSTEMPATH\CodeIgniter.php(354): CodeIgniter\CodeIgniter->handleRequest(null, Object(Config\Cache), false)
10 SYSTEMPATH\Boot.php(334): CodeIgniter\CodeIgniter->run()
11 SYSTEMPATH\Boot.php(67): CodeIgniter\Boot::runCodeIgniter(Object(CodeIgniter\CodeIgniter))
12 FCPATH\index.php(63): CodeIgniter\Boot::bootWeb(Object(Config\Paths))
DEBUG - 2025-02-02 13:53:40 --> Session: Class initialized using 'CodeIgniter\Session\Handlers\FileHandler' driver.
INFO - 2025-02-02 13:53:40 --> CLASS: \Site\Config\Info
DEBUG - 2025-02-02 13:53:41 --> Session: Class initialized using 'CodeIgniter\Session\Handlers\FileHandler' driver.
INFO - 2025-02-02 13:53:41 --> CLASS: \Site\Config\Info
DEBUG - 2025-02-02 13:53:42 --> Session: Class initialized using 'CodeIgniter\Session\Handlers\FileHandler' driver.
DEBUG - 2025-02-02 13:54:02 --> Session: Class initialized using 'CodeIgniter\Session\Handlers\FileHandler' driver.
INFO - 2025-02-02 13:54:03 --> CLASS: \Site\Config\Info
DEBUG - 2025-02-02 13:54:04 --> Session: Class initialized using 'CodeIgniter\Session\Handlers\FileHandler' driver.
INFO - 2025-02-02 13:54:04 --> CLASS: \Site\Config\Info
DEBUG - 2025-02-02 13:54:05 --> Session: Class initialized using 'CodeIgniter\Session\Handlers\FileHandler' driver.
DEBUG - 2025-02-02 13:54:31 --> Session: Class initialized using 'CodeIgniter\Session\Handlers\FileHandler' driver.
INFO - 2025-02-02 13:54:31 --> CLASS: \Site\Config\Info
DEBUG - 2025-02-02 13:54:32 --> Session: Class initialized using 'CodeIgniter\Session\Handlers\FileHandler' driver.
INFO - 2025-02-02 13:54:33 --> CLASS: \Site\Config\Info
DEBUG - 2025-02-02 13:54:33 --> Session: Class initialized using 'CodeIgniter\Session\Handlers\FileHandler' driver.
DEBUG - 2025-02-02 13:55:28 --> Session: Class initialized using 'CodeIgniter\Session\Handlers\FileHandler' driver.
INFO - 2025-02-02 13:55:28 --> CLASS: \Site\Config\Info
DEBUG - 2025-02-02 13:55:30 --> Session: Class initialized using 'CodeIgniter\Session\Handlers\FileHandler' driver.
INFO - 2025-02-02 13:55:30 --> CLASS: \Site\Config\Info
DEBUG - 2025-02-02 13:55:32 --> Session: Class initialized using 'CodeIgniter\Session\Handlers\FileHandler' driver.
DEBUG - 2025-02-02 13:55:42 --> Session: Class initialized using 'CodeIgniter\Session\Handlers\FileHandler' driver.
INFO - 2025-02-02 13:55:42 --> CLASS: \Site\Config\Info
DEBUG - 2025-02-02 13:55:45 --> Session: Class initialized using 'CodeIgniter\Session\Handlers\FileHandler' driver.
INFO - 2025-02-02 13:55:45 --> CLASS: \Site\Config\Info
DEBUG - 2025-02-02 13:55:46 --> Session: Class initialized using 'CodeIgniter\Session\Handlers\FileHandler' driver.
DEBUG - 2025-02-02 13:56:05 --> Session: Class initialized using 'CodeIgniter\Session\Handlers\FileHandler' driver.
INFO - 2025-02-02 13:56:06 --> CLASS: \Site\Config\Info
DEBUG - 2025-02-02 13:56:09 --> Session: Class initialized using 'CodeIgniter\Session\Handlers\FileHandler' driver.
INFO - 2025-02-02 13:56:09 --> CLASS: \Site\Config\Info
DEBUG - 2025-02-02 13:56:10 --> Session: Class initialized using 'CodeIgniter\Session\Handlers\FileHandler' driver.
DEBUG - 2025-02-02 13:58:14 --> Session: Class initialized using 'CodeIgniter\Session\Handlers\FileHandler' driver.
INFO - 2025-02-02 13:58:14 --> CLASS: \Site\Config\Info
CRITICAL - 2025-02-02 13:58:14 --> ErrorException: Undefined variable $template
[Method: GET, Route: admin/site/layouts]
in ROOTPATH\plugins\Site\Views\panel\layouts\index.php on line 58.
 1 ROOTPATH\plugins\Site\Views\panel\layouts\index.php(58): CodeIgniter\Debug\Exceptions->errorHandler(2, 'Undefined variable $template', 'C:\\public_html\\kchurch\\plugins\\Site\\Views\\panel\\layouts\\index.php', 58)
 2 SYSTEMPATH\View\View.php(224): include('C:\\public_html\\kchurch\\plugins\\Site\\Views\\panel\\layouts\\index.php')
 3 SYSTEMPATH\View\View.php(227): CodeIgniter\View\View->CodeIgniter\View\{closure}()
 4 SYSTEMPATH\Common.php(1173): CodeIgniter\View\View->render('Site\\Views\\panel\\layouts\\index', [], true)
 5 ROOTPATH\plugins\Site\Controllers\BaseController.php(58): view('Site\\Views\\panel\\layouts\\index', [...])
 6 ROOTPATH\plugins\Site\Controllers\Panel\Layouts.php(35): Site\Controllers\BaseController->view('panel\\layouts\\index', [...])
 7 SYSTEMPATH\CodeIgniter.php(933): Site\Controllers\Panel\Layouts->index()
 8 SYSTEMPATH\CodeIgniter.php(507): CodeIgniter\CodeIgniter->runController(Object(Site\Controllers\Panel\Layouts))
 9 SYSTEMPATH\CodeIgniter.php(354): CodeIgniter\CodeIgniter->handleRequest(null, Object(Config\Cache), false)
10 SYSTEMPATH\Boot.php(334): CodeIgniter\CodeIgniter->run()
11 SYSTEMPATH\Boot.php(67): CodeIgniter\Boot::runCodeIgniter(Object(CodeIgniter\CodeIgniter))
12 FCPATH\index.php(63): CodeIgniter\Boot::bootWeb(Object(Config\Paths))
DEBUG - 2025-02-02 13:59:18 --> Session: Class initialized using 'CodeIgniter\Session\Handlers\FileHandler' driver.
INFO - 2025-02-02 13:59:18 --> CLASS: \Site\Config\Info
CRITICAL - 2025-02-02 13:59:18 --> ErrorException: Undefined variable $template
[Method: GET, Route: admin/site/layouts]
in ROOTPATH\plugins\Site\Views\panel\layouts\index.php on line 58.
 1 ROOTPATH\plugins\Site\Views\panel\layouts\index.php(58): CodeIgniter\Debug\Exceptions->errorHandler(2, 'Undefined variable $template', 'C:\\public_html\\kchurch\\plugins\\Site\\Views\\panel\\layouts\\index.php', 58)
 2 SYSTEMPATH\View\View.php(224): include('C:\\public_html\\kchurch\\plugins\\Site\\Views\\panel\\layouts\\index.php')
 3 SYSTEMPATH\View\View.php(227): CodeIgniter\View\View->CodeIgniter\View\{closure}()
 4 SYSTEMPATH\Common.php(1173): CodeIgniter\View\View->render('Site\\Views\\panel\\layouts\\index', [], true)
 5 ROOTPATH\plugins\Site\Controllers\BaseController.php(58): view('Site\\Views\\panel\\layouts\\index', [...])
 6 ROOTPATH\plugins\Site\Controllers\Panel\Layouts.php(35): Site\Controllers\BaseController->view('panel\\layouts\\index', [...])
 7 SYSTEMPATH\CodeIgniter.php(933): Site\Controllers\Panel\Layouts->index()
 8 SYSTEMPATH\CodeIgniter.php(507): CodeIgniter\CodeIgniter->runController(Object(Site\Controllers\Panel\Layouts))
 9 SYSTEMPATH\CodeIgniter.php(354): CodeIgniter\CodeIgniter->handleRequest(null, Object(Config\Cache), false)
10 SYSTEMPATH\Boot.php(334): CodeIgniter\CodeIgniter->run()
11 SYSTEMPATH\Boot.php(67): CodeIgniter\Boot::runCodeIgniter(Object(CodeIgniter\CodeIgniter))
12 FCPATH\index.php(63): CodeIgniter\Boot::bootWeb(Object(Config\Paths))
DEBUG - 2025-02-02 14:01:29 --> Session: Class initialized using 'CodeIgniter\Session\Handlers\FileHandler' driver.
INFO - 2025-02-02 14:01:29 --> CLASS: \Site\Config\Info
CRITICAL - 2025-02-02 14:01:30 --> CodeIgniter\View\Exceptions\ViewException: Arquivo inválido: Site\Views\panellayouts\index.php
[Method: GET, Route: admin/site/layouts]
in SYSTEMPATH\Exceptions\FrameworkException.php on line 39.
 1 SYSTEMPATH\View\View.php(212): CodeIgniter\Exceptions\FrameworkException::forInvalidFile('Site\\Views\\panellayouts\\index.php')
 2 SYSTEMPATH\Common.php(1173): CodeIgniter\View\View->render('Site\\Views\\panellayouts\\index', [], true)
 3 ROOTPATH\plugins\Site\Controllers\BaseController.php(57): view('Site\\Views\\panellayouts\\index', [...])
 4 ROOTPATH\plugins\Site\Controllers\Panel\Layouts.php(35): Site\Controllers\BaseController->view('layouts\\index', [...])
 5 SYSTEMPATH\CodeIgniter.php(933): Site\Controllers\Panel\Layouts->index()
 6 SYSTEMPATH\CodeIgniter.php(507): CodeIgniter\CodeIgniter->runController(Object(Site\Controllers\Panel\Layouts))
 7 SYSTEMPATH\CodeIgniter.php(354): CodeIgniter\CodeIgniter->handleRequest(null, Object(Config\Cache), false)
 8 SYSTEMPATH\Boot.php(334): CodeIgniter\CodeIgniter->run()
 9 SYSTEMPATH\Boot.php(67): CodeIgniter\Boot::runCodeIgniter(Object(CodeIgniter\CodeIgniter))
10 FCPATH\index.php(63): CodeIgniter\Boot::bootWeb(Object(Config\Paths))
DEBUG - 2025-02-02 14:01:41 --> Session: Class initialized using 'CodeIgniter\Session\Handlers\FileHandler' driver.
INFO - 2025-02-02 14:01:41 --> CLASS: \Site\Config\Info
DEBUG - 2025-02-02 14:01:42 --> Session: Class initialized using 'CodeIgniter\Session\Handlers\FileHandler' driver.
INFO - 2025-02-02 14:01:42 --> CLASS: \Site\Config\Info
DEBUG - 2025-02-02 14:01:44 --> Session: Class initialized using 'CodeIgniter\Session\Handlers\FileHandler' driver.
DEBUG - 2025-02-02 14:04:56 --> Session: Class initialized using 'CodeIgniter\Session\Handlers\FileHandler' driver.
CRITICAL - 2025-02-02 14:04:56 --> ErrorException: Access level to Site\Controllers\Panel\Layouts::$layout must be public (as in class Site\Controllers\BaseController)
[Method: GET, Route: admin/site/layouts]
in ROOTPATH\plugins\Site\Controllers\Panel\Layouts.php on line 11.
 1 [internal function]: CodeIgniter\Debug\Exceptions->shutdownHandler()
DEBUG - 2025-02-02 14:05:36 --> Session: Class initialized using 'CodeIgniter\Session\Handlers\FileHandler' driver.
INFO - 2025-02-02 14:05:37 --> CLASS: \Site\Config\Info
CRITICAL - 2025-02-02 14:05:37 --> TypeError: Cannot assign null to property Site\Controllers\BaseController::$template of type string
[Method: GET, Route: admin/site/layouts]
in ROOTPATH\plugins\Site\Controllers\BaseController.php on line 40.
 1 SYSTEMPATH\CodeIgniter.php(904): Site\Controllers\BaseController->initController(Object(CodeIgniter\HTTP\IncomingRequest), Object(CodeIgniter\HTTP\Response), Object(CodeIgniter\Log\Logger))
 2 SYSTEMPATH\CodeIgniter.php(498): CodeIgniter\CodeIgniter->createController()
 3 SYSTEMPATH\CodeIgniter.php(354): CodeIgniter\CodeIgniter->handleRequest(null, Object(Config\Cache), false)
 4 SYSTEMPATH\Boot.php(334): CodeIgniter\CodeIgniter->run()
 5 SYSTEMPATH\Boot.php(67): CodeIgniter\Boot::runCodeIgniter(Object(CodeIgniter\CodeIgniter))
 6 FCPATH\index.php(63): CodeIgniter\Boot::bootWeb(Object(Config\Paths))
DEBUG - 2025-02-02 14:05:49 --> Session: Class initialized using 'CodeIgniter\Session\Handlers\FileHandler' driver.
INFO - 2025-02-02 14:05:49 --> CLASS: \Site\Config\Info
CRITICAL - 2025-02-02 14:05:49 --> TypeError: Cannot assign null to property Site\Controllers\BaseController::$template of type string
[Method: GET, Route: admin/site/layouts]
in ROOTPATH\plugins\Site\Controllers\BaseController.php on line 40.
 1 SYSTEMPATH\CodeIgniter.php(904): Site\Controllers\BaseController->initController(Object(CodeIgniter\HTTP\IncomingRequest), Object(CodeIgniter\HTTP\Response), Object(CodeIgniter\Log\Logger))
 2 SYSTEMPATH\CodeIgniter.php(498): CodeIgniter\CodeIgniter->createController()
 3 SYSTEMPATH\CodeIgniter.php(354): CodeIgniter\CodeIgniter->handleRequest(null, Object(Config\Cache), false)
 4 SYSTEMPATH\Boot.php(334): CodeIgniter\CodeIgniter->run()
 5 SYSTEMPATH\Boot.php(67): CodeIgniter\Boot::runCodeIgniter(Object(CodeIgniter\CodeIgniter))
 6 FCPATH\index.php(63): CodeIgniter\Boot::bootWeb(Object(Config\Paths))
DEBUG - 2025-02-02 14:05:57 --> Session: Class initialized using 'CodeIgniter\Session\Handlers\FileHandler' driver.
INFO - 2025-02-02 14:05:57 --> CLASS: \Site\Config\Info
DEBUG - 2025-02-02 14:06:01 --> Session: Class initialized using 'CodeIgniter\Session\Handlers\FileHandler' driver.
INFO - 2025-02-02 14:06:01 --> CLASS: \Site\Config\Info
DEBUG - 2025-02-02 14:06:03 --> Session: Class initialized using 'CodeIgniter\Session\Handlers\FileHandler' driver.
DEBUG - 2025-02-02 14:06:12 --> Session: Class initialized using 'CodeIgniter\Session\Handlers\FileHandler' driver.
INFO - 2025-02-02 14:06:12 --> CLASS: \Site\Config\Info
DEBUG - 2025-02-02 14:06:14 --> Session: Class initialized using 'CodeIgniter\Session\Handlers\FileHandler' driver.
INFO - 2025-02-02 14:06:14 --> CLASS: \Site\Config\Info
DEBUG - 2025-02-02 14:06:14 --> Session: Class initialized using 'CodeIgniter\Session\Handlers\FileHandler' driver.
DEBUG - 2025-02-02 14:06:31 --> Session: Class initialized using 'CodeIgniter\Session\Handlers\FileHandler' driver.
INFO - 2025-02-02 14:06:31 --> CLASS: \Site\Config\Info
DEBUG - 2025-02-02 14:06:33 --> Session: Class initialized using 'CodeIgniter\Session\Handlers\FileHandler' driver.
INFO - 2025-02-02 14:06:34 --> CLASS: \Site\Config\Info
DEBUG - 2025-02-02 14:06:34 --> Session: Class initialized using 'CodeIgniter\Session\Handlers\FileHandler' driver.
DEBUG - 2025-02-02 14:07:16 --> Session: Class initialized using 'CodeIgniter\Session\Handlers\FileHandler' driver.
INFO - 2025-02-02 14:07:16 --> CLASS: \Site\Config\Info
DEBUG - 2025-02-02 14:07:17 --> Session: Class initialized using 'CodeIgniter\Session\Handlers\FileHandler' driver.
INFO - 2025-02-02 14:07:17 --> CLASS: \Site\Config\Info
DEBUG - 2025-02-02 14:07:18 --> Session: Class initialized using 'CodeIgniter\Session\Handlers\FileHandler' driver.
DEBUG - 2025-02-02 14:08:14 --> Session: Class initialized using 'CodeIgniter\Session\Handlers\FileHandler' driver.
INFO - 2025-02-02 14:08:14 --> CLASS: \Site\Config\Info
DEBUG - 2025-02-02 14:08:17 --> Session: Class initialized using 'CodeIgniter\Session\Handlers\FileHandler' driver.
DEBUG - 2025-02-02 14:09:19 --> Session: Class initialized using 'CodeIgniter\Session\Handlers\FileHandler' driver.
INFO - 2025-02-02 14:09:20 --> CLASS: \Site\Config\Info
DEBUG - 2025-02-02 14:09:23 --> Session: Class initialized using 'CodeIgniter\Session\Handlers\FileHandler' driver.
INFO - 2025-02-02 14:09:23 --> CLASS: \Site\Config\Info
DEBUG - 2025-02-02 14:09:24 --> Session: Class initialized using 'CodeIgniter\Session\Handlers\FileHandler' driver.
DEBUG - 2025-02-02 14:09:33 --> Session: Class initialized using 'CodeIgniter\Session\Handlers\FileHandler' driver.
INFO - 2025-02-02 14:09:33 --> CLASS: \Site\Config\Info
DEBUG - 2025-02-02 14:09:36 --> Session: Class initialized using 'CodeIgniter\Session\Handlers\FileHandler' driver.
INFO - 2025-02-02 14:09:36 --> CLASS: \Site\Config\Info
DEBUG - 2025-02-02 14:09:37 --> Session: Class initialized using 'CodeIgniter\Session\Handlers\FileHandler' driver.
DEBUG - 2025-02-02 14:12:01 --> Session: Class initialized using 'CodeIgniter\Session\Handlers\FileHandler' driver.
INFO - 2025-02-02 14:12:01 --> CLASS: \Site\Config\Info
CRITICAL - 2025-02-02 14:12:01 --> ErrorException: Undefined array key "default"
[Method: GET, Route: admin/site/layouts]
in ROOTPATH\plugins\Site\Views\panel\layouts\index.php on line 74.
 1 ROOTPATH\plugins\Site\Views\panel\layouts\index.php(74): CodeIgniter\Debug\Exceptions->errorHandler(2, 'Undefined array key "default"', 'C:\\public_html\\kchurch\\plugins\\Site\\Views\\panel\\layouts\\index.php', 74)
 2 SYSTEMPATH\View\View.php(224): include('C:\\public_html\\kchurch\\plugins\\Site\\Views\\panel\\layouts\\index.php')
 3 SYSTEMPATH\View\View.php(227): CodeIgniter\View\View->CodeIgniter\View\{closure}()
 4 SYSTEMPATH\Common.php(1173): CodeIgniter\View\View->render('Site\\Views\\panel\\layouts\\index', [], true)
 5 ROOTPATH\plugins\Site\Controllers\BaseController.php(62): view('Site\\Views\\panel\\layouts\\index', [...])
 6 ROOTPATH\plugins\Site\Controllers\Panel\Layouts.php(35): Site\Controllers\BaseController->view('layouts\\index', [...])
 7 SYSTEMPATH\CodeIgniter.php(933): Site\Controllers\Panel\Layouts->index()
 8 SYSTEMPATH\CodeIgniter.php(507): CodeIgniter\CodeIgniter->runController(Object(Site\Controllers\Panel\Layouts))
 9 SYSTEMPATH\CodeIgniter.php(354): CodeIgniter\CodeIgniter->handleRequest(null, Object(Config\Cache), false)
10 SYSTEMPATH\Boot.php(334): CodeIgniter\CodeIgniter->run()
11 SYSTEMPATH\Boot.php(67): CodeIgniter\Boot::runCodeIgniter(Object(CodeIgniter\CodeIgniter))
12 FCPATH\index.php(63): CodeIgniter\Boot::bootWeb(Object(Config\Paths))
DEBUG - 2025-02-02 14:12:51 --> Session: Class initialized using 'CodeIgniter\Session\Handlers\FileHandler' driver.
INFO - 2025-02-02 14:12:51 --> CLASS: \Site\Config\Info
DEBUG - 2025-02-02 14:12:54 --> Session: Class initialized using 'CodeIgniter\Session\Handlers\FileHandler' driver.
INFO - 2025-02-02 14:12:54 --> CLASS: \Site\Config\Info
DEBUG - 2025-02-02 14:12:55 --> Session: Class initialized using 'CodeIgniter\Session\Handlers\FileHandler' driver.
DEBUG - 2025-02-02 14:13:30 --> Session: Class initialized using 'CodeIgniter\Session\Handlers\FileHandler' driver.
INFO - 2025-02-02 14:13:30 --> CLASS: \Site\Config\Info
DEBUG - 2025-02-02 14:13:33 --> Session: Class initialized using 'CodeIgniter\Session\Handlers\FileHandler' driver.
INFO - 2025-02-02 14:13:33 --> CLASS: \Site\Config\Info
DEBUG - 2025-02-02 14:13:35 --> Session: Class initialized using 'CodeIgniter\Session\Handlers\FileHandler' driver.
DEBUG - 2025-02-02 17:17:56 --> Session: Class initialized using 'CodeIgniter\Session\Handlers\FileHandler' driver.
DEBUG - 2025-02-02 17:17:57 --> Session: Class initialized using 'CodeIgniter\Session\Handlers\FileHandler' driver.
INFO - 2025-02-02 17:17:58 --> CLASS: \Site\Config\Info
DEBUG - 2025-02-02 17:18:09 --> Session: Class initialized using 'CodeIgniter\Session\Handlers\FileHandler' driver.
DEBUG - 2025-02-02 17:18:13 --> Session: Class initialized using 'CodeIgniter\Session\Handlers\FileHandler' driver.
INFO - 2025-02-02 17:18:13 --> CSRF token verified.
INFO - 2025-02-02 17:18:13 --> CLASS: \Site\Config\Info
DEBUG - 2025-02-02 17:18:15 --> Session: Class initialized using 'CodeIgniter\Session\Handlers\FileHandler' driver.
INFO - 2025-02-02 17:18:16 --> CLASS: \Site\Config\Info
DEBUG - 2025-02-02 17:18:18 --> Session: Class initialized using 'CodeIgniter\Session\Handlers\FileHandler' driver.
INFO - 2025-02-02 17:18:18 --> CLASS: \Site\Config\Info
DEBUG - 2025-02-02 17:18:20 --> Session: Class initialized using 'CodeIgniter\Session\Handlers\FileHandler' driver.
DEBUG - 2025-02-02 17:23:30 --> Session: Class initialized using 'CodeIgniter\Session\Handlers\FileHandler' driver.
INFO - 2025-02-02 17:23:30 --> CLASS: \Site\Config\Info
DEBUG - 2025-02-02 17:23:33 --> Session: Class initialized using 'CodeIgniter\Session\Handlers\FileHandler' driver.
INFO - 2025-02-02 17:23:34 --> CLASS: \Site\Config\Info
DEBUG - 2025-02-02 17:23:36 --> Session: Class initialized using 'CodeIgniter\Session\Handlers\FileHandler' driver.
DEBUG - 2025-02-02 17:24:21 --> Session: Class initialized using 'CodeIgniter\Session\Handlers\FileHandler' driver.
INFO - 2025-02-02 17:24:21 --> CLASS: \Site\Config\Info
DEBUG - 2025-02-02 17:24:23 --> Session: Class initialized using 'CodeIgniter\Session\Handlers\FileHandler' driver.
INFO - 2025-02-02 17:24:23 --> CLASS: \Site\Config\Info
DEBUG - 2025-02-02 17:24:25 --> Session: Class initialized using 'CodeIgniter\Session\Handlers\FileHandler' driver.
DEBUG - 2025-02-02 17:25:26 --> Session: Class initialized using 'CodeIgniter\Session\Handlers\FileHandler' driver.
INFO - 2025-02-02 17:25:27 --> CLASS: \Site\Config\Info
DEBUG - 2025-02-02 17:25:28 --> Session: Class initialized using 'CodeIgniter\Session\Handlers\FileHandler' driver.
INFO - 2025-02-02 17:25:28 --> CLASS: \Site\Config\Info
DEBUG - 2025-02-02 17:25:30 --> Session: Class initialized using 'CodeIgniter\Session\Handlers\FileHandler' driver.
DEBUG - 2025-02-02 17:25:59 --> Session: Class initialized using 'CodeIgniter\Session\Handlers\FileHandler' driver.
INFO - 2025-02-02 17:25:59 --> CLASS: \Site\Config\Info
DEBUG - 2025-02-02 17:26:01 --> Session: Class initialized using 'CodeIgniter\Session\Handlers\FileHandler' driver.
INFO - 2025-02-02 17:26:01 --> CLASS: \Site\Config\Info
DEBUG - 2025-02-02 17:26:05 --> Session: Class initialized using 'CodeIgniter\Session\Handlers\FileHandler' driver.
INFO - 2025-02-02 17:26:05 --> CLASS: \Site\Config\Info
DEBUG - 2025-02-02 17:26:08 --> Session: Class initialized using 'CodeIgniter\Session\Handlers\FileHandler' driver.
DEBUG - 2025-02-02 17:26:20 --> Session: Class initialized using 'CodeIgniter\Session\Handlers\FileHandler' driver.
INFO - 2025-02-02 17:26:20 --> CLASS: \Site\Config\Info
DEBUG - 2025-02-02 17:26:24 --> Session: Class initialized using 'CodeIgniter\Session\Handlers\FileHandler' driver.
INFO - 2025-02-02 17:26:24 --> CLASS: \Site\Config\Info
DEBUG - 2025-02-02 17:26:25 --> Session: Class initialized using 'CodeIgniter\Session\Handlers\FileHandler' driver.
DEBUG - 2025-02-02 22:24:43 --> Session: Class initialized using 'CodeIgniter\Session\Handlers\FileHandler' driver.
DEBUG - 2025-02-02 22:24:48 --> Session: Class initialized using 'CodeIgniter\Session\Handlers\FileHandler' driver.
INFO - 2025-02-02 22:24:51 --> CLASS: \Site\Config\Info
DEBUG - 2025-02-02 22:25:09 --> Session: Class initialized using 'CodeIgniter\Session\Handlers\FileHandler' driver.
DEBUG - 2025-02-02 22:26:19 --> Session: Class initialized using 'CodeIgniter\Session\Handlers\FileHandler' driver.
INFO - 2025-02-02 22:26:19 --> CSRF token verified.
INFO - 2025-02-02 22:26:19 --> CLASS: \Site\Config\Info
DEBUG - 2025-02-02 22:26:22 --> Session: Class initialized using 'CodeIgniter\Session\Handlers\FileHandler' driver.
INFO - 2025-02-02 22:26:22 --> CLASS: \Site\Config\Info
CRITICAL - 2025-02-02 22:26:22 --> ErrorException: Undefined variable $layouts
[Method: GET, Route: admin/site/layout/1]
in ROOTPATH\plugins\Site\Views\panel\layouts\index.php on line 51.
 1 ROOTPATH\plugins\Site\Views\panel\layouts\index.php(51): CodeIgniter\Debug\Exceptions->errorHandler(2, 'Undefined variable $layouts', 'C:\\public_html\\kchurch\\plugins\\Site\\Views\\panel\\layouts\\index.php', 51)
 2 SYSTEMPATH\View\View.php(224): include('C:\\public_html\\kchurch\\plugins\\Site\\Views\\panel\\layouts\\index.php')
 3 SYSTEMPATH\View\View.php(227): CodeIgniter\View\View->CodeIgniter\View\{closure}()
 4 SYSTEMPATH\Common.php(1173): CodeIgniter\View\View->render('Site\\Views\\panel\\layouts\\index', [], true)
 5 ROOTPATH\plugins\Site\Controllers\BaseController.php(62): view('Site\\Views\\panel\\layouts\\index', [...])
 6 ROOTPATH\plugins\Site\Controllers\Panel\Layouts.php(76): Site\Controllers\BaseController->view('layouts\\index', [...])
 7 SYSTEMPATH\CodeIgniter.php(933): Site\Controllers\Panel\Layouts->layoutShow('1')
 8 SYSTEMPATH\CodeIgniter.php(507): CodeIgniter\CodeIgniter->runController(Object(Site\Controllers\Panel\Layouts))
 9 SYSTEMPATH\CodeIgniter.php(354): CodeIgniter\CodeIgniter->handleRequest(null, Object(Config\Cache), false)
10 SYSTEMPATH\Boot.php(334): CodeIgniter\CodeIgniter->run()
11 SYSTEMPATH\Boot.php(67): CodeIgniter\Boot::runCodeIgniter(Object(CodeIgniter\CodeIgniter))
12 FCPATH\index.php(63): CodeIgniter\Boot::bootWeb(Object(Config\Paths))
DEBUG - 2025-02-02 22:32:34 --> Session: Class initialized using 'CodeIgniter\Session\Handlers\FileHandler' driver.
INFO - 2025-02-02 22:32:34 --> CLASS: \Site\Config\Info
DEBUG - 2025-02-02 22:32:37 --> Session: Class initialized using 'CodeIgniter\Session\Handlers\FileHandler' driver.
INFO - 2025-02-02 22:32:38 --> CLASS: \Site\Config\Info
DEBUG - 2025-02-02 22:32:39 --> Session: Class initialized using 'CodeIgniter\Session\Handlers\FileHandler' driver.
INFO - 2025-02-02 22:32:40 --> CLASS: \Site\Config\Info
DEBUG - 2025-02-02 22:32:41 --> Session: Class initialized using 'CodeIgniter\Session\Handlers\FileHandler' driver.
DEBUG - 2025-02-02 22:36:27 --> Session: Class initialized using 'CodeIgniter\Session\Handlers\FileHandler' driver.
INFO - 2025-02-02 22:36:27 --> CLASS: \Site\Config\Info
CRITICAL - 2025-02-02 22:36:27 --> ErrorException: Undefined variable $layout
[Method: GET, Route: admin/site/layout/1]
in ROOTPATH\plugins\Site\Views\panel\layouts\layout.php on line 63.
 1 ROOTPATH\plugins\Site\Views\panel\layouts\layout.php(63): CodeIgniter\Debug\Exceptions->errorHandler(2, 'Undefined variable $layout', 'C:\\public_html\\kchurch\\plugins\\Site\\Views\\panel\\layouts\\layout.php', 63)
 2 SYSTEMPATH\View\View.php(224): include('C:\\public_html\\kchurch\\plugins\\Site\\Views\\panel\\layouts\\layout.php')
 3 SYSTEMPATH\View\View.php(227): CodeIgniter\View\View->CodeIgniter\View\{closure}()
 4 SYSTEMPATH\Common.php(1173): CodeIgniter\View\View->render('Site\\Views\\panel\\layouts\\layout', [], true)
 5 ROOTPATH\plugins\Site\Controllers\BaseController.php(62): view('Site\\Views\\panel\\layouts\\layout', [...])
 6 ROOTPATH\plugins\Site\Controllers\Panel\Layouts.php(77): Site\Controllers\BaseController->view('layouts\\layout', [...])
 7 SYSTEMPATH\CodeIgniter.php(933): Site\Controllers\Panel\Layouts->layoutShow('1')
 8 SYSTEMPATH\CodeIgniter.php(507): CodeIgniter\CodeIgniter->runController(Object(Site\Controllers\Panel\Layouts))
 9 SYSTEMPATH\CodeIgniter.php(354): CodeIgniter\CodeIgniter->handleRequest(null, Object(Config\Cache), false)
10 SYSTEMPATH\Boot.php(334): CodeIgniter\CodeIgniter->run()
11 SYSTEMPATH\Boot.php(67): CodeIgniter\Boot::runCodeIgniter(Object(CodeIgniter\CodeIgniter))
12 FCPATH\index.php(63): CodeIgniter\Boot::bootWeb(Object(Config\Paths))
DEBUG - 2025-02-02 22:37:13 --> Session: Class initialized using 'CodeIgniter\Session\Handlers\FileHandler' driver.
INFO - 2025-02-02 22:37:13 --> CLASS: \Site\Config\Info
CRITICAL - 2025-02-02 22:37:13 --> ErrorException: Undefined array key "default"
[Method: GET, Route: admin/site/layout/1]
in ROOTPATH\plugins\Site\Views\panel\layouts\layout.php on line 66.
 1 ROOTPATH\plugins\Site\Views\panel\layouts\layout.php(66): CodeIgniter\Debug\Exceptions->errorHandler(2, 'Undefined array key "default"', 'C:\\public_html\\kchurch\\plugins\\Site\\Views\\panel\\layouts\\layout.php', 66)
 2 SYSTEMPATH\View\View.php(224): include('C:\\public_html\\kchurch\\plugins\\Site\\Views\\panel\\layouts\\layout.php')
 3 SYSTEMPATH\View\View.php(227): CodeIgniter\View\View->CodeIgniter\View\{closure}()
 4 SYSTEMPATH\Common.php(1173): CodeIgniter\View\View->render('Site\\Views\\panel\\layouts\\layout', [], true)
 5 ROOTPATH\plugins\Site\Controllers\BaseController.php(62): view('Site\\Views\\panel\\layouts\\layout', [...])
 6 ROOTPATH\plugins\Site\Controllers\Panel\Layouts.php(77): Site\Controllers\BaseController->view('layouts\\layout', [...])
 7 SYSTEMPATH\CodeIgniter.php(933): Site\Controllers\Panel\Layouts->layoutShow('1')
 8 SYSTEMPATH\CodeIgniter.php(507): CodeIgniter\CodeIgniter->runController(Object(Site\Controllers\Panel\Layouts))
 9 SYSTEMPATH\CodeIgniter.php(354): CodeIgniter\CodeIgniter->handleRequest(null, Object(Config\Cache), false)
10 SYSTEMPATH\Boot.php(334): CodeIgniter\CodeIgniter->run()
11 SYSTEMPATH\Boot.php(67): CodeIgniter\Boot::runCodeIgniter(Object(CodeIgniter\CodeIgniter))
12 FCPATH\index.php(63): CodeIgniter\Boot::bootWeb(Object(Config\Paths))
DEBUG - 2025-02-02 22:38:29 --> Session: Class initialized using 'CodeIgniter\Session\Handlers\FileHandler' driver.
INFO - 2025-02-02 22:38:30 --> CLASS: \Site\Config\Info
CRITICAL - 2025-02-02 22:38:30 --> ErrorException: Undefined array key "default"
[Method: GET, Route: admin/site/layout/1]
in ROOTPATH\plugins\Site\Views\panel\layouts\layout.php on line 66.
 1 ROOTPATH\plugins\Site\Views\panel\layouts\layout.php(66): CodeIgniter\Debug\Exceptions->errorHandler(2, 'Undefined array key "default"', 'C:\\public_html\\kchurch\\plugins\\Site\\Views\\panel\\layouts\\layout.php', 66)
 2 SYSTEMPATH\View\View.php(224): include('C:\\public_html\\kchurch\\plugins\\Site\\Views\\panel\\layouts\\layout.php')
 3 SYSTEMPATH\View\View.php(227): CodeIgniter\View\View->CodeIgniter\View\{closure}()
 4 SYSTEMPATH\Common.php(1173): CodeIgniter\View\View->render('Site\\Views\\panel\\layouts\\layout', [], true)
 5 ROOTPATH\plugins\Site\Controllers\BaseController.php(62): view('Site\\Views\\panel\\layouts\\layout', [...])
 6 ROOTPATH\plugins\Site\Controllers\Panel\Layouts.php(78): Site\Controllers\BaseController->view('layouts\\layout', [...])
 7 SYSTEMPATH\CodeIgniter.php(933): Site\Controllers\Panel\Layouts->layoutShow('1')
 8 SYSTEMPATH\CodeIgniter.php(507): CodeIgniter\CodeIgniter->runController(Object(Site\Controllers\Panel\Layouts))
 9 SYSTEMPATH\CodeIgniter.php(354): CodeIgniter\CodeIgniter->handleRequest(null, Object(Config\Cache), false)
10 SYSTEMPATH\Boot.php(334): CodeIgniter\CodeIgniter->run()
11 SYSTEMPATH\Boot.php(67): CodeIgniter\Boot::runCodeIgniter(Object(CodeIgniter\CodeIgniter))
12 FCPATH\index.php(63): CodeIgniter\Boot::bootWeb(Object(Config\Paths))
DEBUG - 2025-02-02 22:40:41 --> Session: Class initialized using 'CodeIgniter\Session\Handlers\FileHandler' driver.
INFO - 2025-02-02 22:40:41 --> CLASS: \Site\Config\Info
CRITICAL - 2025-02-02 22:40:41 --> ErrorException: Undefined array key "default"
[Method: GET, Route: admin/site/layout/1]
in ROOTPATH\plugins\Site\Views\panel\layouts\layout.php on line 66.
 1 ROOTPATH\plugins\Site\Views\panel\layouts\layout.php(66): CodeIgniter\Debug\Exceptions->errorHandler(2, 'Undefined array key "default"', 'C:\\public_html\\kchurch\\plugins\\Site\\Views\\panel\\layouts\\layout.php', 66)
 2 SYSTEMPATH\View\View.php(224): include('C:\\public_html\\kchurch\\plugins\\Site\\Views\\panel\\layouts\\layout.php')
 3 SYSTEMPATH\View\View.php(227): CodeIgniter\View\View->CodeIgniter\View\{closure}()
 4 SYSTEMPATH\Common.php(1173): CodeIgniter\View\View->render('Site\\Views\\panel\\layouts\\layout', [], true)
 5 ROOTPATH\plugins\Site\Controllers\BaseController.php(62): view('Site\\Views\\panel\\layouts\\layout', [...])
 6 ROOTPATH\plugins\Site\Controllers\Panel\Layouts.php(78): Site\Controllers\BaseController->view('layouts\\layout', [...])
 7 SYSTEMPATH\CodeIgniter.php(933): Site\Controllers\Panel\Layouts->layoutShow('1')
 8 SYSTEMPATH\CodeIgniter.php(507): CodeIgniter\CodeIgniter->runController(Object(Site\Controllers\Panel\Layouts))
 9 SYSTEMPATH\CodeIgniter.php(354): CodeIgniter\CodeIgniter->handleRequest(null, Object(Config\Cache), false)
10 SYSTEMPATH\Boot.php(334): CodeIgniter\CodeIgniter->run()
11 SYSTEMPATH\Boot.php(67): CodeIgniter\Boot::runCodeIgniter(Object(CodeIgniter\CodeIgniter))
12 FCPATH\index.php(63): CodeIgniter\Boot::bootWeb(Object(Config\Paths))
DEBUG - 2025-02-02 22:40:59 --> Session: Class initialized using 'CodeIgniter\Session\Handlers\FileHandler' driver.
INFO - 2025-02-02 22:40:59 --> CLASS: \Site\Config\Info
CRITICAL - 2025-02-02 22:40:59 --> ErrorException: Undefined array key "default"
[Method: GET, Route: admin/site/layout/1]
in ROOTPATH\plugins\Site\Views\panel\layouts\layout.php on line 66.
 1 ROOTPATH\plugins\Site\Views\panel\layouts\layout.php(66): CodeIgniter\Debug\Exceptions->errorHandler(2, 'Undefined array key "default"', 'C:\\public_html\\kchurch\\plugins\\Site\\Views\\panel\\layouts\\layout.php', 66)
 2 SYSTEMPATH\View\View.php(224): include('C:\\public_html\\kchurch\\plugins\\Site\\Views\\panel\\layouts\\layout.php')
 3 SYSTEMPATH\View\View.php(227): CodeIgniter\View\View->CodeIgniter\View\{closure}()
 4 SYSTEMPATH\Common.php(1173): CodeIgniter\View\View->render('Site\\Views\\panel\\layouts\\layout', [], true)
 5 ROOTPATH\plugins\Site\Controllers\BaseController.php(62): view('Site\\Views\\panel\\layouts\\layout', [...])
 6 ROOTPATH\plugins\Site\Controllers\Panel\Layouts.php(78): Site\Controllers\BaseController->view('layouts\\layout', [...])
 7 SYSTEMPATH\CodeIgniter.php(933): Site\Controllers\Panel\Layouts->layoutShow('1')
 8 SYSTEMPATH\CodeIgniter.php(507): CodeIgniter\CodeIgniter->runController(Object(Site\Controllers\Panel\Layouts))
 9 SYSTEMPATH\CodeIgniter.php(354): CodeIgniter\CodeIgniter->handleRequest(null, Object(Config\Cache), false)
10 SYSTEMPATH\Boot.php(334): CodeIgniter\CodeIgniter->run()
11 SYSTEMPATH\Boot.php(67): CodeIgniter\Boot::runCodeIgniter(Object(CodeIgniter\CodeIgniter))
12 FCPATH\index.php(63): CodeIgniter\Boot::bootWeb(Object(Config\Paths))
DEBUG - 2025-02-02 22:41:39 --> Session: Class initialized using 'CodeIgniter\Session\Handlers\FileHandler' driver.
INFO - 2025-02-02 22:41:39 --> CLASS: \Site\Config\Info
DEBUG - 2025-02-02 22:41:44 --> Session: Class initialized using 'CodeIgniter\Session\Handlers\FileHandler' driver.
INFO - 2025-02-02 22:41:44 --> CLASS: \Site\Config\Info
DEBUG - 2025-02-02 22:41:47 --> Session: Class initialized using 'CodeIgniter\Session\Handlers\FileHandler' driver.
DEBUG - 2025-02-02 22:43:35 --> Session: Class initialized using 'CodeIgniter\Session\Handlers\FileHandler' driver.
INFO - 2025-02-02 22:43:35 --> CLASS: \Site\Config\Info
DEBUG - 2025-02-02 22:43:42 --> Session: Class initialized using 'CodeIgniter\Session\Handlers\FileHandler' driver.
INFO - 2025-02-02 22:43:42 --> CLASS: \Site\Config\Info
DEBUG - 2025-02-02 22:43:47 --> Session: Class initialized using 'CodeIgniter\Session\Handlers\FileHandler' driver.
