DEBUG - 2025-01-30 12:54:19 --> Session: Class initialized using 'CodeIgniter\Session\Handlers\FileHandler' driver.
DEBUG - 2025-01-30 12:54:20 --> Session: Class initialized using 'CodeIgniter\Session\Handlers\FileHandler' driver.
INFO - 2025-01-30 12:54:21 --> CLASS: \Site\Config\Info
DEBUG - 2025-01-30 12:54:28 --> Session: Class initialized using 'CodeIgniter\Session\Handlers\FileHandler' driver.
DEBUG - 2025-01-30 12:54:35 --> Session: Class initialized using 'CodeIgniter\Session\Handlers\FileHandler' driver.
DEBUG - 2025-01-30 12:54:35 --> Session: Class initialized using 'CodeIgniter\Session\Handlers\FileHandler' driver.
INFO - 2025-01-30 12:54:35 --> CLASS: \Site\Config\Info
DEBUG - 2025-01-30 12:54:38 --> Session: Class initialized using 'CodeIgniter\Session\Handlers\FileHandler' driver.
DEBUG - 2025-01-30 12:56:04 --> Session: Class initialized using 'CodeIgniter\Session\Handlers\FileHandler' driver.
INFO - 2025-01-30 12:56:04 --> CLASS: \Site\Config\Info
DEBUG - 2025-01-30 12:56:10 --> Session: Class initialized using 'CodeIgniter\Session\Handlers\FileHandler' driver.
DEBUG - 2025-01-30 13:03:41 --> Session: Class initialized using 'CodeIgniter\Session\Handlers\FileHandler' driver.
DEBUG - 2025-01-30 13:03:41 --> Session: Class initialized using 'CodeIgniter\Session\Handlers\FileHandler' driver.
INFO - 2025-01-30 13:03:41 --> CLASS: \Site\Config\Info
DEBUG - 2025-01-30 13:03:43 --> Session: Class initialized using 'CodeIgniter\Session\Handlers\FileHandler' driver.
DEBUG - 2025-01-30 13:03:46 --> Session: Class initialized using 'CodeIgniter\Session\Handlers\FileHandler' driver.
INFO - 2025-01-30 13:03:46 --> CSRF token verified.
INFO - 2025-01-30 13:03:46 --> CLASS: \Site\Config\Info
DEBUG - 2025-01-30 13:03:48 --> Session: Class initialized using 'CodeIgniter\Session\Handlers\FileHandler' driver.
INFO - 2025-01-30 13:03:49 --> CLASS: \Site\Config\Info
WARNING - 2025-01-30 13:03:49 --> [DEPRECATED] Implicit conversion from float 0.33333333333333326 to int loses precision in APPPATH\Models\CongregationModel.php on line 290.
 1 APPPATH\Models\CongregationModel.php(290): rand(0, 0.33333333333333326)
 2 APPPATH\Controllers\Panel\Dashboard.php(107): App\Models\CongregationModel->getCongregationsRound(3)
 3 APPPATH\Controllers\Panel\Dashboard.php(74): App\Controllers\Panel\Dashboard->getCongregations()
 4 SYSTEMPATH\CodeIgniter.php(933): App\Controllers\Panel\Dashboard->index()
 5 SYSTEMPATH\CodeIgniter.php(507): CodeIgniter\CodeIgniter->runController(Object(App\Controllers\Panel\Dashboard))
 6 SYSTEMPATH\CodeIgniter.php(354): CodeIgniter\CodeIgniter->handleRequest(null, Object(Config\Cache), false)
 7 SYSTEMPATH\Boot.php(334): CodeIgniter\CodeIgniter->run()
 8 SYSTEMPATH\Boot.php(67): CodeIgniter\Boot::runCodeIgniter(Object(CodeIgniter\CodeIgniter))
 9 FCPATH\index.php(56): CodeIgniter\Boot::bootWeb(Object(Config\Paths))
DEBUG - 2025-01-30 13:03:50 --> Session: Class initialized using 'CodeIgniter\Session\Handlers\FileHandler' driver.
INFO - 2025-01-30 13:03:50 --> CLASS: \Site\Config\Info
DEBUG - 2025-01-30 13:03:51 --> Session: Class initialized using 'CodeIgniter\Session\Handlers\FileHandler' driver.
DEBUG - 2025-01-30 13:20:00 --> Session: Class initialized using 'CodeIgniter\Session\Handlers\FileHandler' driver.
INFO - 2025-01-30 13:20:01 --> CLASS: \Site\Config\Info
DEBUG - 2025-01-30 13:20:03 --> Session: Class initialized using 'CodeIgniter\Session\Handlers\FileHandler' driver.
INFO - 2025-01-30 13:20:03 --> CLASS: \Site\Config\Info
DEBUG - 2025-01-30 13:20:08 --> Session: Class initialized using 'CodeIgniter\Session\Handlers\FileHandler' driver.
DEBUG - 2025-01-30 13:21:31 --> Session: Class initialized using 'CodeIgniter\Session\Handlers\FileHandler' driver.
INFO - 2025-01-30 13:21:31 --> CLASS: \Site\Config\Info
DEBUG - 2025-01-30 14:20:21 --> Session: Class initialized using 'CodeIgniter\Session\Handlers\FileHandler' driver.
INFO - 2025-01-30 14:20:21 --> CLASS: \Site\Config\Info
DEBUG - 2025-01-30 14:20:27 --> Session: Class initialized using 'CodeIgniter\Session\Handlers\FileHandler' driver.
DEBUG - 2025-01-30 14:20:44 --> Session: Class initialized using 'CodeIgniter\Session\Handlers\FileHandler' driver.
INFO - 2025-01-30 14:20:44 --> CLASS: \Site\Config\Info
DEBUG - 2025-01-30 14:21:13 --> Session: Class initialized using 'CodeIgniter\Session\Handlers\FileHandler' driver.
INFO - 2025-01-30 14:21:13 --> CLASS: \Site\Config\Info
DEBUG - 2025-01-30 14:21:21 --> Session: Class initialized using 'CodeIgniter\Session\Handlers\FileHandler' driver.
DEBUG - 2025-01-30 14:26:38 --> Session: Class initialized using 'CodeIgniter\Session\Handlers\FileHandler' driver.
INFO - 2025-01-30 14:26:38 --> CLASS: \Site\Config\Info
DEBUG - 2025-01-30 14:26:40 --> Session: Class initialized using 'CodeIgniter\Session\Handlers\FileHandler' driver.
DEBUG - 2025-01-30 14:27:53 --> Session: Class initialized using 'CodeIgniter\Session\Handlers\FileHandler' driver.
INFO - 2025-01-30 14:27:53 --> CLASS: \Site\Config\Info
WARNING - 2025-01-30 14:27:53 --> [DEPRECATED] Implicit conversion from float 0.33333333333333326 to int loses precision in APPPATH\Models\CongregationModel.php on line 290.
 1 APPPATH\Models\CongregationModel.php(290): rand(0, 0.33333333333333326)
 2 APPPATH\Controllers\Panel\Dashboard.php(107): App\Models\CongregationModel->getCongregationsRound(3)
 3 APPPATH\Controllers\Panel\Dashboard.php(74): App\Controllers\Panel\Dashboard->getCongregations()
 4 SYSTEMPATH\CodeIgniter.php(933): App\Controllers\Panel\Dashboard->index()
 5 SYSTEMPATH\CodeIgniter.php(507): CodeIgniter\CodeIgniter->runController(Object(App\Controllers\Panel\Dashboard))
 6 SYSTEMPATH\CodeIgniter.php(354): CodeIgniter\CodeIgniter->handleRequest(null, Object(Config\Cache), false)
 7 SYSTEMPATH\Boot.php(334): CodeIgniter\CodeIgniter->run()
 8 SYSTEMPATH\Boot.php(67): CodeIgniter\Boot::runCodeIgniter(Object(CodeIgniter\CodeIgniter))
 9 FCPATH\index.php(56): CodeIgniter\Boot::bootWeb(Object(Config\Paths))
DEBUG - 2025-01-30 14:27:55 --> Session: Class initialized using 'CodeIgniter\Session\Handlers\FileHandler' driver.
INFO - 2025-01-30 14:27:55 --> CLASS: \Site\Config\Info
DEBUG - 2025-01-30 14:27:56 --> Session: Class initialized using 'CodeIgniter\Session\Handlers\FileHandler' driver.
DEBUG - 2025-01-30 14:27:59 --> Session: Class initialized using 'CodeIgniter\Session\Handlers\FileHandler' driver.
INFO - 2025-01-30 14:27:59 --> CLASS: \Site\Config\Info
DEBUG - 2025-01-30 14:28:00 --> Session: Class initialized using 'CodeIgniter\Session\Handlers\FileHandler' driver.
INFO - 2025-01-30 14:28:00 --> CLASS: \Site\Config\Info
DEBUG - 2025-01-30 14:28:02 --> Session: Class initialized using 'CodeIgniter\Session\Handlers\FileHandler' driver.
DEBUG - 2025-01-30 14:28:05 --> Session: Class initialized using 'CodeIgniter\Session\Handlers\FileHandler' driver.
DEBUG - 2025-01-30 14:28:05 --> Session: Class initialized using 'CodeIgniter\Session\Handlers\FileHandler' driver.
INFO - 2025-01-30 14:28:05 --> CLASS: \Site\Config\Info
DEBUG - 2025-01-30 14:28:07 --> Session: Class initialized using 'CodeIgniter\Session\Handlers\FileHandler' driver.
DEBUG - 2025-01-30 14:37:57 --> Session: Class initialized using 'CodeIgniter\Session\Handlers\FileHandler' driver.
INFO - 2025-01-30 14:37:57 --> CLASS: \Site\Config\Info
DEBUG - 2025-01-30 14:37:59 --> Session: Class initialized using 'CodeIgniter\Session\Handlers\FileHandler' driver.
DEBUG - 2025-01-30 14:38:02 --> Session: Class initialized using 'CodeIgniter\Session\Handlers\FileHandler' driver.
DEBUG - 2025-01-30 14:38:02 --> Session: Class initialized using 'CodeIgniter\Session\Handlers\FileHandler' driver.
INFO - 2025-01-30 14:38:02 --> CLASS: \Site\Config\Info
DEBUG - 2025-01-30 14:38:04 --> Session: Class initialized using 'CodeIgniter\Session\Handlers\FileHandler' driver.
DEBUG - 2025-01-30 14:48:12 --> Session: Class initialized using 'CodeIgniter\Session\Handlers\FileHandler' driver.
INFO - 2025-01-30 14:48:12 --> CLASS: \Site\Config\Info
CRITICAL - 2025-01-30 17:48:13 --> Error: Class "Site\Config\Configuration" not found
[Method: GET, Route: /]
in ROOTPATH\writable\cache\FactoriesCache_config on line 826.
 1 SYSTEMPATH\Cache\FactoriesCache\FileVarExportHandler.php(44): include()
 2 SYSTEMPATH\Cache\FactoriesCache.php(54): CodeIgniter\Cache\FactoriesCache\FileVarExportHandler->get('FactoriesCache_config')
 3 SYSTEMPATH\Boot.php(308): CodeIgniter\Cache\FactoriesCache->load('config')
 4 SYSTEMPATH\Boot.php(61): CodeIgniter\Boot::loadConfigCache()
 5 FCPATH\index.php(56): CodeIgniter\Boot::bootWeb(Object(Config\Paths))
CRITICAL - 2025-01-30 17:48:13 --> Error: Class "Site\Config\Configuration" not found
[Method: GET, Route: uploads/logos/light.png]
in ROOTPATH\writable\cache\FactoriesCache_config on line 826.
 1 SYSTEMPATH\Cache\FactoriesCache\FileVarExportHandler.php(44): include()
 2 SYSTEMPATH\Cache\FactoriesCache.php(54): CodeIgniter\Cache\FactoriesCache\FileVarExportHandler->get('FactoriesCache_config')
 3 SYSTEMPATH\Boot.php(308): CodeIgniter\Cache\FactoriesCache->load('config')
 4 SYSTEMPATH\Boot.php(61): CodeIgniter\Boot::loadConfigCache()
 5 FCPATH\index.php(56): CodeIgniter\Boot::bootWeb(Object(Config\Paths))
CRITICAL - 2025-01-30 17:48:14 --> Error: Class "Site\Config\Configuration" not found
[Method: GET, Route: assets/img/front-pages/backgrounds/hero-bg-dark.png]
in ROOTPATH\writable\cache\FactoriesCache_config on line 826.
 1 SYSTEMPATH\Cache\FactoriesCache\FileVarExportHandler.php(44): include()
 2 SYSTEMPATH\Cache\FactoriesCache.php(54): CodeIgniter\Cache\FactoriesCache\FileVarExportHandler->get('FactoriesCache_config')
 3 SYSTEMPATH\Boot.php(308): CodeIgniter\Cache\FactoriesCache->load('config')
 4 SYSTEMPATH\Boot.php(61): CodeIgniter\Boot::loadConfigCache()
 5 FCPATH\index.php(56): CodeIgniter\Boot::bootWeb(Object(Config\Paths))
CRITICAL - 2025-01-30 17:48:14 --> Error: Class "Site\Config\Configuration" not found
[Method: GET, Route: assets/img/front-pages/backgrounds/footer-bg.png]
in ROOTPATH\writable\cache\FactoriesCache_config on line 826.
 1 SYSTEMPATH\Cache\FactoriesCache\FileVarExportHandler.php(44): include()
 2 SYSTEMPATH\Cache\FactoriesCache.php(54): CodeIgniter\Cache\FactoriesCache\FileVarExportHandler->get('FactoriesCache_config')
 3 SYSTEMPATH\Boot.php(308): CodeIgniter\Cache\FactoriesCache->load('config')
 4 SYSTEMPATH\Boot.php(61): CodeIgniter\Boot::loadConfigCache()
 5 FCPATH\index.php(56): CodeIgniter\Boot::bootWeb(Object(Config\Paths))
CRITICAL - 2025-01-30 17:48:16 --> Error: Class "Site\Config\Configuration" not found
[Method: GET, Route: about]
in ROOTPATH\writable\cache\FactoriesCache_config on line 826.
 1 SYSTEMPATH\Cache\FactoriesCache\FileVarExportHandler.php(44): include()
 2 SYSTEMPATH\Cache\FactoriesCache.php(54): CodeIgniter\Cache\FactoriesCache\FileVarExportHandler->get('FactoriesCache_config')
 3 SYSTEMPATH\Boot.php(308): CodeIgniter\Cache\FactoriesCache->load('config')
 4 SYSTEMPATH\Boot.php(61): CodeIgniter\Boot::loadConfigCache()
 5 FCPATH\index.php(56): CodeIgniter\Boot::bootWeb(Object(Config\Paths))
DEBUG - 2025-01-30 14:50:01 --> Session: Class initialized using 'CodeIgniter\Session\Handlers\FileHandler' driver.
DEBUG - 2025-01-30 14:50:01 --> Session: Class initialized using 'CodeIgniter\Session\Handlers\FileHandler' driver.
INFO - 2025-01-30 14:50:01 --> CLASS: \Site\Config\Info
DEBUG - 2025-01-30 14:50:03 --> Session: Class initialized using 'CodeIgniter\Session\Handlers\FileHandler' driver.
CRITICAL - 2025-01-30 14:50:17 --> Error: Call to undefined method Closure::__set_state()
[Method: CLI, Route: config:check/Registrar]
in ROOTPATH\writable\cache\FactoriesCache_config on line 875.
 1 SYSTEMPATH\Cache\FactoriesCache\FileVarExportHandler.php(44): include()
 2 SYSTEMPATH\Cache\FactoriesCache.php(54): CodeIgniter\Cache\FactoriesCache\FileVarExportHandler->get('FactoriesCache_config')
 3 SYSTEMPATH\Commands\Utilities\ConfigCheck.php(97): CodeIgniter\Cache\FactoriesCache->load('config')
 4 SYSTEMPATH\CLI\Commands.php(70): CodeIgniter\Commands\Utilities\ConfigCheck->run([...])
 5 SYSTEMPATH\CLI\Console.php(48): CodeIgniter\CLI\Commands->run('config:check', [...])
 6 SYSTEMPATH\Boot.php(360): CodeIgniter\CLI\Console->run()
 7 SYSTEMPATH\Boot.php(104): CodeIgniter\Boot::runCommand(Object(CodeIgniter\CLI\Console))
 8 ROOTPATH\spark(84): CodeIgniter\Boot::bootSpark(Object(Config\Paths))
DEBUG - 2025-01-30 14:50:40 --> Session: Class initialized using 'CodeIgniter\Session\Handlers\FileHandler' driver.
INFO - 2025-01-30 14:50:40 --> CLASS: \Site\Config\Info
CRITICAL - 2025-01-30 17:50:41 --> Error: Call to undefined method Closure::__set_state()
[Method: GET, Route: /]
in ROOTPATH\writable\cache\FactoriesCache_config on line 865.
 1 SYSTEMPATH\Cache\FactoriesCache\FileVarExportHandler.php(44): include()
 2 SYSTEMPATH\Cache\FactoriesCache.php(54): CodeIgniter\Cache\FactoriesCache\FileVarExportHandler->get('FactoriesCache_config')
 3 SYSTEMPATH\Boot.php(308): CodeIgniter\Cache\FactoriesCache->load('config')
 4 SYSTEMPATH\Boot.php(61): CodeIgniter\Boot::loadConfigCache()
 5 FCPATH\index.php(56): CodeIgniter\Boot::bootWeb(Object(Config\Paths))
CRITICAL - 2025-01-30 17:50:41 --> Error: Call to undefined method Closure::__set_state()
[Method: GET, Route: assets/js/pages-auth.js]
in ROOTPATH\writable\cache\FactoriesCache_config on line 865.
 1 SYSTEMPATH\Cache\FactoriesCache\FileVarExportHandler.php(44): include()
 2 SYSTEMPATH\Cache\FactoriesCache.php(54): CodeIgniter\Cache\FactoriesCache\FileVarExportHandler->get('FactoriesCache_config')
 3 SYSTEMPATH\Boot.php(308): CodeIgniter\Cache\FactoriesCache->load('config')
 4 SYSTEMPATH\Boot.php(61): CodeIgniter\Boot::loadConfigCache()
 5 FCPATH\index.php(56): CodeIgniter\Boot::bootWeb(Object(Config\Paths))
CRITICAL - 2025-01-30 17:50:43 --> Error: Call to undefined method Closure::__set_state()
[Method: GET, Route: /]
in ROOTPATH\writable\cache\FactoriesCache_config on line 865.
 1 SYSTEMPATH\Cache\FactoriesCache\FileVarExportHandler.php(44): include()
 2 SYSTEMPATH\Cache\FactoriesCache.php(54): CodeIgniter\Cache\FactoriesCache\FileVarExportHandler->get('FactoriesCache_config')
 3 SYSTEMPATH\Boot.php(308): CodeIgniter\Cache\FactoriesCache->load('config')
 4 SYSTEMPATH\Boot.php(61): CodeIgniter\Boot::loadConfigCache()
 5 FCPATH\index.php(56): CodeIgniter\Boot::bootWeb(Object(Config\Paths))
DEBUG - 2025-01-30 14:51:27 --> Session: Class initialized using 'CodeIgniter\Session\Handlers\FileHandler' driver.
INFO - 2025-01-30 14:51:27 --> CLASS: \Site\Config\Info
CRITICAL - 2025-01-30 17:51:28 --> Error: Class "Site\Config\Configuration" not found
[Method: GET, Route: uploads/logos/light.png]
in ROOTPATH\writable\cache\FactoriesCache_config on line 826.
 1 SYSTEMPATH\Cache\FactoriesCache\FileVarExportHandler.php(44): include()
 2 SYSTEMPATH\Cache\FactoriesCache.php(54): CodeIgniter\Cache\FactoriesCache\FileVarExportHandler->get('FactoriesCache_config')
 3 SYSTEMPATH\Boot.php(308): CodeIgniter\Cache\FactoriesCache->load('config')
 4 SYSTEMPATH\Boot.php(61): CodeIgniter\Boot::loadConfigCache()
 5 FCPATH\index.php(56): CodeIgniter\Boot::bootWeb(Object(Config\Paths))
CRITICAL - 2025-01-30 17:51:28 --> Error: Class "Site\Config\Configuration" not found
[Method: GET, Route: /]
in ROOTPATH\writable\cache\FactoriesCache_config on line 826.
 1 SYSTEMPATH\Cache\FactoriesCache\FileVarExportHandler.php(44): include()
 2 SYSTEMPATH\Cache\FactoriesCache.php(54): CodeIgniter\Cache\FactoriesCache\FileVarExportHandler->get('FactoriesCache_config')
 3 SYSTEMPATH\Boot.php(308): CodeIgniter\Cache\FactoriesCache->load('config')
 4 SYSTEMPATH\Boot.php(61): CodeIgniter\Boot::loadConfigCache()
 5 FCPATH\index.php(56): CodeIgniter\Boot::bootWeb(Object(Config\Paths))
CRITICAL - 2025-01-30 17:51:30 --> Error: Class "Site\Config\Configuration" not found
[Method: GET, Route: about]
in ROOTPATH\writable\cache\FactoriesCache_config on line 826.
 1 SYSTEMPATH\Cache\FactoriesCache\FileVarExportHandler.php(44): include()
 2 SYSTEMPATH\Cache\FactoriesCache.php(54): CodeIgniter\Cache\FactoriesCache\FileVarExportHandler->get('FactoriesCache_config')
 3 SYSTEMPATH\Boot.php(308): CodeIgniter\Cache\FactoriesCache->load('config')
 4 SYSTEMPATH\Boot.php(61): CodeIgniter\Boot::loadConfigCache()
 5 FCPATH\index.php(56): CodeIgniter\Boot::bootWeb(Object(Config\Paths))
CRITICAL - 2025-01-30 17:53:44 --> Error: Class "Site\Config\Configuration" not found
[Method: GET, Route: about]
in ROOTPATH\writable\cache\FactoriesCache_config on line 826.
 1 SYSTEMPATH\Cache\FactoriesCache\FileVarExportHandler.php(44): include()
 2 SYSTEMPATH\Cache\FactoriesCache.php(54): CodeIgniter\Cache\FactoriesCache\FileVarExportHandler->get('FactoriesCache_config')
 3 SYSTEMPATH\Boot.php(308): CodeIgniter\Cache\FactoriesCache->load('config')
 4 SYSTEMPATH\Boot.php(61): CodeIgniter\Boot::loadConfigCache()
 5 FCPATH\index.php(56): CodeIgniter\Boot::bootWeb(Object(Config\Paths))
CRITICAL - 2025-01-30 18:06:08 --> Error: Class "Site\Config\Configuration" not found
[Method: GET, Route: about]
in ROOTPATH\writable\cache\FactoriesCache_config on line 826.
 1 SYSTEMPATH\Cache\FactoriesCache\FileVarExportHandler.php(44): include()
 2 SYSTEMPATH\Cache\FactoriesCache.php(54): CodeIgniter\Cache\FactoriesCache\FileVarExportHandler->get('FactoriesCache_config')
 3 SYSTEMPATH\Boot.php(308): CodeIgniter\Cache\FactoriesCache->load('config')
 4 SYSTEMPATH\Boot.php(61): CodeIgniter\Boot::loadConfigCache()
 5 FCPATH\index.php(56): CodeIgniter\Boot::bootWeb(Object(Config\Paths))
CRITICAL - 2025-01-30 18:06:39 --> Error: Class "Site\Config\Configuration" not found
[Method: GET, Route: about]
in ROOTPATH\writable\cache\FactoriesCache_config on line 826.
 1 SYSTEMPATH\Cache\FactoriesCache\FileVarExportHandler.php(44): include()
 2 SYSTEMPATH\Cache\FactoriesCache.php(54): CodeIgniter\Cache\FactoriesCache\FileVarExportHandler->get('FactoriesCache_config')
 3 SYSTEMPATH\Boot.php(308): CodeIgniter\Cache\FactoriesCache->load('config')
 4 SYSTEMPATH\Boot.php(61): CodeIgniter\Boot::loadConfigCache()
 5 FCPATH\index.php(56): CodeIgniter\Boot::bootWeb(Object(Config\Paths))
DEBUG - 2025-01-30 15:10:18 --> Session: Class initialized using 'CodeIgniter\Session\Handlers\FileHandler' driver.
DEBUG - 2025-01-30 15:10:18 --> Session: Class initialized using 'CodeIgniter\Session\Handlers\FileHandler' driver.
INFO - 2025-01-30 15:10:18 --> CLASS: \Site\Config\Info
CRITICAL - 2025-01-30 18:10:19 --> Error: Call to undefined method Closure::__set_state()
[Method: GET, Route: /]
in ROOTPATH\writable\cache\FactoriesCache_config on line 865.
 1 SYSTEMPATH\Cache\FactoriesCache\FileVarExportHandler.php(44): include()
 2 SYSTEMPATH\Cache\FactoriesCache.php(54): CodeIgniter\Cache\FactoriesCache\FileVarExportHandler->get('FactoriesCache_config')
 3 SYSTEMPATH\Boot.php(308): CodeIgniter\Cache\FactoriesCache->load('config')
 4 SYSTEMPATH\Boot.php(61): CodeIgniter\Boot::loadConfigCache()
 5 FCPATH\index.php(56): CodeIgniter\Boot::bootWeb(Object(Config\Paths))
CRITICAL - 2025-01-30 18:10:19 --> Error: Call to undefined method Closure::__set_state()
[Method: GET, Route: assets/js/pages-auth.js]
in ROOTPATH\writable\cache\FactoriesCache_config on line 865.
 1 SYSTEMPATH\Cache\FactoriesCache\FileVarExportHandler.php(44): include()
 2 SYSTEMPATH\Cache\FactoriesCache.php(54): CodeIgniter\Cache\FactoriesCache\FileVarExportHandler->get('FactoriesCache_config')
 3 SYSTEMPATH\Boot.php(308): CodeIgniter\Cache\FactoriesCache->load('config')
 4 SYSTEMPATH\Boot.php(61): CodeIgniter\Boot::loadConfigCache()
 5 FCPATH\index.php(56): CodeIgniter\Boot::bootWeb(Object(Config\Paths))
CRITICAL - 2025-01-30 18:10:22 --> Error: Call to undefined method Closure::__set_state()
[Method: GET, Route: /]
in ROOTPATH\writable\cache\FactoriesCache_config on line 865.
 1 SYSTEMPATH\Cache\FactoriesCache\FileVarExportHandler.php(44): include()
 2 SYSTEMPATH\Cache\FactoriesCache.php(54): CodeIgniter\Cache\FactoriesCache\FileVarExportHandler->get('FactoriesCache_config')
 3 SYSTEMPATH\Boot.php(308): CodeIgniter\Cache\FactoriesCache->load('config')
 4 SYSTEMPATH\Boot.php(61): CodeIgniter\Boot::loadConfigCache()
 5 FCPATH\index.php(56): CodeIgniter\Boot::bootWeb(Object(Config\Paths))
DEBUG - 2025-01-30 15:11:25 --> Session: Class initialized using 'CodeIgniter\Session\Handlers\FileHandler' driver.
INFO - 2025-01-30 15:11:25 --> CLASS: \Site\Config\Info
CRITICAL - 2025-01-30 18:11:26 --> Error: Call to undefined method Closure::__set_state()
[Method: GET, Route: uploads/logos/light.png]
in ROOTPATH\writable\cache\FactoriesCache_config on line 865.
 1 SYSTEMPATH\Cache\FactoriesCache\FileVarExportHandler.php(44): include()
 2 SYSTEMPATH\Cache\FactoriesCache.php(54): CodeIgniter\Cache\FactoriesCache\FileVarExportHandler->get('FactoriesCache_config')
 3 SYSTEMPATH\Boot.php(308): CodeIgniter\Cache\FactoriesCache->load('config')
 4 SYSTEMPATH\Boot.php(61): CodeIgniter\Boot::loadConfigCache()
 5 FCPATH\index.php(56): CodeIgniter\Boot::bootWeb(Object(Config\Paths))
CRITICAL - 2025-01-30 18:11:26 --> Error: Call to undefined method Closure::__set_state()
[Method: GET, Route: /]
in ROOTPATH\writable\cache\FactoriesCache_config on line 865.
 1 SYSTEMPATH\Cache\FactoriesCache\FileVarExportHandler.php(44): include()
 2 SYSTEMPATH\Cache\FactoriesCache.php(54): CodeIgniter\Cache\FactoriesCache\FileVarExportHandler->get('FactoriesCache_config')
 3 SYSTEMPATH\Boot.php(308): CodeIgniter\Cache\FactoriesCache->load('config')
 4 SYSTEMPATH\Boot.php(61): CodeIgniter\Boot::loadConfigCache()
 5 FCPATH\index.php(56): CodeIgniter\Boot::bootWeb(Object(Config\Paths))
CRITICAL - 2025-01-30 18:11:27 --> Error: Call to undefined method Closure::__set_state()
[Method: GET, Route: assets/img/front-pages/backgrounds/hero-bg-dark.png]
in ROOTPATH\writable\cache\FactoriesCache_config on line 865.
 1 SYSTEMPATH\Cache\FactoriesCache\FileVarExportHandler.php(44): include()
 2 SYSTEMPATH\Cache\FactoriesCache.php(54): CodeIgniter\Cache\FactoriesCache\FileVarExportHandler->get('FactoriesCache_config')
 3 SYSTEMPATH\Boot.php(308): CodeIgniter\Cache\FactoriesCache->load('config')
 4 SYSTEMPATH\Boot.php(61): CodeIgniter\Boot::loadConfigCache()
 5 FCPATH\index.php(56): CodeIgniter\Boot::bootWeb(Object(Config\Paths))
CRITICAL - 2025-01-30 18:11:27 --> Error: Call to undefined method Closure::__set_state()
[Method: GET, Route: assets/img/front-pages/backgrounds/footer-bg.png]
in ROOTPATH\writable\cache\FactoriesCache_config on line 865.
 1 SYSTEMPATH\Cache\FactoriesCache\FileVarExportHandler.php(44): include()
 2 SYSTEMPATH\Cache\FactoriesCache.php(54): CodeIgniter\Cache\FactoriesCache\FileVarExportHandler->get('FactoriesCache_config')
 3 SYSTEMPATH\Boot.php(308): CodeIgniter\Cache\FactoriesCache->load('config')
 4 SYSTEMPATH\Boot.php(61): CodeIgniter\Boot::loadConfigCache()
 5 FCPATH\index.php(56): CodeIgniter\Boot::bootWeb(Object(Config\Paths))
CRITICAL - 2025-01-30 18:11:30 --> Error: Call to undefined method Closure::__set_state()
[Method: GET, Route: about]
in ROOTPATH\writable\cache\FactoriesCache_config on line 865.
 1 SYSTEMPATH\Cache\FactoriesCache\FileVarExportHandler.php(44): include()
 2 SYSTEMPATH\Cache\FactoriesCache.php(54): CodeIgniter\Cache\FactoriesCache\FileVarExportHandler->get('FactoriesCache_config')
 3 SYSTEMPATH\Boot.php(308): CodeIgniter\Cache\FactoriesCache->load('config')
 4 SYSTEMPATH\Boot.php(61): CodeIgniter\Boot::loadConfigCache()
 5 FCPATH\index.php(56): CodeIgniter\Boot::bootWeb(Object(Config\Paths))
CRITICAL - 2025-01-30 18:12:38 --> Error: Call to undefined method Closure::__set_state()
[Method: GET, Route: about]
in ROOTPATH\writable\cache\FactoriesCache_config on line 865.
 1 SYSTEMPATH\Cache\FactoriesCache\FileVarExportHandler.php(44): include()
 2 SYSTEMPATH\Cache\FactoriesCache.php(54): CodeIgniter\Cache\FactoriesCache\FileVarExportHandler->get('FactoriesCache_config')
 3 SYSTEMPATH\Boot.php(308): CodeIgniter\Cache\FactoriesCache->load('config')
 4 SYSTEMPATH\Boot.php(61): CodeIgniter\Boot::loadConfigCache()
 5 FCPATH\index.php(56): CodeIgniter\Boot::bootWeb(Object(Config\Paths))
DEBUG - 2025-01-30 15:12:48 --> Session: Class initialized using 'CodeIgniter\Session\Handlers\FileHandler' driver.
DEBUG - 2025-01-30 15:12:48 --> Session: Class initialized using 'CodeIgniter\Session\Handlers\FileHandler' driver.
INFO - 2025-01-30 15:12:48 --> CLASS: \Site\Config\Info
CRITICAL - 2025-01-30 18:12:49 --> Error: Call to undefined method Closure::__set_state()
[Method: GET, Route: /]
in ROOTPATH\writable\cache\FactoriesCache_config on line 865.
 1 SYSTEMPATH\Cache\FactoriesCache\FileVarExportHandler.php(44): include()
 2 SYSTEMPATH\Cache\FactoriesCache.php(54): CodeIgniter\Cache\FactoriesCache\FileVarExportHandler->get('FactoriesCache_config')
 3 SYSTEMPATH\Boot.php(308): CodeIgniter\Cache\FactoriesCache->load('config')
 4 SYSTEMPATH\Boot.php(61): CodeIgniter\Boot::loadConfigCache()
 5 FCPATH\index.php(56): CodeIgniter\Boot::bootWeb(Object(Config\Paths))
CRITICAL - 2025-01-30 18:12:49 --> Error: Call to undefined method Closure::__set_state()
[Method: GET, Route: assets/js/pages-auth.js]
in ROOTPATH\writable\cache\FactoriesCache_config on line 865.
 1 SYSTEMPATH\Cache\FactoriesCache\FileVarExportHandler.php(44): include()
 2 SYSTEMPATH\Cache\FactoriesCache.php(54): CodeIgniter\Cache\FactoriesCache\FileVarExportHandler->get('FactoriesCache_config')
 3 SYSTEMPATH\Boot.php(308): CodeIgniter\Cache\FactoriesCache->load('config')
 4 SYSTEMPATH\Boot.php(61): CodeIgniter\Boot::loadConfigCache()
 5 FCPATH\index.php(56): CodeIgniter\Boot::bootWeb(Object(Config\Paths))
CRITICAL - 2025-01-30 18:12:52 --> Error: Call to undefined method Closure::__set_state()
[Method: GET, Route: /]
in ROOTPATH\writable\cache\FactoriesCache_config on line 865.
 1 SYSTEMPATH\Cache\FactoriesCache\FileVarExportHandler.php(44): include()
 2 SYSTEMPATH\Cache\FactoriesCache.php(54): CodeIgniter\Cache\FactoriesCache\FileVarExportHandler->get('FactoriesCache_config')
 3 SYSTEMPATH\Boot.php(308): CodeIgniter\Cache\FactoriesCache->load('config')
 4 SYSTEMPATH\Boot.php(61): CodeIgniter\Boot::loadConfigCache()
 5 FCPATH\index.php(56): CodeIgniter\Boot::bootWeb(Object(Config\Paths))
DEBUG - 2025-01-30 15:13:00 --> Session: Class initialized using 'CodeIgniter\Session\Handlers\FileHandler' driver.
INFO - 2025-01-30 15:13:00 --> CLASS: \Site\Config\Info
CRITICAL - 2025-01-30 18:13:01 --> Error: Call to undefined method Closure::__set_state()
[Method: GET, Route: uploads/logos/light.png]
in ROOTPATH\writable\cache\FactoriesCache_config on line 865.
 1 SYSTEMPATH\Cache\FactoriesCache\FileVarExportHandler.php(44): include()
 2 SYSTEMPATH\Cache\FactoriesCache.php(54): CodeIgniter\Cache\FactoriesCache\FileVarExportHandler->get('FactoriesCache_config')
 3 SYSTEMPATH\Boot.php(308): CodeIgniter\Cache\FactoriesCache->load('config')
 4 SYSTEMPATH\Boot.php(61): CodeIgniter\Boot::loadConfigCache()
 5 FCPATH\index.php(56): CodeIgniter\Boot::bootWeb(Object(Config\Paths))
CRITICAL - 2025-01-30 18:13:01 --> Error: Call to undefined method Closure::__set_state()
[Method: GET, Route: /]
in ROOTPATH\writable\cache\FactoriesCache_config on line 865.
 1 SYSTEMPATH\Cache\FactoriesCache\FileVarExportHandler.php(44): include()
 2 SYSTEMPATH\Cache\FactoriesCache.php(54): CodeIgniter\Cache\FactoriesCache\FileVarExportHandler->get('FactoriesCache_config')
 3 SYSTEMPATH\Boot.php(308): CodeIgniter\Cache\FactoriesCache->load('config')
 4 SYSTEMPATH\Boot.php(61): CodeIgniter\Boot::loadConfigCache()
 5 FCPATH\index.php(56): CodeIgniter\Boot::bootWeb(Object(Config\Paths))
CRITICAL - 2025-01-30 18:13:03 --> Error: Call to undefined method Closure::__set_state()
[Method: GET, Route: about]
in ROOTPATH\writable\cache\FactoriesCache_config on line 865.
 1 SYSTEMPATH\Cache\FactoriesCache\FileVarExportHandler.php(44): include()
 2 SYSTEMPATH\Cache\FactoriesCache.php(54): CodeIgniter\Cache\FactoriesCache\FileVarExportHandler->get('FactoriesCache_config')
 3 SYSTEMPATH\Boot.php(308): CodeIgniter\Cache\FactoriesCache->load('config')
 4 SYSTEMPATH\Boot.php(61): CodeIgniter\Boot::loadConfigCache()
 5 FCPATH\index.php(56): CodeIgniter\Boot::bootWeb(Object(Config\Paths))
DEBUG - 2025-01-30 15:13:16 --> Session: Class initialized using 'CodeIgniter\Session\Handlers\FileHandler' driver.
DEBUG - 2025-01-30 15:13:18 --> Session: Class initialized using 'CodeIgniter\Session\Handlers\FileHandler' driver.
INFO - 2025-01-30 15:13:18 --> CLASS: \Site\Config\Info
DEBUG - 2025-01-30 15:13:20 --> Session: Class initialized using 'CodeIgniter\Session\Handlers\FileHandler' driver.
DEBUG - 2025-01-30 15:13:22 --> Session: Class initialized using 'CodeIgniter\Session\Handlers\FileHandler' driver.
INFO - 2025-01-30 15:13:22 --> CLASS: \Site\Config\Info
DEBUG - 2025-01-30 15:13:24 --> Session: Class initialized using 'CodeIgniter\Session\Handlers\FileHandler' driver.
DEBUG - 2025-01-30 15:17:00 --> Session: Class initialized using 'CodeIgniter\Session\Handlers\FileHandler' driver.
INFO - 2025-01-30 15:17:00 --> CLASS: \Site\Config\Info
DEBUG - 2025-01-30 15:17:02 --> Session: Class initialized using 'CodeIgniter\Session\Handlers\FileHandler' driver.
DEBUG - 2025-01-30 15:17:03 --> Session: Class initialized using 'CodeIgniter\Session\Handlers\FileHandler' driver.
DEBUG - 2025-01-30 15:17:03 --> Session: Class initialized using 'CodeIgniter\Session\Handlers\FileHandler' driver.
INFO - 2025-01-30 15:17:03 --> CLASS: \Site\Config\Info
DEBUG - 2025-01-30 15:17:05 --> Session: Class initialized using 'CodeIgniter\Session\Handlers\FileHandler' driver.
DEBUG - 2025-01-30 15:21:43 --> Session: Class initialized using 'CodeIgniter\Session\Handlers\FileHandler' driver.
INFO - 2025-01-30 15:21:43 --> CLASS: \Site\Config\Info
DEBUG - 2025-01-30 15:21:45 --> Session: Class initialized using 'CodeIgniter\Session\Handlers\FileHandler' driver.
DEBUG - 2025-01-30 15:21:48 --> Session: Class initialized using 'CodeIgniter\Session\Handlers\FileHandler' driver.
DEBUG - 2025-01-30 15:21:48 --> Session: Class initialized using 'CodeIgniter\Session\Handlers\FileHandler' driver.
INFO - 2025-01-30 15:21:49 --> CLASS: \Site\Config\Info
DEBUG - 2025-01-30 15:21:51 --> Session: Class initialized using 'CodeIgniter\Session\Handlers\FileHandler' driver.
CRITICAL - 2025-01-30 15:41:24 --> ArgumentCountError: Too few arguments to function App\PluginsManager::__construct(), 0 passed in C:\public_html\kchurch\app\Services\PluginServiceProvider.php on line 14 and exactly 1 expected
[Method: GET, Route: /]
in APPPATH\PluginsManager.php on line 18.
 1 APPPATH\Services\PluginServiceProvider.php(14): App\PluginsManager->__construct()
 2 APPPATH\Config\Events.php(39): App\Services\PluginServiceProvider::registerPlugins()
 3 SYSTEMPATH\Events\Events.php(155): CodeIgniter\Events\Events::Config\{closure}()
 4 SYSTEMPATH\CodeIgniter.php(339): CodeIgniter\Events\Events::trigger('pre_system')
 5 SYSTEMPATH\Boot.php(334): CodeIgniter\CodeIgniter->run()
 6 SYSTEMPATH\Boot.php(67): CodeIgniter\Boot::runCodeIgniter(Object(CodeIgniter\CodeIgniter))
 7 FCPATH\index.php(56): CodeIgniter\Boot::bootWeb(Object(Config\Paths))
DEBUG - 2025-01-30 15:43:06 --> Session: Class initialized using 'CodeIgniter\Session\Handlers\FileHandler' driver.
INFO - 2025-01-30 15:43:06 --> CLASS: \Site\Config\Info
DEBUG - 2025-01-30 15:43:08 --> Session: Class initialized using 'CodeIgniter\Session\Handlers\FileHandler' driver.
CRITICAL - 2025-01-30 15:45:25 --> ErrorException: Access level to App\PluginsManager::loadHelpers() must be public (as in class CodeIgniter\Autoloader\Autoloader)
[Method: GET, Route: /]
in APPPATH\PluginsManager.php on line 41.
 1 [internal function]: CodeIgniter\Debug\Exceptions->shutdownHandler()
DEBUG - 2025-01-30 15:46:18 --> Session: Class initialized using 'CodeIgniter\Session\Handlers\FileHandler' driver.
INFO - 2025-01-30 15:46:18 --> CLASS: \Site\Config\Info
DEBUG - 2025-01-30 15:46:20 --> Session: Class initialized using 'CodeIgniter\Session\Handlers\FileHandler' driver.
DEBUG - 2025-01-30 16:20:54 --> Session: Class initialized using 'CodeIgniter\Session\Handlers\FileHandler' driver.
INFO - 2025-01-30 16:20:54 --> CLASS: \Site\Config\Info
DEBUG - 2025-01-30 16:21:07 --> Session: Class initialized using 'CodeIgniter\Session\Handlers\FileHandler' driver.
DEBUG - 2025-01-30 17:05:50 --> Session: Class initialized using 'CodeIgniter\Session\Handlers\FileHandler' driver.
INFO - 2025-01-30 17:05:50 --> CLASS: \Site\Config\Info
DEBUG - 2025-01-30 17:05:53 --> Session: Class initialized using 'CodeIgniter\Session\Handlers\FileHandler' driver.
DEBUG - 2025-01-30 17:06:57 --> Session: Class initialized using 'CodeIgniter\Session\Handlers\FileHandler' driver.
DEBUG - 2025-01-30 17:06:58 --> Session: Class initialized using 'CodeIgniter\Session\Handlers\FileHandler' driver.
INFO - 2025-01-30 17:06:58 --> CLASS: \Site\Config\Info
DEBUG - 2025-01-30 17:07:01 --> Session: Class initialized using 'CodeIgniter\Session\Handlers\FileHandler' driver.
DEBUG - 2025-01-30 17:10:58 --> Session: Class initialized using 'CodeIgniter\Session\Handlers\FileHandler' driver.
DEBUG - 2025-01-30 17:10:58 --> Session: Class initialized using 'CodeIgniter\Session\Handlers\FileHandler' driver.
INFO - 2025-01-30 17:10:58 --> CLASS: \Site\Config\Info
DEBUG - 2025-01-30 17:11:01 --> Session: Class initialized using 'CodeIgniter\Session\Handlers\FileHandler' driver.
DEBUG - 2025-01-30 17:11:04 --> Session: Class initialized using 'CodeIgniter\Session\Handlers\FileHandler' driver.
INFO - 2025-01-30 17:11:04 --> CLASS: \Site\Config\Info
DEBUG - 2025-01-30 17:11:06 --> Session: Class initialized using 'CodeIgniter\Session\Handlers\FileHandler' driver.
DEBUG - 2025-01-30 17:15:12 --> Session: Class initialized using 'CodeIgniter\Session\Handlers\FileHandler' driver.
INFO - 2025-01-30 17:15:12 --> CLASS: \Site\Config\Info
CRITICAL - 2025-01-30 20:15:12 --> Error: Call to undefined method Closure::__set_state()
[Method: GET, Route: /]
in ROOTPATH\writable\cache\FactoriesCache_config on line 865.
 1 SYSTEMPATH\Cache\FactoriesCache\FileVarExportHandler.php(44): include()
 2 SYSTEMPATH\Cache\FactoriesCache.php(54): CodeIgniter\Cache\FactoriesCache\FileVarExportHandler->get('FactoriesCache_config')
 3 SYSTEMPATH\Boot.php(308): CodeIgniter\Cache\FactoriesCache->load('config')
 4 SYSTEMPATH\Boot.php(61): CodeIgniter\Boot::loadConfigCache()
 5 FCPATH\index.php(56): CodeIgniter\Boot::bootWeb(Object(Config\Paths))
CRITICAL - 2025-01-30 20:15:12 --> Error: Call to undefined method Closure::__set_state()
[Method: GET, Route: uploads/logos/light.png]
in ROOTPATH\writable\cache\FactoriesCache_config on line 865.
 1 SYSTEMPATH\Cache\FactoriesCache\FileVarExportHandler.php(44): include()
 2 SYSTEMPATH\Cache\FactoriesCache.php(54): CodeIgniter\Cache\FactoriesCache\FileVarExportHandler->get('FactoriesCache_config')
 3 SYSTEMPATH\Boot.php(308): CodeIgniter\Cache\FactoriesCache->load('config')
 4 SYSTEMPATH\Boot.php(61): CodeIgniter\Boot::loadConfigCache()
 5 FCPATH\index.php(56): CodeIgniter\Boot::bootWeb(Object(Config\Paths))
CRITICAL - 2025-01-30 20:15:13 --> Error: Call to undefined method Closure::__set_state()
[Method: GET, Route: assets/img/front-pages/backgrounds/footer-bg.png]
in ROOTPATH\writable\cache\FactoriesCache_config on line 865.
 1 SYSTEMPATH\Cache\FactoriesCache\FileVarExportHandler.php(44): include()
 2 SYSTEMPATH\Cache\FactoriesCache.php(54): CodeIgniter\Cache\FactoriesCache\FileVarExportHandler->get('FactoriesCache_config')
 3 SYSTEMPATH\Boot.php(308): CodeIgniter\Cache\FactoriesCache->load('config')
 4 SYSTEMPATH\Boot.php(61): CodeIgniter\Boot::loadConfigCache()
 5 FCPATH\index.php(56): CodeIgniter\Boot::bootWeb(Object(Config\Paths))
CRITICAL - 2025-01-30 20:15:13 --> Error: Call to undefined method Closure::__set_state()
[Method: GET, Route: assets/img/front-pages/backgrounds/hero-bg-dark.png]
in ROOTPATH\writable\cache\FactoriesCache_config on line 865.
 1 SYSTEMPATH\Cache\FactoriesCache\FileVarExportHandler.php(44): include()
 2 SYSTEMPATH\Cache\FactoriesCache.php(54): CodeIgniter\Cache\FactoriesCache\FileVarExportHandler->get('FactoriesCache_config')
 3 SYSTEMPATH\Boot.php(308): CodeIgniter\Cache\FactoriesCache->load('config')
 4 SYSTEMPATH\Boot.php(61): CodeIgniter\Boot::loadConfigCache()
 5 FCPATH\index.php(56): CodeIgniter\Boot::bootWeb(Object(Config\Paths))
CRITICAL - 2025-01-30 20:15:14 --> Error: Call to undefined method Closure::__set_state()
[Method: GET, Route: about]
in ROOTPATH\writable\cache\FactoriesCache_config on line 865.
 1 SYSTEMPATH\Cache\FactoriesCache\FileVarExportHandler.php(44): include()
 2 SYSTEMPATH\Cache\FactoriesCache.php(54): CodeIgniter\Cache\FactoriesCache\FileVarExportHandler->get('FactoriesCache_config')
 3 SYSTEMPATH\Boot.php(308): CodeIgniter\Cache\FactoriesCache->load('config')
 4 SYSTEMPATH\Boot.php(61): CodeIgniter\Boot::loadConfigCache()
 5 FCPATH\index.php(56): CodeIgniter\Boot::bootWeb(Object(Config\Paths))
DEBUG - 2025-01-30 17:15:43 --> Session: Class initialized using 'CodeIgniter\Session\Handlers\FileHandler' driver.
DEBUG - 2025-01-30 17:15:43 --> Session: Class initialized using 'CodeIgniter\Session\Handlers\FileHandler' driver.
INFO - 2025-01-30 17:15:43 --> CLASS: \Site\Config\Info
CRITICAL - 2025-01-30 20:15:44 --> Error: Call to undefined method Closure::__set_state()
[Method: GET, Route: /]
in ROOTPATH\writable\cache\FactoriesCache_config on line 865.
 1 SYSTEMPATH\Cache\FactoriesCache\FileVarExportHandler.php(44): include()
 2 SYSTEMPATH\Cache\FactoriesCache.php(54): CodeIgniter\Cache\FactoriesCache\FileVarExportHandler->get('FactoriesCache_config')
 3 SYSTEMPATH\Boot.php(308): CodeIgniter\Cache\FactoriesCache->load('config')
 4 SYSTEMPATH\Boot.php(61): CodeIgniter\Boot::loadConfigCache()
 5 FCPATH\index.php(56): CodeIgniter\Boot::bootWeb(Object(Config\Paths))
CRITICAL - 2025-01-30 20:15:44 --> Error: Call to undefined method Closure::__set_state()
[Method: GET, Route: assets/js/pages-auth.js]
in ROOTPATH\writable\cache\FactoriesCache_config on line 865.
 1 SYSTEMPATH\Cache\FactoriesCache\FileVarExportHandler.php(44): include()
 2 SYSTEMPATH\Cache\FactoriesCache.php(54): CodeIgniter\Cache\FactoriesCache\FileVarExportHandler->get('FactoriesCache_config')
 3 SYSTEMPATH\Boot.php(308): CodeIgniter\Cache\FactoriesCache->load('config')
 4 SYSTEMPATH\Boot.php(61): CodeIgniter\Boot::loadConfigCache()
 5 FCPATH\index.php(56): CodeIgniter\Boot::bootWeb(Object(Config\Paths))
CRITICAL - 2025-01-30 20:15:47 --> Error: Call to undefined method Closure::__set_state()
[Method: GET, Route: /]
in ROOTPATH\writable\cache\FactoriesCache_config on line 865.
 1 SYSTEMPATH\Cache\FactoriesCache\FileVarExportHandler.php(44): include()
 2 SYSTEMPATH\Cache\FactoriesCache.php(54): CodeIgniter\Cache\FactoriesCache\FileVarExportHandler->get('FactoriesCache_config')
 3 SYSTEMPATH\Boot.php(308): CodeIgniter\Cache\FactoriesCache->load('config')
 4 SYSTEMPATH\Boot.php(61): CodeIgniter\Boot::loadConfigCache()
 5 FCPATH\index.php(56): CodeIgniter\Boot::bootWeb(Object(Config\Paths))
CRITICAL - 2025-01-30 20:15:49 --> Error: Call to undefined method Closure::__set_state()
[Method: GET, Route: /]
in ROOTPATH\writable\cache\FactoriesCache_config on line 865.
 1 SYSTEMPATH\Cache\FactoriesCache\FileVarExportHandler.php(44): include()
 2 SYSTEMPATH\Cache\FactoriesCache.php(54): CodeIgniter\Cache\FactoriesCache\FileVarExportHandler->get('FactoriesCache_config')
 3 SYSTEMPATH\Boot.php(308): CodeIgniter\Cache\FactoriesCache->load('config')
 4 SYSTEMPATH\Boot.php(61): CodeIgniter\Boot::loadConfigCache()
 5 FCPATH\index.php(56): CodeIgniter\Boot::bootWeb(Object(Config\Paths))
DEBUG - 2025-01-30 17:15:55 --> Session: Class initialized using 'CodeIgniter\Session\Handlers\FileHandler' driver.
INFO - 2025-01-30 17:15:55 --> CLASS: \Site\Config\Info
CRITICAL - 2025-01-30 20:15:55 --> Error: Call to undefined method Closure::__set_state()
[Method: GET, Route: uploads/logos/light.png]
in ROOTPATH\writable\cache\FactoriesCache_config on line 865.
 1 SYSTEMPATH\Cache\FactoriesCache\FileVarExportHandler.php(44): include()
 2 SYSTEMPATH\Cache\FactoriesCache.php(54): CodeIgniter\Cache\FactoriesCache\FileVarExportHandler->get('FactoriesCache_config')
 3 SYSTEMPATH\Boot.php(308): CodeIgniter\Cache\FactoriesCache->load('config')
 4 SYSTEMPATH\Boot.php(61): CodeIgniter\Boot::loadConfigCache()
 5 FCPATH\index.php(56): CodeIgniter\Boot::bootWeb(Object(Config\Paths))
CRITICAL - 2025-01-30 20:15:55 --> Error: Call to undefined method Closure::__set_state()
[Method: GET, Route: /]
in ROOTPATH\writable\cache\FactoriesCache_config on line 865.
 1 SYSTEMPATH\Cache\FactoriesCache\FileVarExportHandler.php(44): include()
 2 SYSTEMPATH\Cache\FactoriesCache.php(54): CodeIgniter\Cache\FactoriesCache\FileVarExportHandler->get('FactoriesCache_config')
 3 SYSTEMPATH\Boot.php(308): CodeIgniter\Cache\FactoriesCache->load('config')
 4 SYSTEMPATH\Boot.php(61): CodeIgniter\Boot::loadConfigCache()
 5 FCPATH\index.php(56): CodeIgniter\Boot::bootWeb(Object(Config\Paths))
CRITICAL - 2025-01-30 20:15:57 --> Error: Call to undefined method Closure::__set_state()
[Method: GET, Route: about]
in ROOTPATH\writable\cache\FactoriesCache_config on line 865.
 1 SYSTEMPATH\Cache\FactoriesCache\FileVarExportHandler.php(44): include()
 2 SYSTEMPATH\Cache\FactoriesCache.php(54): CodeIgniter\Cache\FactoriesCache\FileVarExportHandler->get('FactoriesCache_config')
 3 SYSTEMPATH\Boot.php(308): CodeIgniter\Cache\FactoriesCache->load('config')
 4 SYSTEMPATH\Boot.php(61): CodeIgniter\Boot::loadConfigCache()
 5 FCPATH\index.php(56): CodeIgniter\Boot::bootWeb(Object(Config\Paths))
CRITICAL - 2025-01-30 20:41:02 --> Error: Call to undefined method Closure::__set_state()
[Method: GET, Route: about]
in ROOTPATH\writable\cache\FactoriesCache_config on line 865.
 1 SYSTEMPATH\Cache\FactoriesCache\FileVarExportHandler.php(44): include()
 2 SYSTEMPATH\Cache\FactoriesCache.php(54): CodeIgniter\Cache\FactoriesCache\FileVarExportHandler->get('FactoriesCache_config')
 3 SYSTEMPATH\Boot.php(308): CodeIgniter\Cache\FactoriesCache->load('config')
 4 SYSTEMPATH\Boot.php(61): CodeIgniter\Boot::loadConfigCache()
 5 FCPATH\index.php(63): CodeIgniter\Boot::bootWeb(Object(Config\Paths))
DEBUG - 2025-01-30 19:15:21 --> Session: Class initialized using 'CodeIgniter\Session\Handlers\FileHandler' driver.
INFO - 2025-01-30 19:15:22 --> CLASS: \Site\Config\Info
DEBUG - 2025-01-30 19:15:25 --> Session: Class initialized using 'CodeIgniter\Session\Handlers\FileHandler' driver.
